CRITICAL - 2020-11-24 10:26:50 --> Undefined variable: labelAbsent
#0 D:\laragon\www\test1\app\Views\page\absent.php(14): CodeIgniter\Debug\Exceptions->errorHandler(8, 'Undefined varia...', 'D:\\laragon\\www\\...', 14, Array)
#1 D:\laragon\www\test1\vendor\codeigniter4\framework\system\View\View.php(246): include('D:\\laragon\\www\\...')
#2 D:\laragon\www\test1\vendor\codeigniter4\framework\system\Common.php(1026): CodeIgniter\View\View->render('page/absent', Array, true)
#3 D:\laragon\www\test1\app\Controllers\Absent.php(28): view('page/absent', Array)
#4 D:\laragon\www\test1\vendor\codeigniter4\framework\system\CodeIgniter.php(918): App\Controllers\Absent->check()
#5 D:\laragon\www\test1\vendor\codeigniter4\framework\system\CodeIgniter.php(404): CodeIgniter\CodeIgniter->runController(Object(App\Controllers\Absent))
#6 D:\laragon\www\test1\vendor\codeigniter4\framework\system\CodeIgniter.php(312): CodeIgniter\CodeIgniter->handleRequest(NULL, Object(Config\Cache), false)
#7 D:\laragon\www\test1\public\index.php(45): CodeIgniter\CodeIgniter->run()
#8 {main}
CRITICAL - 2020-11-24 10:32:11 --> Undefined offset: 2
#0 D:\laragon\www\test1\app\Helpers\date_helper.php(59): CodeIgniter\Debug\Exceptions->errorHandler(8, 'Undefined offse...', 'D:\\laragon\\www\\...', 59, Array)
#1 D:\laragon\www\test1\app\Views\absent\toggle.php(9): tgl_indo('24 Nov 2020')
#2 D:\laragon\www\test1\vendor\codeigniter4\framework\system\View\View.php(246): include('D:\\laragon\\www\\...')
#3 D:\laragon\www\test1\vendor\codeigniter4\framework\system\Common.php(1026): CodeIgniter\View\View->render('absent/toggle', Array, true)
#4 D:\laragon\www\test1\app\Controllers\Absent.php(26): view('absent/toggle')
#5 D:\laragon\www\test1\vendor\codeigniter4\framework\system\CodeIgniter.php(918): App\Controllers\Absent->check()
#6 D:\laragon\www\test1\vendor\codeigniter4\framework\system\CodeIgniter.php(404): CodeIgniter\CodeIgniter->runController(Object(App\Controllers\Absent))
#7 D:\laragon\www\test1\vendor\codeigniter4\framework\system\CodeIgniter.php(312): CodeIgniter\CodeIgniter->handleRequest(NULL, Object(Config\Cache), false)
#8 D:\laragon\www\test1\public\index.php(45): CodeIgniter\CodeIgniter->run()
#9 {main}
CRITICAL - 2020-11-24 10:32:20 --> Undefined offset: 2
#0 D:\laragon\www\test1\app\Helpers\date_helper.php(59): CodeIgniter\Debug\Exceptions->errorHandler(8, 'Undefined offse...', 'D:\\laragon\\www\\...', 59, Array)
#1 D:\laragon\www\test1\app\Views\absent\toggle.php(9): tgl_indo('2020 Nov 24')
#2 D:\laragon\www\test1\vendor\codeigniter4\framework\system\View\View.php(246): include('D:\\laragon\\www\\...')
#3 D:\laragon\www\test1\vendor\codeigniter4\framework\system\Common.php(1026): CodeIgniter\View\View->render('absent/toggle', Array, true)
#4 D:\laragon\www\test1\app\Controllers\Absent.php(26): view('absent/toggle')
#5 D:\laragon\www\test1\vendor\codeigniter4\framework\system\CodeIgniter.php(918): App\Controllers\Absent->check()
#6 D:\laragon\www\test1\vendor\codeigniter4\framework\system\CodeIgniter.php(404): CodeIgniter\CodeIgniter->runController(Object(App\Controllers\Absent))
#7 D:\laragon\www\test1\vendor\codeigniter4\framework\system\CodeIgniter.php(312): CodeIgniter\CodeIgniter->handleRequest(NULL, Object(Config\Cache), false)
#8 D:\laragon\www\test1\public\index.php(45): CodeIgniter\CodeIgniter->run()
#9 {main}
CRITICAL - 2020-11-24 10:32:21 --> Undefined offset: 2
#0 D:\laragon\www\test1\app\Helpers\date_helper.php(59): CodeIgniter\Debug\Exceptions->errorHandler(8, 'Undefined offse...', 'D:\\laragon\\www\\...', 59, Array)
#1 D:\laragon\www\test1\app\Views\absent\toggle.php(9): tgl_indo('2020 Nov 24')
#2 D:\laragon\www\test1\vendor\codeigniter4\framework\system\View\View.php(246): include('D:\\laragon\\www\\...')
#3 D:\laragon\www\test1\vendor\codeigniter4\framework\system\Common.php(1026): CodeIgniter\View\View->render('absent/toggle', Array, true)
#4 D:\laragon\www\test1\app\Controllers\Absent.php(26): view('absent/toggle')
#5 D:\laragon\www\test1\vendor\codeigniter4\framework\system\CodeIgniter.php(918): App\Controllers\Absent->check()
#6 D:\laragon\www\test1\vendor\codeigniter4\framework\system\CodeIgniter.php(404): CodeIgniter\CodeIgniter->runController(Object(App\Controllers\Absent))
#7 D:\laragon\www\test1\vendor\codeigniter4\framework\system\CodeIgniter.php(312): CodeIgniter\CodeIgniter->handleRequest(NULL, Object(Config\Cache), false)
#8 D:\laragon\www\test1\public\index.php(45): CodeIgniter\CodeIgniter->run()
#9 {main}
CRITICAL - 2020-11-24 10:32:58 --> Undefined offset: 0
#0 D:\laragon\www\test1\app\Helpers\date_helper.php(59): CodeIgniter\Debug\Exceptions->errorHandler(8, 'Undefined offse...', 'D:\\laragon\\www\\...', 59, Array)
#1 D:\laragon\www\test1\app\Views\absent\toggle.php(9): tgl_indo('2020-Nov-24')
#2 D:\laragon\www\test1\vendor\codeigniter4\framework\system\View\View.php(246): include('D:\\laragon\\www\\...')
#3 D:\laragon\www\test1\vendor\codeigniter4\framework\system\Common.php(1026): CodeIgniter\View\View->render('absent/toggle', Array, true)
#4 D:\laragon\www\test1\app\Controllers\Absent.php(26): view('absent/toggle')
#5 D:\laragon\www\test1\vendor\codeigniter4\framework\system\CodeIgniter.php(918): App\Controllers\Absent->check()
#6 D:\laragon\www\test1\vendor\codeigniter4\framework\system\CodeIgniter.php(404): CodeIgniter\CodeIgniter->runController(Object(App\Controllers\Absent))
#7 D:\laragon\www\test1\vendor\codeigniter4\framework\system\CodeIgniter.php(312): CodeIgniter\CodeIgniter->handleRequest(NULL, Object(Config\Cache), false)
#8 D:\laragon\www\test1\public\index.php(45): CodeIgniter\CodeIgniter->run()
#9 {main}
CRITICAL - 2020-11-24 10:34:50 --> Undefined property: CodeIgniter\View\View::$UserModel
#0 D:\laragon\www\test1\app\Views\absent\toggle.php(1): CodeIgniter\Debug\Exceptions->errorHandler(8, 'Undefined prope...', 'D:\\laragon\\www\\...', 1, Array)
#1 D:\laragon\www\test1\vendor\codeigniter4\framework\system\View\View.php(246): include('D:\\laragon\\www\\...')
#2 D:\laragon\www\test1\vendor\codeigniter4\framework\system\Common.php(1026): CodeIgniter\View\View->render('absent/toggle', Array, true)
#3 D:\laragon\www\test1\app\Controllers\Absent.php(26): view('absent/toggle')
#4 D:\laragon\www\test1\vendor\codeigniter4\framework\system\CodeIgniter.php(918): App\Controllers\Absent->check()
#5 D:\laragon\www\test1\vendor\codeigniter4\framework\system\CodeIgniter.php(404): CodeIgniter\CodeIgniter->runController(Object(App\Controllers\Absent))
#6 D:\laragon\www\test1\vendor\codeigniter4\framework\system\CodeIgniter.php(312): CodeIgniter\CodeIgniter->handleRequest(NULL, Object(Config\Cache), false)
#7 D:\laragon\www\test1\public\index.php(45): CodeIgniter\CodeIgniter->run()
#8 {main}
CRITICAL - 2020-11-24 10:37:48 --> Undefined variable: userModel
#0 D:\laragon\www\test1\app\Views\absent\toggle.php(2): CodeIgniter\Debug\Exceptions->errorHandler(8, 'Undefined varia...', 'D:\\laragon\\www\\...', 2, Array)
#1 D:\laragon\www\test1\vendor\codeigniter4\framework\system\View\View.php(246): include('D:\\laragon\\www\\...')
#2 D:\laragon\www\test1\vendor\codeigniter4\framework\system\Common.php(1026): CodeIgniter\View\View->render('absent/toggle', Array, true)
#3 D:\laragon\www\test1\app\Controllers\Absent.php(30): view('absent/toggle', Array)
#4 D:\laragon\www\test1\vendor\codeigniter4\framework\system\CodeIgniter.php(918): App\Controllers\Absent->check()
#5 D:\laragon\www\test1\vendor\codeigniter4\framework\system\CodeIgniter.php(404): CodeIgniter\CodeIgniter->runController(Object(App\Controllers\Absent))
#6 D:\laragon\www\test1\vendor\codeigniter4\framework\system\CodeIgniter.php(312): CodeIgniter\CodeIgniter->handleRequest(NULL, Object(Config\Cache), false)
#7 D:\laragon\www\test1\public\index.php(45): CodeIgniter\CodeIgniter->run()
#8 {main}
CRITICAL - 2020-11-24 10:44:39 --> A non well formed numeric value encountered
#0 D:\laragon\www\test1\app\Views\absent\toggle.php(4): CodeIgniter\Debug\Exceptions->errorHandler(8, 'A non well form...', 'D:\\laragon\\www\\...', 4, Array)
#1 D:\laragon\www\test1\vendor\codeigniter4\framework\system\View\View.php(246): include('D:\\laragon\\www\\...')
#2 D:\laragon\www\test1\vendor\codeigniter4\framework\system\Common.php(1026): CodeIgniter\View\View->render('absent/toggle', Array, true)
#3 D:\laragon\www\test1\app\Controllers\Absent.php(30): view('absent/toggle', Array)
#4 D:\laragon\www\test1\vendor\codeigniter4\framework\system\CodeIgniter.php(918): App\Controllers\Absent->check()
#5 D:\laragon\www\test1\vendor\codeigniter4\framework\system\CodeIgniter.php(404): CodeIgniter\CodeIgniter->runController(Object(App\Controllers\Absent))
#6 D:\laragon\www\test1\vendor\codeigniter4\framework\system\CodeIgniter.php(312): CodeIgniter\CodeIgniter->handleRequest(NULL, Object(Config\Cache), false)
#7 D:\laragon\www\test1\public\index.php(45): CodeIgniter\CodeIgniter->run()
#8 {main}
CRITICAL - 2020-11-24 10:45:13 --> A non well formed numeric value encountered
#0 D:\laragon\www\test1\app\Views\absent\toggle.php(4): CodeIgniter\Debug\Exceptions->errorHandler(8, 'A non well form...', 'D:\\laragon\\www\\...', 4, Array)
#1 D:\laragon\www\test1\vendor\codeigniter4\framework\system\View\View.php(246): include('D:\\laragon\\www\\...')
#2 D:\laragon\www\test1\vendor\codeigniter4\framework\system\Common.php(1026): CodeIgniter\View\View->render('absent/toggle', Array, true)
#3 D:\laragon\www\test1\app\Controllers\Absent.php(30): view('absent/toggle', Array)
#4 D:\laragon\www\test1\vendor\codeigniter4\framework\system\CodeIgniter.php(918): App\Controllers\Absent->check()
#5 D:\laragon\www\test1\vendor\codeigniter4\framework\system\CodeIgniter.php(404): CodeIgniter\CodeIgniter->runController(Object(App\Controllers\Absent))
#6 D:\laragon\www\test1\vendor\codeigniter4\framework\system\CodeIgniter.php(312): CodeIgniter\CodeIgniter->handleRequest(NULL, Object(Config\Cache), false)
#7 D:\laragon\www\test1\public\index.php(45): CodeIgniter\CodeIgniter->run()
#8 {main}
CRITICAL - 2020-11-24 10:47:35 --> Undefined index: toleransi_masuk
#0 D:\laragon\www\test1\app\Views\absent\toggle.php(4): CodeIgniter\Debug\Exceptions->errorHandler(8, 'Undefined index...', 'D:\\laragon\\www\\...', 4, Array)
#1 D:\laragon\www\test1\vendor\codeigniter4\framework\system\View\View.php(246): include('D:\\laragon\\www\\...')
#2 D:\laragon\www\test1\vendor\codeigniter4\framework\system\Common.php(1026): CodeIgniter\View\View->render('absent/toggle', Array, true)
#3 D:\laragon\www\test1\app\Controllers\Absent.php(30): view('absent/toggle', Array)
#4 D:\laragon\www\test1\vendor\codeigniter4\framework\system\CodeIgniter.php(918): App\Controllers\Absent->check()
#5 D:\laragon\www\test1\vendor\codeigniter4\framework\system\CodeIgniter.php(404): CodeIgniter\CodeIgniter->runController(Object(App\Controllers\Absent))
#6 D:\laragon\www\test1\vendor\codeigniter4\framework\system\CodeIgniter.php(312): CodeIgniter\CodeIgniter->handleRequest(NULL, Object(Config\Cache), false)
#7 D:\laragon\www\test1\public\index.php(45): CodeIgniter\CodeIgniter->run()
#8 {main}
CRITICAL - 2020-11-24 11:03:07 --> Undefined variable: btnKeluar
#0 D:\laragon\www\test1\app\Views\absent\toggle.php(54): CodeIgniter\Debug\Exceptions->errorHandler(8, 'Undefined varia...', 'D:\\laragon\\www\\...', 54, Array)
#1 D:\laragon\www\test1\vendor\codeigniter4\framework\system\View\View.php(246): include('D:\\laragon\\www\\...')
#2 D:\laragon\www\test1\vendor\codeigniter4\framework\system\Common.php(1026): CodeIgniter\View\View->render('absent/toggle', Array, true)
#3 D:\laragon\www\test1\app\Controllers\Absent.php(30): view('absent/toggle', Array)
#4 D:\laragon\www\test1\vendor\codeigniter4\framework\system\CodeIgniter.php(918): App\Controllers\Absent->check()
#5 D:\laragon\www\test1\vendor\codeigniter4\framework\system\CodeIgniter.php(404): CodeIgniter\CodeIgniter->runController(Object(App\Controllers\Absent))
#6 D:\laragon\www\test1\vendor\codeigniter4\framework\system\CodeIgniter.php(312): CodeIgniter\CodeIgniter->handleRequest(NULL, Object(Config\Cache), false)
#7 D:\laragon\www\test1\public\index.php(45): CodeIgniter\CodeIgniter->run()
#8 {main}
CRITICAL - 2020-11-24 11:37:18 --> Undefined index: in
#0 D:\laragon\www\test1\app\Views\page\listabsent.php(93): CodeIgniter\Debug\Exceptions->errorHandler(8, 'Undefined index...', 'D:\\laragon\\www\\...', 93, Array)
#1 D:\laragon\www\test1\vendor\codeigniter4\framework\system\View\View.php(246): include('D:\\laragon\\www\\...')
#2 D:\laragon\www\test1\vendor\codeigniter4\framework\system\Common.php(1026): CodeIgniter\View\View->render('page/listabsent', Array, true)
#3 D:\laragon\www\test1\app\Controllers\Absent.php(57): view('page/listabsent', Array)
#4 D:\laragon\www\test1\vendor\codeigniter4\framework\system\CodeIgniter.php(918): App\Controllers\Absent->listabsent()
#5 D:\laragon\www\test1\vendor\codeigniter4\framework\system\CodeIgniter.php(404): CodeIgniter\CodeIgniter->runController(Object(App\Controllers\Absent))
#6 D:\laragon\www\test1\vendor\codeigniter4\framework\system\CodeIgniter.php(312): CodeIgniter\CodeIgniter->handleRequest(NULL, Object(Config\Cache), false)
#7 D:\laragon\www\test1\public\index.php(45): CodeIgniter\CodeIgniter->run()
#8 {main}
CRITICAL - 2020-11-24 11:40:50 --> Undefined variable: btnKeluar
#0 D:\laragon\www\test1\app\Views\absent\toggle.php(63): CodeIgniter\Debug\Exceptions->errorHandler(8, 'Undefined varia...', 'D:\\laragon\\www\\...', 63, Array)
#1 D:\laragon\www\test1\vendor\codeigniter4\framework\system\View\View.php(246): include('D:\\laragon\\www\\...')
#2 D:\laragon\www\test1\vendor\codeigniter4\framework\system\Common.php(1026): CodeIgniter\View\View->render('absent/toggle', Array, true)
#3 D:\laragon\www\test1\app\Controllers\Absent.php(30): view('absent/toggle', Array)
#4 D:\laragon\www\test1\vendor\codeigniter4\framework\system\CodeIgniter.php(918): App\Controllers\Absent->check()
#5 D:\laragon\www\test1\vendor\codeigniter4\framework\system\CodeIgniter.php(404): CodeIgniter\CodeIgniter->runController(Object(App\Controllers\Absent))
#6 D:\laragon\www\test1\vendor\codeigniter4\framework\system\CodeIgniter.php(312): CodeIgniter\CodeIgniter->handleRequest(NULL, Object(Config\Cache), false)
#7 D:\laragon\www\test1\public\index.php(45): CodeIgniter\CodeIgniter->run()
#8 {main}
CRITICAL - 2020-11-24 14:26:32 --> Undefined index: jam_masuk
#0 D:\laragon\www\test1\app\Controllers\Absent.php(236): CodeIgniter\Debug\Exceptions->errorHandler(8, 'Undefined index...', 'D:\\laragon\\www\\...', 236, Array)
#1 D:\laragon\www\test1\vendor\codeigniter4\framework\system\CodeIgniter.php(918): App\Controllers\Absent->turn()
#2 D:\laragon\www\test1\vendor\codeigniter4\framework\system\CodeIgniter.php(404): CodeIgniter\CodeIgniter->runController(Object(App\Controllers\Absent))
#3 D:\laragon\www\test1\vendor\codeigniter4\framework\system\CodeIgniter.php(312): CodeIgniter\CodeIgniter->handleRequest(NULL, Object(Config\Cache), false)
#4 D:\laragon\www\test1\public\index.php(45): CodeIgniter\CodeIgniter->run()
#5 {main}
CRITICAL - 2020-11-24 14:26:34 --> Undefined index: jam_masuk
#0 D:\laragon\www\test1\app\Views\absent\toggle.php(5): CodeIgniter\Debug\Exceptions->errorHandler(8, 'Undefined index...', 'D:\\laragon\\www\\...', 5, Array)
#1 D:\laragon\www\test1\vendor\codeigniter4\framework\system\View\View.php(246): include('D:\\laragon\\www\\...')
#2 D:\laragon\www\test1\vendor\codeigniter4\framework\system\Common.php(1026): CodeIgniter\View\View->render('absent/toggle', Array, true)
#3 D:\laragon\www\test1\app\Controllers\Absent.php(29): view('absent/toggle', Array)
#4 D:\laragon\www\test1\vendor\codeigniter4\framework\system\CodeIgniter.php(918): App\Controllers\Absent->check()
#5 D:\laragon\www\test1\vendor\codeigniter4\framework\system\CodeIgniter.php(404): CodeIgniter\CodeIgniter->runController(Object(App\Controllers\Absent))
#6 D:\laragon\www\test1\vendor\codeigniter4\framework\system\CodeIgniter.php(312): CodeIgniter\CodeIgniter->handleRequest(NULL, Object(Config\Cache), false)
#7 D:\laragon\www\test1\public\index.php(45): CodeIgniter\CodeIgniter->run()
#8 {main}
CRITICAL - 2020-11-24 14:26:40 --> Undefined index: jam_masuk
#0 D:\laragon\www\test1\app\Views\absent\toggle.php(5): CodeIgniter\Debug\Exceptions->errorHandler(8, 'Undefined index...', 'D:\\laragon\\www\\...', 5, Array)
#1 D:\laragon\www\test1\vendor\codeigniter4\framework\system\View\View.php(246): include('D:\\laragon\\www\\...')
#2 D:\laragon\www\test1\vendor\codeigniter4\framework\system\Common.php(1026): CodeIgniter\View\View->render('absent/toggle', Array, true)
#3 D:\laragon\www\test1\app\Controllers\Absent.php(29): view('absent/toggle', Array)
#4 D:\laragon\www\test1\vendor\codeigniter4\framework\system\CodeIgniter.php(918): App\Controllers\Absent->check()
#5 D:\laragon\www\test1\vendor\codeigniter4\framework\system\CodeIgniter.php(404): CodeIgniter\CodeIgniter->runController(Object(App\Controllers\Absent))
#6 D:\laragon\www\test1\vendor\codeigniter4\framework\system\CodeIgniter.php(312): CodeIgniter\CodeIgniter->handleRequest(NULL, Object(Config\Cache), false)
#7 D:\laragon\www\test1\public\index.php(45): CodeIgniter\CodeIgniter->run()
#8 {main}
CRITICAL - 2020-11-24 14:26:42 --> Undefined index: jam_masuk
#0 D:\laragon\www\test1\app\Views\absent\toggle.php(5): CodeIgniter\Debug\Exceptions->errorHandler(8, 'Undefined index...', 'D:\\laragon\\www\\...', 5, Array)
#1 D:\laragon\www\test1\vendor\codeigniter4\framework\system\View\View.php(246): include('D:\\laragon\\www\\...')
#2 D:\laragon\www\test1\vendor\codeigniter4\framework\system\Common.php(1026): CodeIgniter\View\View->render('absent/toggle', Array, true)
#3 D:\laragon\www\test1\app\Controllers\Absent.php(29): view('absent/toggle', Array)
#4 D:\laragon\www\test1\vendor\codeigniter4\framework\system\CodeIgniter.php(918): App\Controllers\Absent->check()
#5 D:\laragon\www\test1\vendor\codeigniter4\framework\system\CodeIgniter.php(404): CodeIgniter\CodeIgniter->runController(Object(App\Controllers\Absent))
#6 D:\laragon\www\test1\vendor\codeigniter4\framework\system\CodeIgniter.php(312): CodeIgniter\CodeIgniter->handleRequest(NULL, Object(Config\Cache), false)
#7 D:\laragon\www\test1\public\index.php(45): CodeIgniter\CodeIgniter->run()
#8 {main}
CRITICAL - 2020-11-24 14:26:43 --> Undefined index: jam_masuk
#0 D:\laragon\www\test1\app\Views\absent\toggle.php(5): CodeIgniter\Debug\Exceptions->errorHandler(8, 'Undefined index...', 'D:\\laragon\\www\\...', 5, Array)
#1 D:\laragon\www\test1\vendor\codeigniter4\framework\system\View\View.php(246): include('D:\\laragon\\www\\...')
#2 D:\laragon\www\test1\vendor\codeigniter4\framework\system\Common.php(1026): CodeIgniter\View\View->render('absent/toggle', Array, true)
#3 D:\laragon\www\test1\app\Controllers\Absent.php(29): view('absent/toggle', Array)
#4 D:\laragon\www\test1\vendor\codeigniter4\framework\system\CodeIgniter.php(918): App\Controllers\Absent->check()
#5 D:\laragon\www\test1\vendor\codeigniter4\framework\system\CodeIgniter.php(404): CodeIgniter\CodeIgniter->runController(Object(App\Controllers\Absent))
#6 D:\laragon\www\test1\vendor\codeigniter4\framework\system\CodeIgniter.php(312): CodeIgniter\CodeIgniter->handleRequest(NULL, Object(Config\Cache), false)
#7 D:\laragon\www\test1\public\index.php(45): CodeIgniter\CodeIgniter->run()
#8 {main}
CRITICAL - 2020-11-24 14:26:44 --> Undefined index: jam_masuk
#0 D:\laragon\www\test1\app\Views\absent\toggle.php(5): CodeIgniter\Debug\Exceptions->errorHandler(8, 'Undefined index...', 'D:\\laragon\\www\\...', 5, Array)
#1 D:\laragon\www\test1\vendor\codeigniter4\framework\system\View\View.php(246): include('D:\\laragon\\www\\...')
#2 D:\laragon\www\test1\vendor\codeigniter4\framework\system\Common.php(1026): CodeIgniter\View\View->render('absent/toggle', Array, true)
#3 D:\laragon\www\test1\app\Controllers\Absent.php(29): view('absent/toggle', Array)
#4 D:\laragon\www\test1\vendor\codeigniter4\framework\system\CodeIgniter.php(918): App\Controllers\Absent->check()
#5 D:\laragon\www\test1\vendor\codeigniter4\framework\system\CodeIgniter.php(404): CodeIgniter\CodeIgniter->runController(Object(App\Controllers\Absent))
#6 D:\laragon\www\test1\vendor\codeigniter4\framework\system\CodeIgniter.php(312): CodeIgniter\CodeIgniter->handleRequest(NULL, Object(Config\Cache), false)
#7 D:\laragon\www\test1\public\index.php(45): CodeIgniter\CodeIgniter->run()
#8 {main}
CRITICAL - 2020-11-24 15:59:23 --> Trying to access array offset on value of type null
#0 D:\laragon\www\test1\app\Controllers\Absent.php(260): CodeIgniter\Debug\Exceptions->errorHandler(8, 'Trying to acces...', 'D:\\laragon\\www\\...', 260, Array)
#1 D:\laragon\www\test1\vendor\codeigniter4\framework\system\CodeIgniter.php(918): App\Controllers\Absent->turn()
#2 D:\laragon\www\test1\vendor\codeigniter4\framework\system\CodeIgniter.php(404): CodeIgniter\CodeIgniter->runController(Object(App\Controllers\Absent))
#3 D:\laragon\www\test1\vendor\codeigniter4\framework\system\CodeIgniter.php(312): CodeIgniter\CodeIgniter->handleRequest(NULL, Object(Config\Cache), false)
#4 D:\laragon\www\test1\public\index.php(45): CodeIgniter\CodeIgniter->run()
#5 {main}
CRITICAL - 2020-11-24 16:00:27 --> Trying to access array offset on value of type null
#0 D:\laragon\www\test1\app\Controllers\Absent.php(260): CodeIgniter\Debug\Exceptions->errorHandler(8, 'Trying to acces...', 'D:\\laragon\\www\\...', 260, Array)
#1 D:\laragon\www\test1\vendor\codeigniter4\framework\system\CodeIgniter.php(918): App\Controllers\Absent->turn()
#2 D:\laragon\www\test1\vendor\codeigniter4\framework\system\CodeIgniter.php(404): CodeIgniter\CodeIgniter->runController(Object(App\Controllers\Absent))
#3 D:\laragon\www\test1\vendor\codeigniter4\framework\system\CodeIgniter.php(312): CodeIgniter\CodeIgniter->handleRequest(NULL, Object(Config\Cache), false)
#4 D:\laragon\www\test1\public\index.php(45): CodeIgniter\CodeIgniter->run()
#5 {main}
CRITICAL - 2020-11-24 16:00:47 --> Argument 1 passed to CodeIgniter\HTTP\RedirectResponse::to() must be of the type string, null given, called in D:\laragon\www\test1\app\Controllers\Absent.php on line 270
#0 D:\laragon\www\test1\app\Controllers\Absent.php(270): CodeIgniter\HTTP\RedirectResponse->to(NULL)
#1 D:\laragon\www\test1\vendor\codeigniter4\framework\system\CodeIgniter.php(918): App\Controllers\Absent->turn()
#2 D:\laragon\www\test1\vendor\codeigniter4\framework\system\CodeIgniter.php(404): CodeIgniter\CodeIgniter->runController(Object(App\Controllers\Absent))
#3 D:\laragon\www\test1\vendor\codeigniter4\framework\system\CodeIgniter.php(312): CodeIgniter\CodeIgniter->handleRequest(NULL, Object(Config\Cache), false)
#4 D:\laragon\www\test1\public\index.php(45): CodeIgniter\CodeIgniter->run()
#5 {main}
CRITICAL - 2020-11-24 17:25:48 --> Undefined index: jam_kelur
#0 D:\laragon\www\test1\app\Controllers\Absent.php(244): CodeIgniter\Debug\Exceptions->errorHandler(8, 'Undefined index...', 'D:\\laragon\\www\\...', 244, Array)
#1 D:\laragon\www\test1\vendor\codeigniter4\framework\system\CodeIgniter.php(918): App\Controllers\Absent->turn()
#2 D:\laragon\www\test1\vendor\codeigniter4\framework\system\CodeIgniter.php(404): CodeIgniter\CodeIgniter->runController(Object(App\Controllers\Absent))
#3 D:\laragon\www\test1\vendor\codeigniter4\framework\system\CodeIgniter.php(312): CodeIgniter\CodeIgniter->handleRequest(NULL, Object(Config\Cache), false)
#4 D:\laragon\www\test1\public\index.php(45): CodeIgniter\CodeIgniter->run()
#5 {main}
CRITICAL - 2020-11-24 17:27:53 --> Argument 1 passed to CodeIgniter\HTTP\RedirectResponse::to() must be of the type string, null given, called in D:\laragon\www\test1\app\Controllers\Absent.php on line 270
#0 D:\laragon\www\test1\app\Controllers\Absent.php(270): CodeIgniter\HTTP\RedirectResponse->to(NULL)
#1 D:\laragon\www\test1\vendor\codeigniter4\framework\system\CodeIgniter.php(918): App\Controllers\Absent->turn()
#2 D:\laragon\www\test1\vendor\codeigniter4\framework\system\CodeIgniter.php(404): CodeIgniter\CodeIgniter->runController(Object(App\Controllers\Absent))
#3 D:\laragon\www\test1\vendor\codeigniter4\framework\system\CodeIgniter.php(312): CodeIgniter\CodeIgniter->handleRequest(NULL, Object(Config\Cache), false)
#4 D:\laragon\www\test1\public\index.php(45): CodeIgniter\CodeIgniter->run()
#5 {main}
CRITICAL - 2020-11-24 17:28:11 --> Argument 1 passed to CodeIgniter\HTTP\RedirectResponse::to() must be of the type string, null given, called in D:\laragon\www\test1\app\Controllers\Absent.php on line 241
#0 D:\laragon\www\test1\app\Controllers\Absent.php(241): CodeIgniter\HTTP\RedirectResponse->to(NULL)
#1 D:\laragon\www\test1\vendor\codeigniter4\framework\system\CodeIgniter.php(918): App\Controllers\Absent->turn()
#2 D:\laragon\www\test1\vendor\codeigniter4\framework\system\CodeIgniter.php(404): CodeIgniter\CodeIgniter->runController(Object(App\Controllers\Absent))
#3 D:\laragon\www\test1\vendor\codeigniter4\framework\system\CodeIgniter.php(312): CodeIgniter\CodeIgniter->handleRequest(NULL, Object(Config\Cache), false)
#4 D:\laragon\www\test1\public\index.php(45): CodeIgniter\CodeIgniter->run()
#5 {main}
CRITICAL - 2020-11-24 17:28:13 --> Argument 1 passed to CodeIgniter\HTTP\RedirectResponse::to() must be of the type string, null given, called in D:\laragon\www\test1\app\Controllers\Absent.php on line 241
#0 D:\laragon\www\test1\app\Controllers\Absent.php(241): CodeIgniter\HTTP\RedirectResponse->to(NULL)
#1 D:\laragon\www\test1\vendor\codeigniter4\framework\system\CodeIgniter.php(918): App\Controllers\Absent->turn()
#2 D:\laragon\www\test1\vendor\codeigniter4\framework\system\CodeIgniter.php(404): CodeIgniter\CodeIgniter->runController(Object(App\Controllers\Absent))
#3 D:\laragon\www\test1\vendor\codeigniter4\framework\system\CodeIgniter.php(312): CodeIgniter\CodeIgniter->handleRequest(NULL, Object(Config\Cache), false)
#4 D:\laragon\www\test1\public\index.php(45): CodeIgniter\CodeIgniter->run()
#5 {main}
CRITICAL - 2020-11-24 18:07:48 --> Undefined index: jam_kelur
#0 D:\laragon\www\test1\app\Controllers\Absent.php(244): CodeIgniter\Debug\Exceptions->errorHandler(8, 'Undefined index...', 'D:\\laragon\\www\\...', 244, Array)
#1 D:\laragon\www\test1\vendor\codeigniter4\framework\system\CodeIgniter.php(918): App\Controllers\Absent->turn()
#2 D:\laragon\www\test1\vendor\codeigniter4\framework\system\CodeIgniter.php(404): CodeIgniter\CodeIgniter->runController(Object(App\Controllers\Absent))
#3 D:\laragon\www\test1\vendor\codeigniter4\framework\system\CodeIgniter.php(312): CodeIgniter\CodeIgniter->handleRequest(NULL, Object(Config\Cache), false)
#4 D:\laragon\www\test1\public\index.php(45): CodeIgniter\CodeIgniter->run()
#5 {main}
CRITICAL - 2020-11-24 18:11:09 --> Undefined variable: asbent
#0 D:\laragon\www\test1\app\Controllers\Absent.php(248): CodeIgniter\Debug\Exceptions->errorHandler(8, 'Undefined varia...', 'D:\\laragon\\www\\...', 248, Array)
#1 D:\laragon\www\test1\vendor\codeigniter4\framework\system\CodeIgniter.php(918): App\Controllers\Absent->turn()
#2 D:\laragon\www\test1\vendor\codeigniter4\framework\system\CodeIgniter.php(404): CodeIgniter\CodeIgniter->runController(Object(App\Controllers\Absent))
#3 D:\laragon\www\test1\vendor\codeigniter4\framework\system\CodeIgniter.php(312): CodeIgniter\CodeIgniter->handleRequest(NULL, Object(Config\Cache), false)
#4 D:\laragon\www\test1\public\index.php(45): CodeIgniter\CodeIgniter->run()
#5 {main}
CRITICAL - 2020-11-24 18:11:29 --> Undefined index: in
#0 D:\laragon\www\test1\app\Views\page\listabsent.php(93): CodeIgniter\Debug\Exceptions->errorHandler(8, 'Undefined index...', 'D:\\laragon\\www\\...', 93, Array)
#1 D:\laragon\www\test1\vendor\codeigniter4\framework\system\View\View.php(246): include('D:\\laragon\\www\\...')
#2 D:\laragon\www\test1\vendor\codeigniter4\framework\system\Common.php(1026): CodeIgniter\View\View->render('page/listabsent', Array, true)
#3 D:\laragon\www\test1\app\Controllers\Absent.php(56): view('page/listabsent', Array)
#4 D:\laragon\www\test1\vendor\codeigniter4\framework\system\CodeIgniter.php(918): App\Controllers\Absent->listabsent()
#5 D:\laragon\www\test1\vendor\codeigniter4\framework\system\CodeIgniter.php(404): CodeIgniter\CodeIgniter->runController(Object(App\Controllers\Absent))
#6 D:\laragon\www\test1\vendor\codeigniter4\framework\system\CodeIgniter.php(312): CodeIgniter\CodeIgniter->handleRequest(NULL, Object(Config\Cache), false)
#7 D:\laragon\www\test1\public\index.php(45): CodeIgniter\CodeIgniter->run()
#8 {main}
CRITICAL - 2020-11-24 19:34:23 --> Undefined index: in
#0 D:\laragon\www\test1\app\Views\page\listabsent.php(93): CodeIgniter\Debug\Exceptions->errorHandler(8, 'Undefined index...', 'D:\\laragon\\www\\...', 93, Array)
#1 D:\laragon\www\test1\vendor\codeigniter4\framework\system\View\View.php(246): include('D:\\laragon\\www\\...')
#2 D:\laragon\www\test1\vendor\codeigniter4\framework\system\Common.php(1026): CodeIgniter\View\View->render('page/listabsent', Array, true)
#3 D:\laragon\www\test1\app\Controllers\Absent.php(49): view('page/listabsent', Array)
#4 D:\laragon\www\test1\vendor\codeigniter4\framework\system\CodeIgniter.php(918): App\Controllers\Absent->listabsent()
#5 D:\laragon\www\test1\vendor\codeigniter4\framework\system\CodeIgniter.php(404): CodeIgniter\CodeIgniter->runController(Object(App\Controllers\Absent))
#6 D:\laragon\www\test1\vendor\codeigniter4\framework\system\CodeIgniter.php(312): CodeIgniter\CodeIgniter->handleRequest(NULL, Object(Config\Cache), false)
#7 D:\laragon\www\test1\public\index.php(45): CodeIgniter\CodeIgniter->run()
#8 {main}
