CRITICAL - 2020-11-21 07:06:12 --> Trying to access array offset on value of type null
#0 D:\laragon\www\test1\app\Views\templates\template-dashboard.php(30): CodeIgniter\Debug\Exceptions->errorHandler(8, 'Trying to acces...', 'D:\\laragon\\www\\...', 30, Array)
#1 D:\laragon\www\test1\vendor\codeigniter4\framework\system\View\View.php(246): include('D:\\laragon\\www\\...')
#2 D:\laragon\www\test1\vendor\codeigniter4\framework\system\View\View.php(257): CodeIgniter\View\View->render('templates/templ...', Array, true)
#3 D:\laragon\www\test1\vendor\codeigniter4\framework\system\Common.php(1026): CodeIgniter\View\View->render('page/manageabse...', Array, true)
#4 D:\laragon\www\test1\app\Controllers\Absent.php(217): view('page/manageabse...', Array)
#5 D:\laragon\www\test1\vendor\codeigniter4\framework\system\CodeIgniter.php(918): App\Controllers\Absent->manageabsent('09', '0', '0', '2362019e-d14c-4...', '0')
#6 D:\laragon\www\test1\vendor\codeigniter4\framework\system\CodeIgniter.php(404): CodeIgniter\CodeIgniter->runController(Object(App\Controllers\Absent))
#7 D:\laragon\www\test1\vendor\codeigniter4\framework\system\CodeIgniter.php(312): CodeIgniter\CodeIgniter->handleRequest(NULL, Object(Config\Cache), false)
#8 D:\laragon\www\test1\public\index.php(45): CodeIgniter\CodeIgniter->run()
#9 {main}
CRITICAL - 2020-11-21 07:34:21 --> syntax error, unexpected '}'
#0 D:\laragon\www\test1\vendor\codeigniter4\framework\system\Common.php(1026): CodeIgniter\View\View->render('table/manageabs...', Array, true)
#1 D:\laragon\www\test1\app\Controllers\Absent.php(187): view('table/manageabs...', Array)
#2 D:\laragon\www\test1\vendor\codeigniter4\framework\system\CodeIgniter.php(918): App\Controllers\Absent->manageabsent('0', '0', '0', '96cb4a49-e700-4...', '0')
#3 D:\laragon\www\test1\vendor\codeigniter4\framework\system\CodeIgniter.php(404): CodeIgniter\CodeIgniter->runController(Object(App\Controllers\Absent))
#4 D:\laragon\www\test1\vendor\codeigniter4\framework\system\CodeIgniter.php(312): CodeIgniter\CodeIgniter->handleRequest(NULL, Object(Config\Cache), false)
#5 D:\laragon\www\test1\public\index.php(45): CodeIgniter\CodeIgniter->run()
#6 {main}
CRITICAL - 2020-11-21 10:17:17 --> syntax error, unexpected '$no' (T_VARIABLE)
#0 D:\laragon\www\test1\vendor\codeigniter4\framework\system\Common.php(1026): CodeIgniter\View\View->render('table/countabse...', Array, true)
#1 D:\laragon\www\test1\app\Controllers\Absent.php(201): view('table/countabse...', Array)
#2 D:\laragon\www\test1\vendor\codeigniter4\framework\system\CodeIgniter.php(918): App\Controllers\Absent->manageabsent('0', '11', '2020', '0', '0')
#3 D:\laragon\www\test1\vendor\codeigniter4\framework\system\CodeIgniter.php(404): CodeIgniter\CodeIgniter->runController(Object(App\Controllers\Absent))
#4 D:\laragon\www\test1\vendor\codeigniter4\framework\system\CodeIgniter.php(312): CodeIgniter\CodeIgniter->handleRequest(NULL, Object(Config\Cache), false)
#5 D:\laragon\www\test1\public\index.php(45): CodeIgniter\CodeIgniter->run()
#6 {main}
CRITICAL - 2020-11-21 21:50:13 --> Undefined variable: roel
#0 D:\laragon\www\test1\app\Views\page\editabsent.php(15): CodeIgniter\Debug\Exceptions->errorHandler(8, 'Undefined varia...', 'D:\\laragon\\www\\...', 15, Array)
#1 D:\laragon\www\test1\vendor\codeigniter4\framework\system\View\View.php(246): include('D:\\laragon\\www\\...')
#2 D:\laragon\www\test1\vendor\codeigniter4\framework\system\Common.php(1026): CodeIgniter\View\View->render('page/editabsent', Array, true)
#3 D:\laragon\www\test1\app\Controllers\Absent.php(275): view('page/editabsent', Array)
#4 D:\laragon\www\test1\vendor\codeigniter4\framework\system\CodeIgniter.php(918): App\Controllers\Absent->editabsent('2362019e-d14c-4...', '2020-11-21')
#5 D:\laragon\www\test1\vendor\codeigniter4\framework\system\CodeIgniter.php(404): CodeIgniter\CodeIgniter->runController(Object(App\Controllers\Absent))
#6 D:\laragon\www\test1\vendor\codeigniter4\framework\system\CodeIgniter.php(312): CodeIgniter\CodeIgniter->handleRequest(NULL, Object(Config\Cache), false)
#7 D:\laragon\www\test1\public\index.php(45): CodeIgniter\CodeIgniter->run()
#8 {main}
CRITICAL - 2020-11-21 21:56:41 --> Undefined variable: isAbsent
#0 D:\laragon\www\test1\app\Views\page\editabsent.php(8): CodeIgniter\Debug\Exceptions->errorHandler(8, 'Undefined varia...', 'D:\\laragon\\www\\...', 8, Array)
#1 D:\laragon\www\test1\vendor\codeigniter4\framework\system\View\View.php(246): include('D:\\laragon\\www\\...')
#2 D:\laragon\www\test1\vendor\codeigniter4\framework\system\Common.php(1026): CodeIgniter\View\View->render('page/editabsent', Array, true)
#3 D:\laragon\www\test1\app\Controllers\Absent.php(275): view('page/editabsent', Array)
#4 D:\laragon\www\test1\vendor\codeigniter4\framework\system\CodeIgniter.php(918): App\Controllers\Absent->editabsent('2362019e-d14c-4...', '2020-11-21')
#5 D:\laragon\www\test1\vendor\codeigniter4\framework\system\CodeIgniter.php(404): CodeIgniter\CodeIgniter->runController(Object(App\Controllers\Absent))
#6 D:\laragon\www\test1\vendor\codeigniter4\framework\system\CodeIgniter.php(312): CodeIgniter\CodeIgniter->handleRequest(NULL, Object(Config\Cache), false)
#7 D:\laragon\www\test1\public\index.php(45): CodeIgniter\CodeIgniter->run()
#8 {main}
CRITICAL - 2020-11-21 22:32:18 --> Call to undefined method App\Models\AbsentModel::remove
#0 D:\laragon\www\test1\app\Controllers\Absent.php(287): CodeIgniter\Model->__call('remove', Array)
#1 D:\laragon\www\test1\vendor\codeigniter4\framework\system\CodeIgniter.php(918): App\Controllers\Absent->editabsent('2362019e-d14c-4...', '2020-11-21')
#2 D:\laragon\www\test1\vendor\codeigniter4\framework\system\CodeIgniter.php(404): CodeIgniter\CodeIgniter->runController(Object(App\Controllers\Absent))
#3 D:\laragon\www\test1\vendor\codeigniter4\framework\system\CodeIgniter.php(312): CodeIgniter\CodeIgniter->handleRequest(NULL, Object(Config\Cache), false)
#4 D:\laragon\www\test1\public\index.php(45): CodeIgniter\CodeIgniter->run()
#5 {main}
CRITICAL - 2020-11-21 22:33:25 --> Call to undefined method App\Models\AbsentModel::remove
#0 D:\laragon\www\test1\app\Controllers\Absent.php(287): CodeIgniter\Model->__call('remove', Array)
#1 D:\laragon\www\test1\vendor\codeigniter4\framework\system\CodeIgniter.php(918): App\Controllers\Absent->editabsent('2362019e-d14c-4...', '2020-11-21')
#2 D:\laragon\www\test1\vendor\codeigniter4\framework\system\CodeIgniter.php(404): CodeIgniter\CodeIgniter->runController(Object(App\Controllers\Absent))
#3 D:\laragon\www\test1\vendor\codeigniter4\framework\system\CodeIgniter.php(312): CodeIgniter\CodeIgniter->handleRequest(NULL, Object(Config\Cache), false)
#4 D:\laragon\www\test1\public\index.php(45): CodeIgniter\CodeIgniter->run()
#5 {main}
CRITICAL - 2020-11-21 22:39:49 --> Trying to access array offset on value of type null
#0 D:\laragon\www\test1\app\Views\page\editabsent.php(57): CodeIgniter\Debug\Exceptions->errorHandler(8, 'Trying to acces...', 'D:\\laragon\\www\\...', 57, Array)
#1 D:\laragon\www\test1\vendor\codeigniter4\framework\system\View\View.php(246): include('D:\\laragon\\www\\...')
#2 D:\laragon\www\test1\vendor\codeigniter4\framework\system\Common.php(1026): CodeIgniter\View\View->render('page/editabsent', Array, true)
#3 D:\laragon\www\test1\app\Controllers\Absent.php(328): view('page/editabsent', Array)
#4 D:\laragon\www\test1\vendor\codeigniter4\framework\system\CodeIgniter.php(918): App\Controllers\Absent->editabsent('2362019e-d14c-4...', '2020-11-10')
#5 D:\laragon\www\test1\vendor\codeigniter4\framework\system\CodeIgniter.php(404): CodeIgniter\CodeIgniter->runController(Object(App\Controllers\Absent))
#6 D:\laragon\www\test1\vendor\codeigniter4\framework\system\CodeIgniter.php(312): CodeIgniter\CodeIgniter->handleRequest(NULL, Object(Config\Cache), false)
#7 D:\laragon\www\test1\public\index.php(45): CodeIgniter\CodeIgniter->run()
#8 {main}
CRITICAL - 2020-11-21 22:42:08 --> Undefined index: out
#0 D:\laragon\www\test1\app\Views\page\editabsent.php(39): CodeIgniter\Debug\Exceptions->errorHandler(8, 'Undefined index...', 'D:\\laragon\\www\\...', 39, Array)
#1 D:\laragon\www\test1\vendor\codeigniter4\framework\system\View\View.php(246): include('D:\\laragon\\www\\...')
#2 D:\laragon\www\test1\vendor\codeigniter4\framework\system\Common.php(1026): CodeIgniter\View\View->render('page/editabsent', Array, true)
#3 D:\laragon\www\test1\app\Controllers\Absent.php(328): view('page/editabsent', Array)
#4 D:\laragon\www\test1\vendor\codeigniter4\framework\system\CodeIgniter.php(918): App\Controllers\Absent->editabsent('2362019e-d14c-4...', '2020-11-10')
#5 D:\laragon\www\test1\vendor\codeigniter4\framework\system\CodeIgniter.php(404): CodeIgniter\CodeIgniter->runController(Object(App\Controllers\Absent))
#6 D:\laragon\www\test1\vendor\codeigniter4\framework\system\CodeIgniter.php(312): CodeIgniter\CodeIgniter->handleRequest(NULL, Object(Config\Cache), false)
#7 D:\laragon\www\test1\public\index.php(45): CodeIgniter\CodeIgniter->run()
#8 {main}
CRITICAL - 2020-11-21 22:42:30 --> Undefined index: in
#0 D:\laragon\www\test1\app\Views\page\editabsent.php(36): CodeIgniter\Debug\Exceptions->errorHandler(8, 'Undefined index...', 'D:\\laragon\\www\\...', 36, Array)
#1 D:\laragon\www\test1\vendor\codeigniter4\framework\system\View\View.php(246): include('D:\\laragon\\www\\...')
#2 D:\laragon\www\test1\vendor\codeigniter4\framework\system\Common.php(1026): CodeIgniter\View\View->render('page/editabsent', Array, true)
#3 D:\laragon\www\test1\app\Controllers\Absent.php(328): view('page/editabsent', Array)
#4 D:\laragon\www\test1\vendor\codeigniter4\framework\system\CodeIgniter.php(918): App\Controllers\Absent->editabsent('2362019e-d14c-4...', '2020-11-10')
#5 D:\laragon\www\test1\vendor\codeigniter4\framework\system\CodeIgniter.php(404): CodeIgniter\CodeIgniter->runController(Object(App\Controllers\Absent))
#6 D:\laragon\www\test1\vendor\codeigniter4\framework\system\CodeIgniter.php(312): CodeIgniter\CodeIgniter->handleRequest(NULL, Object(Config\Cache), false)
#7 D:\laragon\www\test1\public\index.php(45): CodeIgniter\CodeIgniter->run()
#8 {main}
CRITICAL - 2020-11-21 22:43:30 --> Undefined offset: 1
#0 D:\laragon\www\test1\app\Helpers\absent_helper.php(6): CodeIgniter\Debug\Exceptions->errorHandler(8, 'Undefined offse...', 'D:\\laragon\\www\\...', 6, Array)
#1 D:\laragon\www\test1\app\Views\page\editabsent.php(59): jamkeint('0')
#2 D:\laragon\www\test1\vendor\codeigniter4\framework\system\View\View.php(246): include('D:\\laragon\\www\\...')
#3 D:\laragon\www\test1\vendor\codeigniter4\framework\system\Common.php(1026): CodeIgniter\View\View->render('page/editabsent', Array, true)
#4 D:\laragon\www\test1\app\Controllers\Absent.php(328): view('page/editabsent', Array)
#5 D:\laragon\www\test1\vendor\codeigniter4\framework\system\CodeIgniter.php(918): App\Controllers\Absent->editabsent('2362019e-d14c-4...', '2020-11-10')
#6 D:\laragon\www\test1\vendor\codeigniter4\framework\system\CodeIgniter.php(404): CodeIgniter\CodeIgniter->runController(Object(App\Controllers\Absent))
#7 D:\laragon\www\test1\vendor\codeigniter4\framework\system\CodeIgniter.php(312): CodeIgniter\CodeIgniter->handleRequest(NULL, Object(Config\Cache), false)
#8 D:\laragon\www\test1\public\index.php(45): CodeIgniter\CodeIgniter->run()
#9 {main}
CRITICAL - 2020-11-21 22:43:31 --> Undefined offset: 1
#0 D:\laragon\www\test1\app\Helpers\absent_helper.php(6): CodeIgniter\Debug\Exceptions->errorHandler(8, 'Undefined offse...', 'D:\\laragon\\www\\...', 6, Array)
#1 D:\laragon\www\test1\app\Views\page\editabsent.php(59): jamkeint('0')
#2 D:\laragon\www\test1\vendor\codeigniter4\framework\system\View\View.php(246): include('D:\\laragon\\www\\...')
#3 D:\laragon\www\test1\vendor\codeigniter4\framework\system\Common.php(1026): CodeIgniter\View\View->render('page/editabsent', Array, true)
#4 D:\laragon\www\test1\app\Controllers\Absent.php(328): view('page/editabsent', Array)
#5 D:\laragon\www\test1\vendor\codeigniter4\framework\system\CodeIgniter.php(918): App\Controllers\Absent->editabsent('2362019e-d14c-4...', '2020-11-10')
#6 D:\laragon\www\test1\vendor\codeigniter4\framework\system\CodeIgniter.php(404): CodeIgniter\CodeIgniter->runController(Object(App\Controllers\Absent))
#7 D:\laragon\www\test1\vendor\codeigniter4\framework\system\CodeIgniter.php(312): CodeIgniter\CodeIgniter->handleRequest(NULL, Object(Config\Cache), false)
#8 D:\laragon\www\test1\public\index.php(45): CodeIgniter\CodeIgniter->run()
#9 {main}
CRITICAL - 2020-11-21 22:43:51 --> Undefined index: out
#0 D:\laragon\www\test1\app\Views\page\editabsent.php(39): CodeIgniter\Debug\Exceptions->errorHandler(8, 'Undefined index...', 'D:\\laragon\\www\\...', 39, Array)
#1 D:\laragon\www\test1\vendor\codeigniter4\framework\system\View\View.php(246): include('D:\\laragon\\www\\...')
#2 D:\laragon\www\test1\vendor\codeigniter4\framework\system\Common.php(1026): CodeIgniter\View\View->render('page/editabsent', Array, true)
#3 D:\laragon\www\test1\app\Controllers\Absent.php(328): view('page/editabsent', Array)
#4 D:\laragon\www\test1\vendor\codeigniter4\framework\system\CodeIgniter.php(918): App\Controllers\Absent->editabsent('2362019e-d14c-4...', '2020-11-10')
#5 D:\laragon\www\test1\vendor\codeigniter4\framework\system\CodeIgniter.php(404): CodeIgniter\CodeIgniter->runController(Object(App\Controllers\Absent))
#6 D:\laragon\www\test1\vendor\codeigniter4\framework\system\CodeIgniter.php(312): CodeIgniter\CodeIgniter->handleRequest(NULL, Object(Config\Cache), false)
#7 D:\laragon\www\test1\public\index.php(45): CodeIgniter\CodeIgniter->run()
#8 {main}
CRITICAL - 2020-11-21 22:44:26 --> Undefined index: out
#0 D:\laragon\www\test1\app\Views\page\editabsent.php(39): CodeIgniter\Debug\Exceptions->errorHandler(8, 'Undefined index...', 'D:\\laragon\\www\\...', 39, Array)
#1 D:\laragon\www\test1\vendor\codeigniter4\framework\system\View\View.php(246): include('D:\\laragon\\www\\...')
#2 D:\laragon\www\test1\vendor\codeigniter4\framework\system\Common.php(1026): CodeIgniter\View\View->render('page/editabsent', Array, true)
#3 D:\laragon\www\test1\app\Controllers\Absent.php(328): view('page/editabsent', Array)
#4 D:\laragon\www\test1\vendor\codeigniter4\framework\system\CodeIgniter.php(918): App\Controllers\Absent->editabsent('2362019e-d14c-4...', '2020-11-10')
#5 D:\laragon\www\test1\vendor\codeigniter4\framework\system\CodeIgniter.php(404): CodeIgniter\CodeIgniter->runController(Object(App\Controllers\Absent))
#6 D:\laragon\www\test1\vendor\codeigniter4\framework\system\CodeIgniter.php(312): CodeIgniter\CodeIgniter->handleRequest(NULL, Object(Config\Cache), false)
#7 D:\laragon\www\test1\public\index.php(45): CodeIgniter\CodeIgniter->run()
#8 {main}
CRITICAL - 2020-11-21 22:45:34 --> Undefined index: out
#0 D:\laragon\www\test1\app\Views\page\editabsent.php(41): CodeIgniter\Debug\Exceptions->errorHandler(8, 'Undefined index...', 'D:\\laragon\\www\\...', 41, Array)
#1 D:\laragon\www\test1\vendor\codeigniter4\framework\system\View\View.php(246): include('D:\\laragon\\www\\...')
#2 D:\laragon\www\test1\vendor\codeigniter4\framework\system\Common.php(1026): CodeIgniter\View\View->render('page/editabsent', Array, true)
#3 D:\laragon\www\test1\app\Controllers\Absent.php(328): view('page/editabsent', Array)
#4 D:\laragon\www\test1\vendor\codeigniter4\framework\system\CodeIgniter.php(918): App\Controllers\Absent->editabsent('2362019e-d14c-4...', '2020-11-10')
#5 D:\laragon\www\test1\vendor\codeigniter4\framework\system\CodeIgniter.php(404): CodeIgniter\CodeIgniter->runController(Object(App\Controllers\Absent))
#6 D:\laragon\www\test1\vendor\codeigniter4\framework\system\CodeIgniter.php(312): CodeIgniter\CodeIgniter->handleRequest(NULL, Object(Config\Cache), false)
#7 D:\laragon\www\test1\public\index.php(45): CodeIgniter\CodeIgniter->run()
#8 {main}
CRITICAL - 2020-11-21 22:45:49 --> Undefined index: in
#0 D:\laragon\www\test1\app\Views\page\editabsent.php(37): CodeIgniter\Debug\Exceptions->errorHandler(8, 'Undefined index...', 'D:\\laragon\\www\\...', 37, Array)
#1 D:\laragon\www\test1\vendor\codeigniter4\framework\system\View\View.php(246): include('D:\\laragon\\www\\...')
#2 D:\laragon\www\test1\vendor\codeigniter4\framework\system\Common.php(1026): CodeIgniter\View\View->render('page/editabsent', Array, true)
#3 D:\laragon\www\test1\app\Controllers\Absent.php(328): view('page/editabsent', Array)
#4 D:\laragon\www\test1\vendor\codeigniter4\framework\system\CodeIgniter.php(918): App\Controllers\Absent->editabsent('2362019e-d14c-4...', '2020-11-10')
#5 D:\laragon\www\test1\vendor\codeigniter4\framework\system\CodeIgniter.php(404): CodeIgniter\CodeIgniter->runController(Object(App\Controllers\Absent))
#6 D:\laragon\www\test1\vendor\codeigniter4\framework\system\CodeIgniter.php(312): CodeIgniter\CodeIgniter->handleRequest(NULL, Object(Config\Cache), false)
#7 D:\laragon\www\test1\public\index.php(45): CodeIgniter\CodeIgniter->run()
#8 {main}
CRITICAL - 2020-11-21 22:45:55 --> Undefined index: out
#0 D:\laragon\www\test1\app\Views\page\editabsent.php(40): CodeIgniter\Debug\Exceptions->errorHandler(8, 'Undefined index...', 'D:\\laragon\\www\\...', 40, Array)
#1 D:\laragon\www\test1\vendor\codeigniter4\framework\system\View\View.php(246): include('D:\\laragon\\www\\...')
#2 D:\laragon\www\test1\vendor\codeigniter4\framework\system\Common.php(1026): CodeIgniter\View\View->render('page/editabsent', Array, true)
#3 D:\laragon\www\test1\app\Controllers\Absent.php(328): view('page/editabsent', Array)
#4 D:\laragon\www\test1\vendor\codeigniter4\framework\system\CodeIgniter.php(918): App\Controllers\Absent->editabsent('2362019e-d14c-4...', '2020-11-10')
#5 D:\laragon\www\test1\vendor\codeigniter4\framework\system\CodeIgniter.php(404): CodeIgniter\CodeIgniter->runController(Object(App\Controllers\Absent))
#6 D:\laragon\www\test1\vendor\codeigniter4\framework\system\CodeIgniter.php(312): CodeIgniter\CodeIgniter->handleRequest(NULL, Object(Config\Cache), false)
#7 D:\laragon\www\test1\public\index.php(45): CodeIgniter\CodeIgniter->run()
#8 {main}
CRITICAL - 2020-11-21 22:46:32 --> Undefined index: in
#0 D:\laragon\www\test1\app\Views\page\editabsent.php(57): CodeIgniter\Debug\Exceptions->errorHandler(8, 'Undefined index...', 'D:\\laragon\\www\\...', 57, Array)
#1 D:\laragon\www\test1\vendor\codeigniter4\framework\system\View\View.php(246): include('D:\\laragon\\www\\...')
#2 D:\laragon\www\test1\vendor\codeigniter4\framework\system\Common.php(1026): CodeIgniter\View\View->render('page/editabsent', Array, true)
#3 D:\laragon\www\test1\app\Controllers\Absent.php(328): view('page/editabsent', Array)
#4 D:\laragon\www\test1\vendor\codeigniter4\framework\system\CodeIgniter.php(918): App\Controllers\Absent->editabsent('2362019e-d14c-4...', '2020-11-10')
#5 D:\laragon\www\test1\vendor\codeigniter4\framework\system\CodeIgniter.php(404): CodeIgniter\CodeIgniter->runController(Object(App\Controllers\Absent))
#6 D:\laragon\www\test1\vendor\codeigniter4\framework\system\CodeIgniter.php(312): CodeIgniter\CodeIgniter->handleRequest(NULL, Object(Config\Cache), false)
#7 D:\laragon\www\test1\public\index.php(45): CodeIgniter\CodeIgniter->run()
#8 {main}
CRITICAL - 2020-11-21 22:48:25 --> Undefined index: out
#0 D:\laragon\www\test1\app\Views\page\editabsent.php(40): CodeIgniter\Debug\Exceptions->errorHandler(8, 'Undefined index...', 'D:\\laragon\\www\\...', 40, Array)
#1 D:\laragon\www\test1\vendor\codeigniter4\framework\system\View\View.php(246): include('D:\\laragon\\www\\...')
#2 D:\laragon\www\test1\vendor\codeigniter4\framework\system\Common.php(1026): CodeIgniter\View\View->render('page/editabsent', Array, true)
#3 D:\laragon\www\test1\app\Controllers\Absent.php(328): view('page/editabsent', Array)
#4 D:\laragon\www\test1\vendor\codeigniter4\framework\system\CodeIgniter.php(918): App\Controllers\Absent->editabsent('2362019e-d14c-4...', '2020-11-10')
#5 D:\laragon\www\test1\vendor\codeigniter4\framework\system\CodeIgniter.php(404): CodeIgniter\CodeIgniter->runController(Object(App\Controllers\Absent))
#6 D:\laragon\www\test1\vendor\codeigniter4\framework\system\CodeIgniter.php(312): CodeIgniter\CodeIgniter->handleRequest(NULL, Object(Config\Cache), false)
#7 D:\laragon\www\test1\public\index.php(45): CodeIgniter\CodeIgniter->run()
#8 {main}
CRITICAL - 2020-11-21 22:48:49 --> Undefined offset: 1
#0 D:\laragon\www\test1\app\Helpers\absent_helper.php(6): CodeIgniter\Debug\Exceptions->errorHandler(8, 'Undefined offse...', 'D:\\laragon\\www\\...', 6, Array)
#1 D:\laragon\www\test1\app\Views\page\editabsent.php(57): jamkeint('0')
#2 D:\laragon\www\test1\vendor\codeigniter4\framework\system\View\View.php(246): include('D:\\laragon\\www\\...')
#3 D:\laragon\www\test1\vendor\codeigniter4\framework\system\Common.php(1026): CodeIgniter\View\View->render('page/editabsent', Array, true)
#4 D:\laragon\www\test1\app\Controllers\Absent.php(328): view('page/editabsent', Array)
#5 D:\laragon\www\test1\vendor\codeigniter4\framework\system\CodeIgniter.php(918): App\Controllers\Absent->editabsent('2362019e-d14c-4...', '2020-11-10')
#6 D:\laragon\www\test1\vendor\codeigniter4\framework\system\CodeIgniter.php(404): CodeIgniter\CodeIgniter->runController(Object(App\Controllers\Absent))
#7 D:\laragon\www\test1\vendor\codeigniter4\framework\system\CodeIgniter.php(312): CodeIgniter\CodeIgniter->handleRequest(NULL, Object(Config\Cache), false)
#8 D:\laragon\www\test1\public\index.php(45): CodeIgniter\CodeIgniter->run()
#9 {main}
CRITICAL - 2020-11-21 22:52:40 --> Call to undefined method App\Models\AbsentModel::remove
#0 D:\laragon\www\test1\app\Controllers\Absent.php(289): CodeIgniter\Model->__call('remove', Array)
#1 D:\laragon\www\test1\vendor\codeigniter4\framework\system\CodeIgniter.php(918): App\Controllers\Absent->editabsent('2362019e-d14c-4...', '2020-11-21')
#2 D:\laragon\www\test1\vendor\codeigniter4\framework\system\CodeIgniter.php(404): CodeIgniter\CodeIgniter->runController(Object(App\Controllers\Absent))
#3 D:\laragon\www\test1\vendor\codeigniter4\framework\system\CodeIgniter.php(312): CodeIgniter\CodeIgniter->handleRequest(NULL, Object(Config\Cache), false)
#4 D:\laragon\www\test1\public\index.php(45): CodeIgniter\CodeIgniter->run()
#5 {main}
CRITICAL - 2020-11-21 22:54:03 --> Call to undefined method App\Models\AbsentModel::remove
#0 D:\laragon\www\test1\app\Controllers\Absent.php(289): CodeIgniter\Model->__call('remove', Array)
#1 D:\laragon\www\test1\vendor\codeigniter4\framework\system\CodeIgniter.php(918): App\Controllers\Absent->editabsent('2362019e-d14c-4...', '2020-11-21')
#2 D:\laragon\www\test1\vendor\codeigniter4\framework\system\CodeIgniter.php(404): CodeIgniter\CodeIgniter->runController(Object(App\Controllers\Absent))
#3 D:\laragon\www\test1\vendor\codeigniter4\framework\system\CodeIgniter.php(312): CodeIgniter\CodeIgniter->handleRequest(NULL, Object(Config\Cache), false)
#4 D:\laragon\www\test1\public\index.php(45): CodeIgniter\CodeIgniter->run()
#5 {main}
CRITICAL - 2020-11-21 22:56:11 --> syntax error, unexpected '}', expecting end of file
#0 D:\laragon\www\test1\vendor\codeigniter4\framework\system\Common.php(1026): CodeIgniter\View\View->render('page/editabsent', Array, true)
#1 D:\laragon\www\test1\app\Controllers\Absent.php(328): view('page/editabsent', Array)
#2 D:\laragon\www\test1\vendor\codeigniter4\framework\system\CodeIgniter.php(918): App\Controllers\Absent->editabsent('2362019e-d14c-4...', '2020-11-21')
#3 D:\laragon\www\test1\vendor\codeigniter4\framework\system\CodeIgniter.php(404): CodeIgniter\CodeIgniter->runController(Object(App\Controllers\Absent))
#4 D:\laragon\www\test1\vendor\codeigniter4\framework\system\CodeIgniter.php(312): CodeIgniter\CodeIgniter->handleRequest(NULL, Object(Config\Cache), false)
#5 D:\laragon\www\test1\public\index.php(45): CodeIgniter\CodeIgniter->run()
#6 {main}
CRITICAL - 2020-11-21 22:56:25 --> syntax error, unexpected ')'
#0 D:\laragon\www\test1\vendor\codeigniter4\framework\system\Common.php(1026): CodeIgniter\View\View->render('page/editabsent', Array, true)
#1 D:\laragon\www\test1\app\Controllers\Absent.php(328): view('page/editabsent', Array)
#2 D:\laragon\www\test1\vendor\codeigniter4\framework\system\CodeIgniter.php(918): App\Controllers\Absent->editabsent('2362019e-d14c-4...', '2020-11-21')
#3 D:\laragon\www\test1\vendor\codeigniter4\framework\system\CodeIgniter.php(404): CodeIgniter\CodeIgniter->runController(Object(App\Controllers\Absent))
#4 D:\laragon\www\test1\vendor\codeigniter4\framework\system\CodeIgniter.php(312): CodeIgniter\CodeIgniter->handleRequest(NULL, Object(Config\Cache), false)
#5 D:\laragon\www\test1\public\index.php(45): CodeIgniter\CodeIgniter->run()
#6 {main}
