CRITICAL - 2020-11-13 17:33:39 --> Call to undefined method CodeIgniter\Validation\Validation::listError()
#0 D:\laragon\www\test1\vendor\codeigniter4\framework\system\View\View.php(246): include()
#1 D:\laragon\www\test1\vendor\codeigniter4\framework\system\Common.php(1119): CodeIgniter\View\View->render('team/create', Array, true)
#2 D:\laragon\www\test1\app\Controllers\Team.php(63): view('team/create', Array)
#3 D:\laragon\www\test1\vendor\codeigniter4\framework\system\CodeIgniter.php(918): App\Controllers\Team->createteam()
#4 D:\laragon\www\test1\vendor\codeigniter4\framework\system\CodeIgniter.php(404): CodeIgniter\CodeIgniter->runController(Object(App\Controllers\Team))
#5 D:\laragon\www\test1\vendor\codeigniter4\framework\system\CodeIgniter.php(312): CodeIgniter\CodeIgniter->handleRequest(NULL, Object(Config\Cache), false)
#6 D:\laragon\www\test1\public\index.php(45): CodeIgniter\CodeIgniter->run()
#7 {main}
CRITICAL - 2020-11-13 17:33:53 --> syntax error, unexpected '?>', expecting ')'
#0 D:\laragon\www\test1\vendor\codeigniter4\framework\system\Common.php(1119): CodeIgniter\View\View->render('team/create', Array, true)
#1 D:\laragon\www\test1\app\Controllers\Team.php(63): view('team/create', Array)
#2 D:\laragon\www\test1\vendor\codeigniter4\framework\system\CodeIgniter.php(918): App\Controllers\Team->createteam()
#3 D:\laragon\www\test1\vendor\codeigniter4\framework\system\CodeIgniter.php(404): CodeIgniter\CodeIgniter->runController(Object(App\Controllers\Team))
#4 D:\laragon\www\test1\vendor\codeigniter4\framework\system\CodeIgniter.php(312): CodeIgniter\CodeIgniter->handleRequest(NULL, Object(Config\Cache), false)
#5 D:\laragon\www\test1\public\index.php(45): CodeIgniter\CodeIgniter->run()
#6 {main}
CRITICAL - 2020-11-13 17:34:02 --> Undefined property: CodeIgniter\Validation\Validation::$listError
#0 D:\laragon\www\test1\app\Views\team\create.php(3): CodeIgniter\Debug\Exceptions->errorHandler(8, 'Undefined prope...', 'D:\\laragon\\www\\...', 3, Array)
#1 D:\laragon\www\test1\vendor\codeigniter4\framework\system\View\View.php(246): include('D:\\laragon\\www\\...')
#2 D:\laragon\www\test1\vendor\codeigniter4\framework\system\Common.php(1119): CodeIgniter\View\View->render('team/create', Array, true)
#3 D:\laragon\www\test1\app\Controllers\Team.php(63): view('team/create', Array)
#4 D:\laragon\www\test1\vendor\codeigniter4\framework\system\CodeIgniter.php(918): App\Controllers\Team->createteam()
#5 D:\laragon\www\test1\vendor\codeigniter4\framework\system\CodeIgniter.php(404): CodeIgniter\CodeIgniter->runController(Object(App\Controllers\Team))
#6 D:\laragon\www\test1\vendor\codeigniter4\framework\system\CodeIgniter.php(312): CodeIgniter\CodeIgniter->handleRequest(NULL, Object(Config\Cache), false)
#7 D:\laragon\www\test1\public\index.php(45): CodeIgniter\CodeIgniter->run()
#8 {main}
CRITICAL - 2020-11-13 17:58:44 --> Undefined variable: i
#0 D:\laragon\www\test1\app\Views\team\index.php(34): CodeIgniter\Debug\Exceptions->errorHandler(8, 'Undefined varia...', 'D:\\laragon\\www\\...', 34, Array)
#1 D:\laragon\www\test1\vendor\codeigniter4\framework\system\View\View.php(246): include('D:\\laragon\\www\\...')
#2 D:\laragon\www\test1\vendor\codeigniter4\framework\system\Common.php(1119): CodeIgniter\View\View->render('team/index', Array, true)
#3 D:\laragon\www\test1\app\Controllers\Team.php(14): view('team/index', Array)
#4 D:\laragon\www\test1\vendor\codeigniter4\framework\system\CodeIgniter.php(918): App\Controllers\Team->index()
#5 D:\laragon\www\test1\vendor\codeigniter4\framework\system\CodeIgniter.php(404): CodeIgniter\CodeIgniter->runController(Object(App\Controllers\Team))
#6 D:\laragon\www\test1\vendor\codeigniter4\framework\system\CodeIgniter.php(312): CodeIgniter\CodeIgniter->handleRequest(NULL, Object(Config\Cache), false)
#7 D:\laragon\www\test1\public\index.php(45): CodeIgniter\CodeIgniter->run()
#8 {main}
CRITICAL - 2020-11-13 18:32:33 --> Undefined index: name
#0 D:\laragon\www\test1\app\Views\team\edit.php(20): CodeIgniter\Debug\Exceptions->errorHandler(8, 'Undefined index...', 'D:\\laragon\\www\\...', 20, Array)
#1 D:\laragon\www\test1\vendor\codeigniter4\framework\system\View\View.php(246): include('D:\\laragon\\www\\...')
#2 D:\laragon\www\test1\vendor\codeigniter4\framework\system\Common.php(1119): CodeIgniter\View\View->render('team/edit', Array, true)
#3 D:\laragon\www\test1\app\Controllers\Team.php(22): view('team/edit', Array)
#4 D:\laragon\www\test1\vendor\codeigniter4\framework\system\CodeIgniter.php(918): App\Controllers\Team->editteam('5bfcf09f-95a7-4...')
#5 D:\laragon\www\test1\vendor\codeigniter4\framework\system\CodeIgniter.php(404): CodeIgniter\CodeIgniter->runController(Object(App\Controllers\Team))
#6 D:\laragon\www\test1\vendor\codeigniter4\framework\system\CodeIgniter.php(312): CodeIgniter\CodeIgniter->handleRequest(NULL, Object(Config\Cache), false)
#7 D:\laragon\www\test1\public\index.php(45): CodeIgniter\CodeIgniter->run()
#8 {main}
CRITICAL - 2020-11-13 18:34:11 --> Undefined index: name
#0 D:\laragon\www\test1\app\Views\team\edit.php(20): CodeIgniter\Debug\Exceptions->errorHandler(8, 'Undefined index...', 'D:\\laragon\\www\\...', 20, Array)
#1 D:\laragon\www\test1\vendor\codeigniter4\framework\system\View\View.php(246): include('D:\\laragon\\www\\...')
#2 D:\laragon\www\test1\vendor\codeigniter4\framework\system\Common.php(1119): CodeIgniter\View\View->render('team/edit', Array, true)
#3 D:\laragon\www\test1\app\Controllers\Team.php(23): view('team/edit', Array)
#4 D:\laragon\www\test1\vendor\codeigniter4\framework\system\CodeIgniter.php(918): App\Controllers\Team->editteam('5bfcf09f-95a7-4...')
#5 D:\laragon\www\test1\vendor\codeigniter4\framework\system\CodeIgniter.php(404): CodeIgniter\CodeIgniter->runController(Object(App\Controllers\Team))
#6 D:\laragon\www\test1\vendor\codeigniter4\framework\system\CodeIgniter.php(312): CodeIgniter\CodeIgniter->handleRequest(NULL, Object(Config\Cache), false)
#7 D:\laragon\www\test1\public\index.php(45): CodeIgniter\CodeIgniter->run()
#8 {main}
CRITICAL - 2020-11-13 18:34:13 --> Undefined index: name
#0 D:\laragon\www\test1\app\Views\team\edit.php(20): CodeIgniter\Debug\Exceptions->errorHandler(8, 'Undefined index...', 'D:\\laragon\\www\\...', 20, Array)
#1 D:\laragon\www\test1\vendor\codeigniter4\framework\system\View\View.php(246): include('D:\\laragon\\www\\...')
#2 D:\laragon\www\test1\vendor\codeigniter4\framework\system\Common.php(1119): CodeIgniter\View\View->render('team/edit', Array, true)
#3 D:\laragon\www\test1\app\Controllers\Team.php(23): view('team/edit', Array)
#4 D:\laragon\www\test1\vendor\codeigniter4\framework\system\CodeIgniter.php(918): App\Controllers\Team->editteam('5bfcf09f-95a7-4...')
#5 D:\laragon\www\test1\vendor\codeigniter4\framework\system\CodeIgniter.php(404): CodeIgniter\CodeIgniter->runController(Object(App\Controllers\Team))
#6 D:\laragon\www\test1\vendor\codeigniter4\framework\system\CodeIgniter.php(312): CodeIgniter\CodeIgniter->handleRequest(NULL, Object(Config\Cache), false)
#7 D:\laragon\www\test1\public\index.php(45): CodeIgniter\CodeIgniter->run()
#8 {main}
CRITICAL - 2020-11-13 18:55:50 --> Illegal string offset 'name'
#0 D:\laragon\www\test1\app\Controllers\Team.php(25): CodeIgniter\Debug\Exceptions->errorHandler(2, 'Illegal string ...', 'D:\\laragon\\www\\...', 25, Array)
#1 D:\laragon\www\test1\vendor\codeigniter4\framework\system\CodeIgniter.php(918): App\Controllers\Team->editteam('5bfcf09f-95a7-4...')
#2 D:\laragon\www\test1\vendor\codeigniter4\framework\system\CodeIgniter.php(404): CodeIgniter\CodeIgniter->runController(Object(App\Controllers\Team))
#3 D:\laragon\www\test1\vendor\codeigniter4\framework\system\CodeIgniter.php(312): CodeIgniter\CodeIgniter->handleRequest(NULL, Object(Config\Cache), false)
#4 D:\laragon\www\test1\public\index.php(45): CodeIgniter\CodeIgniter->run()
#5 {main}
CRITICAL - 2020-11-13 19:23:53 --> Trying to access array offset on value of type null
#0 D:\laragon\www\test1\app\Views\page\managepersonal.php(37): CodeIgniter\Debug\Exceptions->errorHandler(8, 'Trying to acces...', 'D:\\laragon\\www\\...', 37, Array)
#1 D:\laragon\www\test1\vendor\codeigniter4\framework\system\View\View.php(246): include('D:\\laragon\\www\\...')
#2 D:\laragon\www\test1\vendor\codeigniter4\framework\system\Common.php(1119): CodeIgniter\View\View->render('page/managepers...', Array, true)
#3 D:\laragon\www\test1\app\Controllers\User.php(17): view('page/managepers...', Array)
#4 D:\laragon\www\test1\vendor\codeigniter4\framework\system\CodeIgniter.php(918): App\Controllers\User->index()
#5 D:\laragon\www\test1\vendor\codeigniter4\framework\system\CodeIgniter.php(404): CodeIgniter\CodeIgniter->runController(Object(App\Controllers\User))
#6 D:\laragon\www\test1\vendor\codeigniter4\framework\system\CodeIgniter.php(312): CodeIgniter\CodeIgniter->handleRequest(NULL, Object(Config\Cache), false)
#7 D:\laragon\www\test1\public\index.php(45): CodeIgniter\CodeIgniter->run()
#8 {main}
CRITICAL - 2020-11-13 19:25:18 --> Undefined index: id_role
#0 D:\laragon\www\test1\app\Views\page\managepersonal.php(37): CodeIgniter\Debug\Exceptions->errorHandler(8, 'Undefined index...', 'D:\\laragon\\www\\...', 37, Array)
#1 D:\laragon\www\test1\vendor\codeigniter4\framework\system\View\View.php(246): include('D:\\laragon\\www\\...')
#2 D:\laragon\www\test1\vendor\codeigniter4\framework\system\Common.php(1119): CodeIgniter\View\View->render('page/managepers...', Array, true)
#3 D:\laragon\www\test1\app\Controllers\User.php(17): view('page/managepers...', Array)
#4 D:\laragon\www\test1\vendor\codeigniter4\framework\system\CodeIgniter.php(918): App\Controllers\User->index()
#5 D:\laragon\www\test1\vendor\codeigniter4\framework\system\CodeIgniter.php(404): CodeIgniter\CodeIgniter->runController(Object(App\Controllers\User))
#6 D:\laragon\www\test1\vendor\codeigniter4\framework\system\CodeIgniter.php(312): CodeIgniter\CodeIgniter->handleRequest(NULL, Object(Config\Cache), false)
#7 D:\laragon\www\test1\public\index.php(45): CodeIgniter\CodeIgniter->run()
#8 {main}
CRITICAL - 2020-11-13 19:25:19 --> Undefined index: id_role
#0 D:\laragon\www\test1\app\Views\page\managepersonal.php(37): CodeIgniter\Debug\Exceptions->errorHandler(8, 'Undefined index...', 'D:\\laragon\\www\\...', 37, Array)
#1 D:\laragon\www\test1\vendor\codeigniter4\framework\system\View\View.php(246): include('D:\\laragon\\www\\...')
#2 D:\laragon\www\test1\vendor\codeigniter4\framework\system\Common.php(1119): CodeIgniter\View\View->render('page/managepers...', Array, true)
#3 D:\laragon\www\test1\app\Controllers\User.php(17): view('page/managepers...', Array)
#4 D:\laragon\www\test1\vendor\codeigniter4\framework\system\CodeIgniter.php(918): App\Controllers\User->index()
#5 D:\laragon\www\test1\vendor\codeigniter4\framework\system\CodeIgniter.php(404): CodeIgniter\CodeIgniter->runController(Object(App\Controllers\User))
#6 D:\laragon\www\test1\vendor\codeigniter4\framework\system\CodeIgniter.php(312): CodeIgniter\CodeIgniter->handleRequest(NULL, Object(Config\Cache), false)
#7 D:\laragon\www\test1\public\index.php(45): CodeIgniter\CodeIgniter->run()
#8 {main}
CRITICAL - 2020-11-13 19:25:32 --> Trying to access array offset on value of type null
#0 D:\laragon\www\test1\app\Views\page\managepersonal.php(38): CodeIgniter\Debug\Exceptions->errorHandler(8, 'Trying to acces...', 'D:\\laragon\\www\\...', 38, Array)
#1 D:\laragon\www\test1\vendor\codeigniter4\framework\system\View\View.php(246): include('D:\\laragon\\www\\...')
#2 D:\laragon\www\test1\vendor\codeigniter4\framework\system\Common.php(1119): CodeIgniter\View\View->render('page/managepers...', Array, true)
#3 D:\laragon\www\test1\app\Controllers\User.php(17): view('page/managepers...', Array)
#4 D:\laragon\www\test1\vendor\codeigniter4\framework\system\CodeIgniter.php(918): App\Controllers\User->index()
#5 D:\laragon\www\test1\vendor\codeigniter4\framework\system\CodeIgniter.php(404): CodeIgniter\CodeIgniter->runController(Object(App\Controllers\User))
#6 D:\laragon\www\test1\vendor\codeigniter4\framework\system\CodeIgniter.php(312): CodeIgniter\CodeIgniter->handleRequest(NULL, Object(Config\Cache), false)
#7 D:\laragon\www\test1\public\index.php(45): CodeIgniter\CodeIgniter->run()
#8 {main}
CRITICAL - 2020-11-13 19:25:52 --> Trying to access array offset on value of type null
#0 D:\laragon\www\test1\app\Views\page\managepersonal.php(38): CodeIgniter\Debug\Exceptions->errorHandler(8, 'Trying to acces...', 'D:\\laragon\\www\\...', 38, Array)
#1 D:\laragon\www\test1\vendor\codeigniter4\framework\system\View\View.php(246): include('D:\\laragon\\www\\...')
#2 D:\laragon\www\test1\vendor\codeigniter4\framework\system\Common.php(1119): CodeIgniter\View\View->render('page/managepers...', Array, true)
#3 D:\laragon\www\test1\app\Controllers\User.php(17): view('page/managepers...', Array)
#4 D:\laragon\www\test1\vendor\codeigniter4\framework\system\CodeIgniter.php(918): App\Controllers\User->index()
#5 D:\laragon\www\test1\vendor\codeigniter4\framework\system\CodeIgniter.php(404): CodeIgniter\CodeIgniter->runController(Object(App\Controllers\User))
#6 D:\laragon\www\test1\vendor\codeigniter4\framework\system\CodeIgniter.php(312): CodeIgniter\CodeIgniter->handleRequest(NULL, Object(Config\Cache), false)
#7 D:\laragon\www\test1\public\index.php(45): CodeIgniter\CodeIgniter->run()
#8 {main}
CRITICAL - 2020-11-13 19:26:49 --> Cannot use object of type App\Models\TeamModel as array
#0 D:\laragon\www\test1\vendor\codeigniter4\framework\system\View\View.php(246): include()
#1 D:\laragon\www\test1\vendor\codeigniter4\framework\system\Common.php(1119): CodeIgniter\View\View->render('page/managepers...', Array, true)
#2 D:\laragon\www\test1\app\Controllers\User.php(17): view('page/managepers...', Array)
#3 D:\laragon\www\test1\vendor\codeigniter4\framework\system\CodeIgniter.php(918): App\Controllers\User->index()
#4 D:\laragon\www\test1\vendor\codeigniter4\framework\system\CodeIgniter.php(404): CodeIgniter\CodeIgniter->runController(Object(App\Controllers\User))
#5 D:\laragon\www\test1\vendor\codeigniter4\framework\system\CodeIgniter.php(312): CodeIgniter\CodeIgniter->handleRequest(NULL, Object(Config\Cache), false)
#6 D:\laragon\www\test1\public\index.php(45): CodeIgniter\CodeIgniter->run()
#7 {main}
CRITICAL - 2020-11-13 19:35:49 --> Too few arguments to function App\Controllers\User::edituser(), 0 passed in D:\laragon\www\test1\vendor\codeigniter4\framework\system\CodeIgniter.php on line 918 and exactly 1 expected
#0 D:\laragon\www\test1\vendor\codeigniter4\framework\system\CodeIgniter.php(918): App\Controllers\User->edituser()
#1 D:\laragon\www\test1\vendor\codeigniter4\framework\system\CodeIgniter.php(404): CodeIgniter\CodeIgniter->runController(Object(App\Controllers\User))
#2 D:\laragon\www\test1\vendor\codeigniter4\framework\system\CodeIgniter.php(312): CodeIgniter\CodeIgniter->handleRequest(NULL, Object(Config\Cache), false)
#3 D:\laragon\www\test1\public\index.php(45): CodeIgniter\CodeIgniter->run()
#4 {main}
CRITICAL - 2020-11-13 19:44:18 --> Undefined index: name
#0 D:\laragon\www\test1\app\Views\user\edit.php(17): CodeIgniter\Debug\Exceptions->errorHandler(8, 'Undefined index...', 'D:\\laragon\\www\\...', 17, Array)
#1 D:\laragon\www\test1\vendor\codeigniter4\framework\system\View\View.php(246): include('D:\\laragon\\www\\...')
#2 D:\laragon\www\test1\vendor\codeigniter4\framework\system\Common.php(1119): CodeIgniter\View\View->render('user/edit', Array, true)
#3 D:\laragon\www\test1\app\Controllers\User.php(60): view('user/edit', Array)
#4 D:\laragon\www\test1\vendor\codeigniter4\framework\system\CodeIgniter.php(918): App\Controllers\User->edituser('2362019e-d14c-4...')
#5 D:\laragon\www\test1\vendor\codeigniter4\framework\system\CodeIgniter.php(404): CodeIgniter\CodeIgniter->runController(Object(App\Controllers\User))
#6 D:\laragon\www\test1\vendor\codeigniter4\framework\system\CodeIgniter.php(312): CodeIgniter\CodeIgniter->handleRequest(NULL, Object(Config\Cache), false)
#7 D:\laragon\www\test1\public\index.php(45): CodeIgniter\CodeIgniter->run()
#8 {main}
CRITICAL - 2020-11-13 19:44:37 --> Undefined variable: team
#0 D:\laragon\www\test1\app\Views\user\edit.php(17): CodeIgniter\Debug\Exceptions->errorHandler(8, 'Undefined varia...', 'D:\\laragon\\www\\...', 17, Array)
#1 D:\laragon\www\test1\vendor\codeigniter4\framework\system\View\View.php(246): include('D:\\laragon\\www\\...')
#2 D:\laragon\www\test1\vendor\codeigniter4\framework\system\Common.php(1119): CodeIgniter\View\View->render('user/edit', Array, true)
#3 D:\laragon\www\test1\app\Controllers\User.php(60): view('user/edit', Array)
#4 D:\laragon\www\test1\vendor\codeigniter4\framework\system\CodeIgniter.php(918): App\Controllers\User->edituser('2362019e-d14c-4...')
#5 D:\laragon\www\test1\vendor\codeigniter4\framework\system\CodeIgniter.php(404): CodeIgniter\CodeIgniter->runController(Object(App\Controllers\User))
#6 D:\laragon\www\test1\vendor\codeigniter4\framework\system\CodeIgniter.php(312): CodeIgniter\CodeIgniter->handleRequest(NULL, Object(Config\Cache), false)
#7 D:\laragon\www\test1\public\index.php(45): CodeIgniter\CodeIgniter->run()
#8 {main}
CRITICAL - 2020-11-13 19:44:39 --> Undefined variable: team
#0 D:\laragon\www\test1\app\Views\user\edit.php(17): CodeIgniter\Debug\Exceptions->errorHandler(8, 'Undefined varia...', 'D:\\laragon\\www\\...', 17, Array)
#1 D:\laragon\www\test1\vendor\codeigniter4\framework\system\View\View.php(246): include('D:\\laragon\\www\\...')
#2 D:\laragon\www\test1\vendor\codeigniter4\framework\system\Common.php(1119): CodeIgniter\View\View->render('user/edit', Array, true)
#3 D:\laragon\www\test1\app\Controllers\User.php(60): view('user/edit', Array)
#4 D:\laragon\www\test1\vendor\codeigniter4\framework\system\CodeIgniter.php(918): App\Controllers\User->edituser('2362019e-d14c-4...')
#5 D:\laragon\www\test1\vendor\codeigniter4\framework\system\CodeIgniter.php(404): CodeIgniter\CodeIgniter->runController(Object(App\Controllers\User))
#6 D:\laragon\www\test1\vendor\codeigniter4\framework\system\CodeIgniter.php(312): CodeIgniter\CodeIgniter->handleRequest(NULL, Object(Config\Cache), false)
#7 D:\laragon\www\test1\public\index.php(45): CodeIgniter\CodeIgniter->run()
#8 {main}
CRITICAL - 2020-11-13 19:44:40 --> Undefined variable: team
#0 D:\laragon\www\test1\app\Views\user\edit.php(17): CodeIgniter\Debug\Exceptions->errorHandler(8, 'Undefined varia...', 'D:\\laragon\\www\\...', 17, Array)
#1 D:\laragon\www\test1\vendor\codeigniter4\framework\system\View\View.php(246): include('D:\\laragon\\www\\...')
#2 D:\laragon\www\test1\vendor\codeigniter4\framework\system\Common.php(1119): CodeIgniter\View\View->render('user/edit', Array, true)
#3 D:\laragon\www\test1\app\Controllers\User.php(60): view('user/edit', Array)
#4 D:\laragon\www\test1\vendor\codeigniter4\framework\system\CodeIgniter.php(918): App\Controllers\User->edituser('2362019e-d14c-4...')
#5 D:\laragon\www\test1\vendor\codeigniter4\framework\system\CodeIgniter.php(404): CodeIgniter\CodeIgniter->runController(Object(App\Controllers\User))
#6 D:\laragon\www\test1\vendor\codeigniter4\framework\system\CodeIgniter.php(312): CodeIgniter\CodeIgniter->handleRequest(NULL, Object(Config\Cache), false)
#7 D:\laragon\www\test1\public\index.php(45): CodeIgniter\CodeIgniter->run()
#8 {main}
CRITICAL - 2020-11-13 19:45:34 --> Undefined index: dipslay_name
#0 D:\laragon\www\test1\app\Views\user\edit.php(17): CodeIgniter\Debug\Exceptions->errorHandler(8, 'Undefined index...', 'D:\\laragon\\www\\...', 17, Array)
#1 D:\laragon\www\test1\vendor\codeigniter4\framework\system\View\View.php(246): include('D:\\laragon\\www\\...')
#2 D:\laragon\www\test1\vendor\codeigniter4\framework\system\Common.php(1119): CodeIgniter\View\View->render('user/edit', Array, true)
#3 D:\laragon\www\test1\app\Controllers\User.php(60): view('user/edit', Array)
#4 D:\laragon\www\test1\vendor\codeigniter4\framework\system\CodeIgniter.php(918): App\Controllers\User->edituser('2362019e-d14c-4...')
#5 D:\laragon\www\test1\vendor\codeigniter4\framework\system\CodeIgniter.php(404): CodeIgniter\CodeIgniter->runController(Object(App\Controllers\User))
#6 D:\laragon\www\test1\vendor\codeigniter4\framework\system\CodeIgniter.php(312): CodeIgniter\CodeIgniter->handleRequest(NULL, Object(Config\Cache), false)
#7 D:\laragon\www\test1\public\index.php(45): CodeIgniter\CodeIgniter->run()
#8 {main}
CRITICAL - 2020-11-13 19:47:08 --> Undefined variable: roles
#0 D:\laragon\www\test1\app\Views\user\edit.php(33): CodeIgniter\Debug\Exceptions->errorHandler(8, 'Undefined varia...', 'D:\\laragon\\www\\...', 33, Array)
#1 D:\laragon\www\test1\vendor\codeigniter4\framework\system\View\View.php(246): include('D:\\laragon\\www\\...')
#2 D:\laragon\www\test1\vendor\codeigniter4\framework\system\Common.php(1119): CodeIgniter\View\View->render('user/edit', Array, true)
#3 D:\laragon\www\test1\app\Controllers\User.php(61): view('user/edit', Array)
#4 D:\laragon\www\test1\vendor\codeigniter4\framework\system\CodeIgniter.php(918): App\Controllers\User->edituser('2362019e-d14c-4...')
#5 D:\laragon\www\test1\vendor\codeigniter4\framework\system\CodeIgniter.php(404): CodeIgniter\CodeIgniter->runController(Object(App\Controllers\User))
#6 D:\laragon\www\test1\vendor\codeigniter4\framework\system\CodeIgniter.php(312): CodeIgniter\CodeIgniter->handleRequest(NULL, Object(Config\Cache), false)
#7 D:\laragon\www\test1\public\index.php(45): CodeIgniter\CodeIgniter->run()
#8 {main}
CRITICAL - 2020-11-13 19:47:16 --> Undefined index: id_role
#0 D:\laragon\www\test1\app\Views\user\edit.php(34): CodeIgniter\Debug\Exceptions->errorHandler(8, 'Undefined index...', 'D:\\laragon\\www\\...', 34, Array)
#1 D:\laragon\www\test1\vendor\codeigniter4\framework\system\View\View.php(246): include('D:\\laragon\\www\\...')
#2 D:\laragon\www\test1\vendor\codeigniter4\framework\system\Common.php(1119): CodeIgniter\View\View->render('user/edit', Array, true)
#3 D:\laragon\www\test1\app\Controllers\User.php(61): view('user/edit', Array)
#4 D:\laragon\www\test1\vendor\codeigniter4\framework\system\CodeIgniter.php(918): App\Controllers\User->edituser('2362019e-d14c-4...')
#5 D:\laragon\www\test1\vendor\codeigniter4\framework\system\CodeIgniter.php(404): CodeIgniter\CodeIgniter->runController(Object(App\Controllers\User))
#6 D:\laragon\www\test1\vendor\codeigniter4\framework\system\CodeIgniter.php(312): CodeIgniter\CodeIgniter->handleRequest(NULL, Object(Config\Cache), false)
#7 D:\laragon\www\test1\public\index.php(45): CodeIgniter\CodeIgniter->run()
#8 {main}
CRITICAL - 2020-11-13 19:49:05 --> Undefined index: id_role
#0 D:\laragon\www\test1\app\Views\user\edit.php(34): CodeIgniter\Debug\Exceptions->errorHandler(8, 'Undefined index...', 'D:\\laragon\\www\\...', 34, Array)
#1 D:\laragon\www\test1\vendor\codeigniter4\framework\system\View\View.php(246): include('D:\\laragon\\www\\...')
#2 D:\laragon\www\test1\vendor\codeigniter4\framework\system\Common.php(1119): CodeIgniter\View\View->render('user/edit', Array, true)
#3 D:\laragon\www\test1\app\Controllers\User.php(61): view('user/edit', Array)
#4 D:\laragon\www\test1\vendor\codeigniter4\framework\system\CodeIgniter.php(918): App\Controllers\User->edituser('2362019e-d14c-4...')
#5 D:\laragon\www\test1\vendor\codeigniter4\framework\system\CodeIgniter.php(404): CodeIgniter\CodeIgniter->runController(Object(App\Controllers\User))
#6 D:\laragon\www\test1\vendor\codeigniter4\framework\system\CodeIgniter.php(312): CodeIgniter\CodeIgniter->handleRequest(NULL, Object(Config\Cache), false)
#7 D:\laragon\www\test1\public\index.php(45): CodeIgniter\CodeIgniter->run()
#8 {main}
CRITICAL - 2020-11-13 20:03:27 --> Trying to access array offset on value of type null
#0 D:\laragon\www\test1\app\Views\user\index.php(39): CodeIgniter\Debug\Exceptions->errorHandler(8, 'Trying to acces...', 'D:\\laragon\\www\\...', 39, Array)
#1 D:\laragon\www\test1\vendor\codeigniter4\framework\system\View\View.php(246): include('D:\\laragon\\www\\...')
#2 D:\laragon\www\test1\vendor\codeigniter4\framework\system\Common.php(1119): CodeIgniter\View\View->render('user/index', Array, true)
#3 D:\laragon\www\test1\app\Controllers\User.php(17): view('user/index', Array)
#4 D:\laragon\www\test1\vendor\codeigniter4\framework\system\CodeIgniter.php(918): App\Controllers\User->index()
#5 D:\laragon\www\test1\vendor\codeigniter4\framework\system\CodeIgniter.php(404): CodeIgniter\CodeIgniter->runController(Object(App\Controllers\User))
#6 D:\laragon\www\test1\vendor\codeigniter4\framework\system\CodeIgniter.php(312): CodeIgniter\CodeIgniter->handleRequest(NULL, Object(Config\Cache), false)
#7 D:\laragon\www\test1\public\index.php(45): CodeIgniter\CodeIgniter->run()
#8 {main}
CRITICAL - 2020-11-13 20:05:04 --> Trying to access array offset on value of type null
#0 D:\laragon\www\test1\app\Views\user\index.php(39): CodeIgniter\Debug\Exceptions->errorHandler(8, 'Trying to acces...', 'D:\\laragon\\www\\...', 39, Array)
#1 D:\laragon\www\test1\vendor\codeigniter4\framework\system\View\View.php(246): include('D:\\laragon\\www\\...')
#2 D:\laragon\www\test1\vendor\codeigniter4\framework\system\Common.php(1119): CodeIgniter\View\View->render('user/index', Array, true)
#3 D:\laragon\www\test1\app\Controllers\User.php(17): view('user/index', Array)
#4 D:\laragon\www\test1\vendor\codeigniter4\framework\system\CodeIgniter.php(918): App\Controllers\User->index()
#5 D:\laragon\www\test1\vendor\codeigniter4\framework\system\CodeIgniter.php(404): CodeIgniter\CodeIgniter->runController(Object(App\Controllers\User))
#6 D:\laragon\www\test1\vendor\codeigniter4\framework\system\CodeIgniter.php(312): CodeIgniter\CodeIgniter->handleRequest(NULL, Object(Config\Cache), false)
#7 D:\laragon\www\test1\public\index.php(45): CodeIgniter\CodeIgniter->run()
#8 {main}
CRITICAL - 2020-11-13 20:09:22 --> Undefined index: name
#0 D:\laragon\www\test1\app\Controllers\User.php(58): CodeIgniter\Debug\Exceptions->errorHandler(8, 'Undefined index...', 'D:\\laragon\\www\\...', 58, Array)
#1 D:\laragon\www\test1\vendor\codeigniter4\framework\system\CodeIgniter.php(918): App\Controllers\User->edituser('2362019e-d14c-4...')
#2 D:\laragon\www\test1\vendor\codeigniter4\framework\system\CodeIgniter.php(404): CodeIgniter\CodeIgniter->runController(Object(App\Controllers\User))
#3 D:\laragon\www\test1\vendor\codeigniter4\framework\system\CodeIgniter.php(312): CodeIgniter\CodeIgniter->handleRequest(NULL, Object(Config\Cache), false)
#4 D:\laragon\www\test1\public\index.php(45): CodeIgniter\CodeIgniter->run()
#5 {main}
CRITICAL - 2020-11-13 20:19:11 --> Undefined variable: user
#0 D:\laragon\www\test1\app\Views\user\detail.php(19): CodeIgniter\Debug\Exceptions->errorHandler(8, 'Undefined varia...', 'D:\\laragon\\www\\...', 19, Array)
#1 D:\laragon\www\test1\vendor\codeigniter4\framework\system\View\View.php(246): include('D:\\laragon\\www\\...')
#2 D:\laragon\www\test1\vendor\codeigniter4\framework\system\Common.php(1119): CodeIgniter\View\View->render('user/detail', Array, true)
#3 D:\laragon\www\test1\app\Controllers\User.php(80): view('user/detail', Array)
#4 D:\laragon\www\test1\vendor\codeigniter4\framework\system\CodeIgniter.php(918): App\Controllers\User->detailuser('2362019e-d14c-4...')
#5 D:\laragon\www\test1\vendor\codeigniter4\framework\system\CodeIgniter.php(404): CodeIgniter\CodeIgniter->runController(Object(App\Controllers\User))
#6 D:\laragon\www\test1\vendor\codeigniter4\framework\system\CodeIgniter.php(312): CodeIgniter\CodeIgniter->handleRequest(NULL, Object(Config\Cache), false)
#7 D:\laragon\www\test1\public\index.php(45): CodeIgniter\CodeIgniter->run()
#8 {main}
CRITICAL - 2020-11-13 20:20:48 --> Trying to access array offset on value of type null
#0 D:\laragon\www\test1\app\Views\user\detail.php(23): CodeIgniter\Debug\Exceptions->errorHandler(8, 'Trying to acces...', 'D:\\laragon\\www\\...', 23, Array)
#1 D:\laragon\www\test1\vendor\codeigniter4\framework\system\View\View.php(246): include('D:\\laragon\\www\\...')
#2 D:\laragon\www\test1\vendor\codeigniter4\framework\system\Common.php(1119): CodeIgniter\View\View->render('user/detail', Array, true)
#3 D:\laragon\www\test1\app\Controllers\User.php(80): view('user/detail', Array)
#4 D:\laragon\www\test1\vendor\codeigniter4\framework\system\CodeIgniter.php(918): App\Controllers\User->detailuser('2362019e-d14c-4...')
#5 D:\laragon\www\test1\vendor\codeigniter4\framework\system\CodeIgniter.php(404): CodeIgniter\CodeIgniter->runController(Object(App\Controllers\User))
#6 D:\laragon\www\test1\vendor\codeigniter4\framework\system\CodeIgniter.php(312): CodeIgniter\CodeIgniter->handleRequest(NULL, Object(Config\Cache), false)
#7 D:\laragon\www\test1\public\index.php(45): CodeIgniter\CodeIgniter->run()
#8 {main}
CRITICAL - 2020-11-13 20:21:58 --> Trying to access array offset on value of type null
#0 D:\laragon\www\test1\app\Views\user\detail.php(23): CodeIgniter\Debug\Exceptions->errorHandler(8, 'Trying to acces...', 'D:\\laragon\\www\\...', 23, Array)
#1 D:\laragon\www\test1\vendor\codeigniter4\framework\system\View\View.php(246): include('D:\\laragon\\www\\...')
#2 D:\laragon\www\test1\vendor\codeigniter4\framework\system\Common.php(1119): CodeIgniter\View\View->render('user/detail', Array, true)
#3 D:\laragon\www\test1\app\Controllers\User.php(80): view('user/detail', Array)
#4 D:\laragon\www\test1\vendor\codeigniter4\framework\system\CodeIgniter.php(918): App\Controllers\User->detailuser('2362019e-d14c-4...')
#5 D:\laragon\www\test1\vendor\codeigniter4\framework\system\CodeIgniter.php(404): CodeIgniter\CodeIgniter->runController(Object(App\Controllers\User))
#6 D:\laragon\www\test1\vendor\codeigniter4\framework\system\CodeIgniter.php(312): CodeIgniter\CodeIgniter->handleRequest(NULL, Object(Config\Cache), false)
#7 D:\laragon\www\test1\public\index.php(45): CodeIgniter\CodeIgniter->run()
#8 {main}
CRITICAL - 2020-11-13 20:22:05 --> Trying to access array offset on value of type null
#0 D:\laragon\www\test1\app\Views\user\detail.php(27): CodeIgniter\Debug\Exceptions->errorHandler(8, 'Trying to acces...', 'D:\\laragon\\www\\...', 27, Array)
#1 D:\laragon\www\test1\vendor\codeigniter4\framework\system\View\View.php(246): include('D:\\laragon\\www\\...')
#2 D:\laragon\www\test1\vendor\codeigniter4\framework\system\Common.php(1119): CodeIgniter\View\View->render('user/detail', Array, true)
#3 D:\laragon\www\test1\app\Controllers\User.php(80): view('user/detail', Array)
#4 D:\laragon\www\test1\vendor\codeigniter4\framework\system\CodeIgniter.php(918): App\Controllers\User->detailuser('2362019e-d14c-4...')
#5 D:\laragon\www\test1\vendor\codeigniter4\framework\system\CodeIgniter.php(404): CodeIgniter\CodeIgniter->runController(Object(App\Controllers\User))
#6 D:\laragon\www\test1\vendor\codeigniter4\framework\system\CodeIgniter.php(312): CodeIgniter\CodeIgniter->handleRequest(NULL, Object(Config\Cache), false)
#7 D:\laragon\www\test1\public\index.php(45): CodeIgniter\CodeIgniter->run()
#8 {main}
CRITICAL - 2020-11-13 20:22:06 --> Trying to access array offset on value of type null
#0 D:\laragon\www\test1\app\Views\user\detail.php(27): CodeIgniter\Debug\Exceptions->errorHandler(8, 'Trying to acces...', 'D:\\laragon\\www\\...', 27, Array)
#1 D:\laragon\www\test1\vendor\codeigniter4\framework\system\View\View.php(246): include('D:\\laragon\\www\\...')
#2 D:\laragon\www\test1\vendor\codeigniter4\framework\system\Common.php(1119): CodeIgniter\View\View->render('user/detail', Array, true)
#3 D:\laragon\www\test1\app\Controllers\User.php(80): view('user/detail', Array)
#4 D:\laragon\www\test1\vendor\codeigniter4\framework\system\CodeIgniter.php(918): App\Controllers\User->detailuser('2362019e-d14c-4...')
#5 D:\laragon\www\test1\vendor\codeigniter4\framework\system\CodeIgniter.php(404): CodeIgniter\CodeIgniter->runController(Object(App\Controllers\User))
#6 D:\laragon\www\test1\vendor\codeigniter4\framework\system\CodeIgniter.php(312): CodeIgniter\CodeIgniter->handleRequest(NULL, Object(Config\Cache), false)
#7 D:\laragon\www\test1\public\index.php(45): CodeIgniter\CodeIgniter->run()
#8 {main}
CRITICAL - 2020-11-13 20:26:35 --> Undefined index: display_name
#0 D:\laragon\www\test1\app\Controllers\User.php(81): CodeIgniter\Debug\Exceptions->errorHandler(8, 'Undefined index...', 'D:\\laragon\\www\\...', 81, Array)
#1 D:\laragon\www\test1\vendor\codeigniter4\framework\system\CodeIgniter.php(918): App\Controllers\User->detailuser('2362019e-d14c-4...')
#2 D:\laragon\www\test1\vendor\codeigniter4\framework\system\CodeIgniter.php(404): CodeIgniter\CodeIgniter->runController(Object(App\Controllers\User))
#3 D:\laragon\www\test1\vendor\codeigniter4\framework\system\CodeIgniter.php(312): CodeIgniter\CodeIgniter->handleRequest(NULL, Object(Config\Cache), false)
#4 D:\laragon\www\test1\public\index.php(45): CodeIgniter\CodeIgniter->run()
#5 {main}
CRITICAL - 2020-11-13 20:29:15 --> syntax error, unexpected '}', expecting ';'
#0 D:\laragon\www\test1\vendor\codeigniter4\framework\system\Autoloader\Autoloader.php(296): CodeIgniter\Autoloader\Autoloader->requireFile('D:\\laragon\\www\\...')
#1 D:\laragon\www\test1\vendor\codeigniter4\framework\system\Autoloader\Autoloader.php(258): CodeIgniter\Autoloader\Autoloader->loadInNamespace('App\\Controllers...')
#2 [internal function]: CodeIgniter\Autoloader\Autoloader->loadClass('App\\Controllers...')
#3 [internal function]: spl_autoload_call('App\\Controllers...')
#4 D:\laragon\www\test1\vendor\codeigniter4\framework\system\CodeIgniter.php(869): class_exists('\\App\\Controller...', true)
#5 D:\laragon\www\test1\vendor\codeigniter4\framework\system\CodeIgniter.php(394): CodeIgniter\CodeIgniter->startController()
#6 D:\laragon\www\test1\vendor\codeigniter4\framework\system\CodeIgniter.php(312): CodeIgniter\CodeIgniter->handleRequest(NULL, Object(Config\Cache), false)
#7 D:\laragon\www\test1\public\index.php(45): CodeIgniter\CodeIgniter->run()
#8 {main}
CRITICAL - 2020-11-13 20:31:28 --> Undefined index: user_id
#0 D:\laragon\www\test1\app\Views\user\detail.php(41): CodeIgniter\Debug\Exceptions->errorHandler(8, 'Undefined index...', 'D:\\laragon\\www\\...', 41, Array)
#1 D:\laragon\www\test1\vendor\codeigniter4\framework\system\View\View.php(246): include('D:\\laragon\\www\\...')
#2 D:\laragon\www\test1\vendor\codeigniter4\framework\system\Common.php(1119): CodeIgniter\View\View->render('user/detail', Array, true)
#3 D:\laragon\www\test1\app\Controllers\User.php(81): view('user/detail', Array)
#4 D:\laragon\www\test1\vendor\codeigniter4\framework\system\CodeIgniter.php(918): App\Controllers\User->detailuser('2362019e-d14c-4...')
#5 D:\laragon\www\test1\vendor\codeigniter4\framework\system\CodeIgniter.php(404): CodeIgniter\CodeIgniter->runController(Object(App\Controllers\User))
#6 D:\laragon\www\test1\vendor\codeigniter4\framework\system\CodeIgniter.php(312): CodeIgniter\CodeIgniter->handleRequest(NULL, Object(Config\Cache), false)
#7 D:\laragon\www\test1\public\index.php(45): CodeIgniter\CodeIgniter->run()
#8 {main}
CRITICAL - 2020-11-13 20:36:40 --> Undefined variable: user
#0 D:\laragon\www\test1\app\Views\user\adduser.php(21): CodeIgniter\Debug\Exceptions->errorHandler(8, 'Undefined varia...', 'D:\\laragon\\www\\...', 21, Array)
#1 D:\laragon\www\test1\vendor\codeigniter4\framework\system\View\View.php(246): include('D:\\laragon\\www\\...')
#2 D:\laragon\www\test1\vendor\codeigniter4\framework\system\Common.php(1119): CodeIgniter\View\View->render('user/adduser', Array, true)
#3 D:\laragon\www\test1\app\Controllers\User.php(26): view('user/adduser', Array)
#4 D:\laragon\www\test1\vendor\codeigniter4\framework\system\CodeIgniter.php(918): App\Controllers\User->adduser()
#5 D:\laragon\www\test1\vendor\codeigniter4\framework\system\CodeIgniter.php(404): CodeIgniter\CodeIgniter->runController(Object(App\Controllers\User))
#6 D:\laragon\www\test1\vendor\codeigniter4\framework\system\CodeIgniter.php(312): CodeIgniter\CodeIgniter->handleRequest(NULL, Object(Config\Cache), false)
#7 D:\laragon\www\test1\public\index.php(45): CodeIgniter\CodeIgniter->run()
#8 {main}
CRITICAL - 2020-11-13 21:04:07 --> Undefined index: leader_id
#0 D:\laragon\www\test1\app\Controllers\User.php(24): CodeIgniter\Debug\Exceptions->errorHandler(8, 'Undefined index...', 'D:\\laragon\\www\\...', 24, Array)
#1 D:\laragon\www\test1\vendor\codeigniter4\framework\system\CodeIgniter.php(918): App\Controllers\User->adduser()
#2 D:\laragon\www\test1\vendor\codeigniter4\framework\system\CodeIgniter.php(404): CodeIgniter\CodeIgniter->runController(Object(App\Controllers\User))
#3 D:\laragon\www\test1\vendor\codeigniter4\framework\system\CodeIgniter.php(312): CodeIgniter\CodeIgniter->handleRequest(NULL, Object(Config\Cache), false)
#4 D:\laragon\www\test1\public\index.php(45): CodeIgniter\CodeIgniter->run()
#5 {main}
CRITICAL - 2020-11-13 21:05:15 --> Undefined index: name
#0 D:\laragon\www\test1\app\Controllers\User.php(82): CodeIgniter\Debug\Exceptions->errorHandler(8, 'Undefined index...', 'D:\\laragon\\www\\...', 82, Array)
#1 D:\laragon\www\test1\vendor\codeigniter4\framework\system\CodeIgniter.php(918): App\Controllers\User->adduser()
#2 D:\laragon\www\test1\vendor\codeigniter4\framework\system\CodeIgniter.php(404): CodeIgniter\CodeIgniter->runController(Object(App\Controllers\User))
#3 D:\laragon\www\test1\vendor\codeigniter4\framework\system\CodeIgniter.php(312): CodeIgniter\CodeIgniter->handleRequest(NULL, Object(Config\Cache), false)
#4 D:\laragon\www\test1\public\index.php(45): CodeIgniter\CodeIgniter->run()
#5 {main}
CRITICAL - 2020-11-13 21:05:40 --> Duplicate entry '' for key 'PRIMARY'
#0 D:\laragon\www\test1\vendor\codeigniter4\framework\system\Database\MySQLi\Connection.php(331): mysqli->query('INSERT INTO `tb...')
#1 D:\laragon\www\test1\vendor\codeigniter4\framework\system\Database\BaseConnection.php(741): CodeIgniter\Database\MySQLi\Connection->execute('INSERT INTO `tb...')
#2 D:\laragon\www\test1\vendor\codeigniter4\framework\system\Database\BaseConnection.php(669): CodeIgniter\Database\BaseConnection->simpleQuery('INSERT INTO `tb...')
#3 D:\laragon\www\test1\vendor\codeigniter4\framework\system\Database\BaseBuilder.php(2249): CodeIgniter\Database\BaseConnection->query('INSERT INTO `tb...', Array, false)
#4 D:\laragon\www\test1\vendor\codeigniter4\framework\system\Model.php(755): CodeIgniter\Database\BaseBuilder->insert()
#5 D:\laragon\www\test1\app\Controllers\User.php(81): CodeIgniter\Model->insert(Array)
#6 D:\laragon\www\test1\vendor\codeigniter4\framework\system\CodeIgniter.php(918): App\Controllers\User->adduser()
#7 D:\laragon\www\test1\vendor\codeigniter4\framework\system\CodeIgniter.php(404): CodeIgniter\CodeIgniter->runController(Object(App\Controllers\User))
#8 D:\laragon\www\test1\vendor\codeigniter4\framework\system\CodeIgniter.php(312): CodeIgniter\CodeIgniter->handleRequest(NULL, Object(Config\Cache), false)
#9 D:\laragon\www\test1\public\index.php(45): CodeIgniter\CodeIgniter->run()
#10 {main}
CRITICAL - 2020-11-13 21:06:06 --> Duplicate entry '' for key 'PRIMARY'
#0 D:\laragon\www\test1\vendor\codeigniter4\framework\system\Database\MySQLi\Connection.php(331): mysqli->query('INSERT INTO `tb...')
#1 D:\laragon\www\test1\vendor\codeigniter4\framework\system\Database\BaseConnection.php(741): CodeIgniter\Database\MySQLi\Connection->execute('INSERT INTO `tb...')
#2 D:\laragon\www\test1\vendor\codeigniter4\framework\system\Database\BaseConnection.php(669): CodeIgniter\Database\BaseConnection->simpleQuery('INSERT INTO `tb...')
#3 D:\laragon\www\test1\vendor\codeigniter4\framework\system\Database\BaseBuilder.php(2249): CodeIgniter\Database\BaseConnection->query('INSERT INTO `tb...', Array, false)
#4 D:\laragon\www\test1\vendor\codeigniter4\framework\system\Model.php(755): CodeIgniter\Database\BaseBuilder->insert()
#5 D:\laragon\www\test1\app\Controllers\User.php(81): CodeIgniter\Model->insert(Array)
#6 D:\laragon\www\test1\vendor\codeigniter4\framework\system\CodeIgniter.php(918): App\Controllers\User->adduser()
#7 D:\laragon\www\test1\vendor\codeigniter4\framework\system\CodeIgniter.php(404): CodeIgniter\CodeIgniter->runController(Object(App\Controllers\User))
#8 D:\laragon\www\test1\vendor\codeigniter4\framework\system\CodeIgniter.php(312): CodeIgniter\CodeIgniter->handleRequest(NULL, Object(Config\Cache), false)
#9 D:\laragon\www\test1\public\index.php(45): CodeIgniter\CodeIgniter->run()
#10 {main}
CRITICAL - 2020-11-13 21:06:23 --> Column 'team_id' cannot be null
#0 D:\laragon\www\test1\vendor\codeigniter4\framework\system\Database\MySQLi\Connection.php(331): mysqli->query('INSERT INTO `tb...')
#1 D:\laragon\www\test1\vendor\codeigniter4\framework\system\Database\BaseConnection.php(741): CodeIgniter\Database\MySQLi\Connection->execute('INSERT INTO `tb...')
#2 D:\laragon\www\test1\vendor\codeigniter4\framework\system\Database\BaseConnection.php(669): CodeIgniter\Database\BaseConnection->simpleQuery('INSERT INTO `tb...')
#3 D:\laragon\www\test1\vendor\codeigniter4\framework\system\Database\BaseBuilder.php(2249): CodeIgniter\Database\BaseConnection->query('INSERT INTO `tb...', Array, false)
#4 D:\laragon\www\test1\vendor\codeigniter4\framework\system\Model.php(755): CodeIgniter\Database\BaseBuilder->insert()
#5 D:\laragon\www\test1\app\Controllers\User.php(81): CodeIgniter\Model->insert(Array)
#6 D:\laragon\www\test1\vendor\codeigniter4\framework\system\CodeIgniter.php(918): App\Controllers\User->adduser()
#7 D:\laragon\www\test1\vendor\codeigniter4\framework\system\CodeIgniter.php(404): CodeIgniter\CodeIgniter->runController(Object(App\Controllers\User))
#8 D:\laragon\www\test1\vendor\codeigniter4\framework\system\CodeIgniter.php(312): CodeIgniter\CodeIgniter->handleRequest(NULL, Object(Config\Cache), false)
#9 D:\laragon\www\test1\public\index.php(45): CodeIgniter\CodeIgniter->run()
#10 {main}
CRITICAL - 2020-11-13 21:07:56 --> Undefined offset: 0
#0 D:\laragon\www\test1\app\Controllers\User.php(22): CodeIgniter\Debug\Exceptions->errorHandler(8, 'Undefined offse...', 'D:\\laragon\\www\\...', 22, Array)
#1 D:\laragon\www\test1\vendor\codeigniter4\framework\system\CodeIgniter.php(918): App\Controllers\User->adduser()
#2 D:\laragon\www\test1\vendor\codeigniter4\framework\system\CodeIgniter.php(404): CodeIgniter\CodeIgniter->runController(Object(App\Controllers\User))
#3 D:\laragon\www\test1\vendor\codeigniter4\framework\system\CodeIgniter.php(312): CodeIgniter\CodeIgniter->handleRequest(NULL, Object(Config\Cache), false)
#4 D:\laragon\www\test1\public\index.php(45): CodeIgniter\CodeIgniter->run()
#5 {main}
CRITICAL - 2020-11-13 21:08:21 --> Too few arguments to function App\Controllers\Team::editteam(), 0 passed in D:\laragon\www\test1\vendor\codeigniter4\framework\system\CodeIgniter.php on line 918 and exactly 1 expected
#0 D:\laragon\www\test1\vendor\codeigniter4\framework\system\CodeIgniter.php(918): App\Controllers\Team->editteam()
#1 D:\laragon\www\test1\vendor\codeigniter4\framework\system\CodeIgniter.php(404): CodeIgniter\CodeIgniter->runController(Object(App\Controllers\Team))
#2 D:\laragon\www\test1\vendor\codeigniter4\framework\system\CodeIgniter.php(312): CodeIgniter\CodeIgniter->handleRequest(NULL, Object(Config\Cache), false)
#3 D:\laragon\www\test1\public\index.php(45): CodeIgniter\CodeIgniter->run()
#4 {main}
CRITICAL - 2020-11-13 21:09:23 --> Too few arguments to function App\Controllers\Team::editteam(), 0 passed in D:\laragon\www\test1\vendor\codeigniter4\framework\system\CodeIgniter.php on line 918 and exactly 1 expected
#0 D:\laragon\www\test1\vendor\codeigniter4\framework\system\CodeIgniter.php(918): App\Controllers\Team->editteam()
#1 D:\laragon\www\test1\vendor\codeigniter4\framework\system\CodeIgniter.php(404): CodeIgniter\CodeIgniter->runController(Object(App\Controllers\Team))
#2 D:\laragon\www\test1\vendor\codeigniter4\framework\system\CodeIgniter.php(312): CodeIgniter\CodeIgniter->handleRequest(NULL, Object(Config\Cache), false)
#3 D:\laragon\www\test1\public\index.php(45): CodeIgniter\CodeIgniter->run()
#4 {main}
CRITICAL - 2020-11-13 21:12:07 --> file_get_contents(D:\laragon\www\test1\writable\debugbar/debugbar_1605322917.json): failed to open stream: No such file or directory
#0 [internal function]: CodeIgniter\Debug\Exceptions->errorHandler(2, 'file_get_conten...', 'D:\\laragon\\www\\...', 111, Array)
#1 D:\laragon\www\test1\vendor\codeigniter4\framework\system\Debug\Toolbar\Collectors\History.php(111): file_get_contents('D:\\laragon\\www\\...')
#2 D:\laragon\www\test1\vendor\codeigniter4\framework\system\Debug\Toolbar.php(483): CodeIgniter\Debug\Toolbar\Collectors\History->setFiles(1605323524, 20)
#3 D:\laragon\www\test1\vendor\codeigniter4\framework\system\Debug\Toolbar.php(455): CodeIgniter\Debug\Toolbar->format(Array, 'html')
#4 D:\laragon\www\test1\app\Config\Events.php(50): CodeIgniter\Debug\Toolbar->respond()
#5 [internal function]: CodeIgniter\Events\Events::Config\{closure}()
#6 D:\laragon\www\test1\vendor\codeigniter4\framework\system\Events\Events.php(188): call_user_func(Object(Closure))
#7 D:\laragon\www\test1\vendor\codeigniter4\framework\system\CodeIgniter.php(293): CodeIgniter\Events\Events::trigger('pre_system')
#8 D:\laragon\www\test1\public\index.php(45): CodeIgniter\CodeIgniter->run()
#9 {main}
CRITICAL - 2020-11-13 21:37:50 --> Column 'team_id' cannot be null
#0 D:\laragon\www\test1\vendor\codeigniter4\framework\system\Database\MySQLi\Connection.php(331): mysqli->query('INSERT INTO `tb...')
#1 D:\laragon\www\test1\vendor\codeigniter4\framework\system\Database\BaseConnection.php(741): CodeIgniter\Database\MySQLi\Connection->execute('INSERT INTO `tb...')
#2 D:\laragon\www\test1\vendor\codeigniter4\framework\system\Database\BaseConnection.php(669): CodeIgniter\Database\BaseConnection->simpleQuery('INSERT INTO `tb...')
#3 D:\laragon\www\test1\vendor\codeigniter4\framework\system\Database\BaseBuilder.php(2249): CodeIgniter\Database\BaseConnection->query('INSERT INTO `tb...', Array, false)
#4 D:\laragon\www\test1\vendor\codeigniter4\framework\system\Model.php(755): CodeIgniter\Database\BaseBuilder->insert()
#5 D:\laragon\www\test1\app\Controllers\User.php(121): CodeIgniter\Model->insert(Array)
#6 D:\laragon\www\test1\vendor\codeigniter4\framework\system\CodeIgniter.php(918): App\Controllers\User->adduser()
#7 D:\laragon\www\test1\vendor\codeigniter4\framework\system\CodeIgniter.php(404): CodeIgniter\CodeIgniter->runController(Object(App\Controllers\User))
#8 D:\laragon\www\test1\vendor\codeigniter4\framework\system\CodeIgniter.php(312): CodeIgniter\CodeIgniter->handleRequest(NULL, Object(Config\Cache), false)
#9 D:\laragon\www\test1\public\index.php(45): CodeIgniter\CodeIgniter->run()
#10 {main}
CRITICAL - 2020-11-13 21:38:18 --> Trying to access array offset on value of type null
#0 D:\laragon\www\test1\app\Views\user\index.php(39): CodeIgniter\Debug\Exceptions->errorHandler(8, 'Trying to acces...', 'D:\\laragon\\www\\...', 39, Array)
#1 D:\laragon\www\test1\vendor\codeigniter4\framework\system\View\View.php(246): include('D:\\laragon\\www\\...')
#2 D:\laragon\www\test1\vendor\codeigniter4\framework\system\Common.php(1119): CodeIgniter\View\View->render('user/index', Array, true)
#3 D:\laragon\www\test1\app\Controllers\User.php(17): view('user/index', Array)
#4 D:\laragon\www\test1\vendor\codeigniter4\framework\system\CodeIgniter.php(918): App\Controllers\User->index()
#5 D:\laragon\www\test1\vendor\codeigniter4\framework\system\CodeIgniter.php(404): CodeIgniter\CodeIgniter->runController(Object(App\Controllers\User))
#6 D:\laragon\www\test1\vendor\codeigniter4\framework\system\CodeIgniter.php(312): CodeIgniter\CodeIgniter->handleRequest(NULL, Object(Config\Cache), false)
#7 D:\laragon\www\test1\public\index.php(45): CodeIgniter\CodeIgniter->run()
#8 {main}
CRITICAL - 2020-11-13 21:38:48 --> Trying to access array offset on value of type null
#0 D:\laragon\www\test1\app\Views\user\index.php(39): CodeIgniter\Debug\Exceptions->errorHandler(8, 'Trying to acces...', 'D:\\laragon\\www\\...', 39, Array)
#1 D:\laragon\www\test1\vendor\codeigniter4\framework\system\View\View.php(246): include('D:\\laragon\\www\\...')
#2 D:\laragon\www\test1\vendor\codeigniter4\framework\system\Common.php(1119): CodeIgniter\View\View->render('user/index', Array, true)
#3 D:\laragon\www\test1\app\Controllers\User.php(17): view('user/index', Array)
#4 D:\laragon\www\test1\vendor\codeigniter4\framework\system\CodeIgniter.php(918): App\Controllers\User->index()
#5 D:\laragon\www\test1\vendor\codeigniter4\framework\system\CodeIgniter.php(404): CodeIgniter\CodeIgniter->runController(Object(App\Controllers\User))
#6 D:\laragon\www\test1\vendor\codeigniter4\framework\system\CodeIgniter.php(312): CodeIgniter\CodeIgniter->handleRequest(NULL, Object(Config\Cache), false)
#7 D:\laragon\www\test1\public\index.php(45): CodeIgniter\CodeIgniter->run()
#8 {main}
CRITICAL - 2020-11-13 21:38:49 --> Trying to access array offset on value of type null
#0 D:\laragon\www\test1\app\Views\user\index.php(39): CodeIgniter\Debug\Exceptions->errorHandler(8, 'Trying to acces...', 'D:\\laragon\\www\\...', 39, Array)
#1 D:\laragon\www\test1\vendor\codeigniter4\framework\system\View\View.php(246): include('D:\\laragon\\www\\...')
#2 D:\laragon\www\test1\vendor\codeigniter4\framework\system\Common.php(1119): CodeIgniter\View\View->render('user/index', Array, true)
#3 D:\laragon\www\test1\app\Controllers\User.php(17): view('user/index', Array)
#4 D:\laragon\www\test1\vendor\codeigniter4\framework\system\CodeIgniter.php(918): App\Controllers\User->index()
#5 D:\laragon\www\test1\vendor\codeigniter4\framework\system\CodeIgniter.php(404): CodeIgniter\CodeIgniter->runController(Object(App\Controllers\User))
#6 D:\laragon\www\test1\vendor\codeigniter4\framework\system\CodeIgniter.php(312): CodeIgniter\CodeIgniter->handleRequest(NULL, Object(Config\Cache), false)
#7 D:\laragon\www\test1\public\index.php(45): CodeIgniter\CodeIgniter->run()
#8 {main}
CRITICAL - 2020-11-13 21:38:50 --> Trying to access array offset on value of type null
#0 D:\laragon\www\test1\app\Views\user\index.php(39): CodeIgniter\Debug\Exceptions->errorHandler(8, 'Trying to acces...', 'D:\\laragon\\www\\...', 39, Array)
#1 D:\laragon\www\test1\vendor\codeigniter4\framework\system\View\View.php(246): include('D:\\laragon\\www\\...')
#2 D:\laragon\www\test1\vendor\codeigniter4\framework\system\Common.php(1119): CodeIgniter\View\View->render('user/index', Array, true)
#3 D:\laragon\www\test1\app\Controllers\User.php(17): view('user/index', Array)
#4 D:\laragon\www\test1\vendor\codeigniter4\framework\system\CodeIgniter.php(918): App\Controllers\User->index()
#5 D:\laragon\www\test1\vendor\codeigniter4\framework\system\CodeIgniter.php(404): CodeIgniter\CodeIgniter->runController(Object(App\Controllers\User))
#6 D:\laragon\www\test1\vendor\codeigniter4\framework\system\CodeIgniter.php(312): CodeIgniter\CodeIgniter->handleRequest(NULL, Object(Config\Cache), false)
#7 D:\laragon\www\test1\public\index.php(45): CodeIgniter\CodeIgniter->run()
#8 {main}
CRITICAL - 2020-11-13 21:39:24 --> syntax error, unexpected '?>'
#0 D:\laragon\www\test1\vendor\codeigniter4\framework\system\Common.php(1119): CodeIgniter\View\View->render('user/index', Array, true)
#1 D:\laragon\www\test1\app\Controllers\User.php(17): view('user/index', Array)
#2 D:\laragon\www\test1\vendor\codeigniter4\framework\system\CodeIgniter.php(918): App\Controllers\User->index()
#3 D:\laragon\www\test1\vendor\codeigniter4\framework\system\CodeIgniter.php(404): CodeIgniter\CodeIgniter->runController(Object(App\Controllers\User))
#4 D:\laragon\www\test1\vendor\codeigniter4\framework\system\CodeIgniter.php(312): CodeIgniter\CodeIgniter->handleRequest(NULL, Object(Config\Cache), false)
#5 D:\laragon\www\test1\public\index.php(45): CodeIgniter\CodeIgniter->run()
#6 {main}
CRITICAL - 2020-11-13 21:39:25 --> syntax error, unexpected '?>'
#0 D:\laragon\www\test1\vendor\codeigniter4\framework\system\Common.php(1119): CodeIgniter\View\View->render('user/index', Array, true)
#1 D:\laragon\www\test1\app\Controllers\User.php(17): view('user/index', Array)
#2 D:\laragon\www\test1\vendor\codeigniter4\framework\system\CodeIgniter.php(918): App\Controllers\User->index()
#3 D:\laragon\www\test1\vendor\codeigniter4\framework\system\CodeIgniter.php(404): CodeIgniter\CodeIgniter->runController(Object(App\Controllers\User))
#4 D:\laragon\www\test1\vendor\codeigniter4\framework\system\CodeIgniter.php(312): CodeIgniter\CodeIgniter->handleRequest(NULL, Object(Config\Cache), false)
#5 D:\laragon\www\test1\public\index.php(45): CodeIgniter\CodeIgniter->run()
#6 {main}
CRITICAL - 2020-11-13 21:39:42 --> Trying to access array offset on value of type null
#0 D:\laragon\www\test1\app\Views\user\index.php(39): CodeIgniter\Debug\Exceptions->errorHandler(8, 'Trying to acces...', 'D:\\laragon\\www\\...', 39, Array)
#1 D:\laragon\www\test1\vendor\codeigniter4\framework\system\View\View.php(246): include('D:\\laragon\\www\\...')
#2 D:\laragon\www\test1\vendor\codeigniter4\framework\system\Common.php(1119): CodeIgniter\View\View->render('user/index', Array, true)
#3 D:\laragon\www\test1\app\Controllers\User.php(17): view('user/index', Array)
#4 D:\laragon\www\test1\vendor\codeigniter4\framework\system\CodeIgniter.php(918): App\Controllers\User->index()
#5 D:\laragon\www\test1\vendor\codeigniter4\framework\system\CodeIgniter.php(404): CodeIgniter\CodeIgniter->runController(Object(App\Controllers\User))
#6 D:\laragon\www\test1\vendor\codeigniter4\framework\system\CodeIgniter.php(312): CodeIgniter\CodeIgniter->handleRequest(NULL, Object(Config\Cache), false)
#7 D:\laragon\www\test1\public\index.php(45): CodeIgniter\CodeIgniter->run()
#8 {main}
