CRITICAL - 2020-08-01 17:47:26 --> Declaration of App\Filters\Auth::before(CodeIgniter\HTTP\RequestInterface $request) must be compatible with CodeIgniter\Filters\FilterInterface::before(CodeIgniter\HTTP\RequestInterface $request, $arguments = NULL)
#0 [internal function]: CodeIgniter\Debug\Exceptions->shutdownHandler()
#1 {main}
CRITICAL - 2020-08-01 17:50:40 --> Declaration of App\Filters\Auth::before(CodeIgniter\HTTP\RequestInterface $request) must be compatible with CodeIgniter\Filters\FilterInterface::before(CodeIgniter\HTTP\RequestInterface $request, $arguments = NULL)
#0 [internal function]: CodeIgniter\Debug\Exceptions->shutdownHandler()
#1 {main}
CRITICAL - 2020-08-01 18:04:44 --> Class 'App\Filters\Auth' not found
#0 D:\laragon\www\SiPosci\vendor\codeigniter4\framework\system\CodeIgniter.php(382): CodeIgniter\Filters\Filters->run('auth', 'before')
#1 D:\laragon\www\SiPosci\vendor\codeigniter4\framework\system\CodeIgniter.php(312): CodeIgniter\CodeIgniter->handleRequest(NULL, Object(Config\Cache), false)
#2 D:\laragon\www\SiPosci\public\index.php(45): CodeIgniter\CodeIgniter->run()
#3 D:\laragon\www\SiPosci\vendor\codeigniter4\framework\system\Commands\Server\rewrite.php(34): require_once('D:\\laragon\\www\\...')
#4 {main}
CRITICAL - 2020-08-01 19:29:43 --> syntax error, unexpected 'if' (T_IF)
#0 D:\laragon\www\SiPosci\vendor\codeigniter4\framework\system\CodeIgniter.php(364): CodeIgniter\CodeIgniter->tryToRouteIt(NULL)
#1 D:\laragon\www\SiPosci\vendor\codeigniter4\framework\system\CodeIgniter.php(312): CodeIgniter\CodeIgniter->handleRequest(NULL, Object(Config\Cache), false)
#2 D:\laragon\www\SiPosci\public\index.php(45): CodeIgniter\CodeIgniter->run()
#3 D:\laragon\www\SiPosci\vendor\codeigniter4\framework\system\Commands\Server\rewrite.php(34): require_once('D:\\laragon\\www\\...')
#4 {main}
CRITICAL - 2020-08-01 19:29:50 --> syntax error, unexpected 'if' (T_IF)
#0 D:\laragon\www\SiPosci\vendor\codeigniter4\framework\system\CodeIgniter.php(364): CodeIgniter\CodeIgniter->tryToRouteIt(NULL)
#1 D:\laragon\www\SiPosci\vendor\codeigniter4\framework\system\CodeIgniter.php(312): CodeIgniter\CodeIgniter->handleRequest(NULL, Object(Config\Cache), false)
#2 D:\laragon\www\SiPosci\public\index.php(45): CodeIgniter\CodeIgniter->run()
#3 D:\laragon\www\SiPosci\vendor\codeigniter4\framework\system\Commands\Server\rewrite.php(34): require_once('D:\\laragon\\www\\...')
#4 {main}
CRITICAL - 2020-08-01 19:29:50 --> syntax error, unexpected 'if' (T_IF)
#0 D:\laragon\www\SiPosci\vendor\codeigniter4\framework\system\CodeIgniter.php(364): CodeIgniter\CodeIgniter->tryToRouteIt(NULL)
#1 D:\laragon\www\SiPosci\vendor\codeigniter4\framework\system\CodeIgniter.php(312): CodeIgniter\CodeIgniter->handleRequest(NULL, Object(Config\Cache), false)
#2 D:\laragon\www\SiPosci\public\index.php(45): CodeIgniter\CodeIgniter->run()
#3 D:\laragon\www\SiPosci\vendor\codeigniter4\framework\system\Commands\Server\rewrite.php(34): require_once('D:\\laragon\\www\\...')
#4 {main}
CRITICAL - 2020-08-01 19:29:51 --> syntax error, unexpected 'if' (T_IF)
#0 D:\laragon\www\SiPosci\vendor\codeigniter4\framework\system\CodeIgniter.php(364): CodeIgniter\CodeIgniter->tryToRouteIt(NULL)
#1 D:\laragon\www\SiPosci\vendor\codeigniter4\framework\system\CodeIgniter.php(312): CodeIgniter\CodeIgniter->handleRequest(NULL, Object(Config\Cache), false)
#2 D:\laragon\www\SiPosci\public\index.php(45): CodeIgniter\CodeIgniter->run()
#3 D:\laragon\www\SiPosci\vendor\codeigniter4\framework\system\Commands\Server\rewrite.php(34): require_once('D:\\laragon\\www\\...')
#4 {main}
CRITICAL - 2020-08-01 19:29:52 --> syntax error, unexpected 'if' (T_IF)
#0 D:\laragon\www\SiPosci\vendor\codeigniter4\framework\system\CodeIgniter.php(364): CodeIgniter\CodeIgniter->tryToRouteIt(NULL)
#1 D:\laragon\www\SiPosci\vendor\codeigniter4\framework\system\CodeIgniter.php(312): CodeIgniter\CodeIgniter->handleRequest(NULL, Object(Config\Cache), false)
#2 D:\laragon\www\SiPosci\public\index.php(45): CodeIgniter\CodeIgniter->run()
#3 D:\laragon\www\SiPosci\vendor\codeigniter4\framework\system\Commands\Server\rewrite.php(34): require_once('D:\\laragon\\www\\...')
#4 {main}
CRITICAL - 2020-08-01 19:29:54 --> syntax error, unexpected 'if' (T_IF)
#0 D:\laragon\www\SiPosci\vendor\codeigniter4\framework\system\CodeIgniter.php(364): CodeIgniter\CodeIgniter->tryToRouteIt(NULL)
#1 D:\laragon\www\SiPosci\vendor\codeigniter4\framework\system\CodeIgniter.php(312): CodeIgniter\CodeIgniter->handleRequest(NULL, Object(Config\Cache), false)
#2 D:\laragon\www\SiPosci\public\index.php(45): CodeIgniter\CodeIgniter->run()
#3 D:\laragon\www\SiPosci\vendor\codeigniter4\framework\system\Commands\Server\rewrite.php(34): require_once('D:\\laragon\\www\\...')
#4 {main}
CRITICAL - 2020-08-01 19:29:55 --> syntax error, unexpected 'if' (T_IF)
#0 D:\laragon\www\SiPosci\vendor\codeigniter4\framework\system\CodeIgniter.php(364): CodeIgniter\CodeIgniter->tryToRouteIt(NULL)
#1 D:\laragon\www\SiPosci\vendor\codeigniter4\framework\system\CodeIgniter.php(312): CodeIgniter\CodeIgniter->handleRequest(NULL, Object(Config\Cache), false)
#2 D:\laragon\www\SiPosci\public\index.php(45): CodeIgniter\CodeIgniter->run()
#3 D:\laragon\www\SiPosci\vendor\codeigniter4\framework\system\Commands\Server\rewrite.php(34): require_once('D:\\laragon\\www\\...')
#4 {main}
CRITICAL - 2020-08-01 19:29:56 --> syntax error, unexpected 'if' (T_IF)
#0 D:\laragon\www\SiPosci\vendor\codeigniter4\framework\system\CodeIgniter.php(364): CodeIgniter\CodeIgniter->tryToRouteIt(NULL)
#1 D:\laragon\www\SiPosci\vendor\codeigniter4\framework\system\CodeIgniter.php(312): CodeIgniter\CodeIgniter->handleRequest(NULL, Object(Config\Cache), false)
#2 D:\laragon\www\SiPosci\public\index.php(45): CodeIgniter\CodeIgniter->run()
#3 D:\laragon\www\SiPosci\vendor\codeigniter4\framework\system\Commands\Server\rewrite.php(34): require_once('D:\\laragon\\www\\...')
#4 {main}
CRITICAL - 2020-08-01 19:29:59 --> syntax error, unexpected 'if' (T_IF)
#0 D:\laragon\www\SiPosci\vendor\codeigniter4\framework\system\CodeIgniter.php(364): CodeIgniter\CodeIgniter->tryToRouteIt(NULL)
#1 D:\laragon\www\SiPosci\vendor\codeigniter4\framework\system\CodeIgniter.php(312): CodeIgniter\CodeIgniter->handleRequest(NULL, Object(Config\Cache), false)
#2 D:\laragon\www\SiPosci\public\index.php(45): CodeIgniter\CodeIgniter->run()
#3 D:\laragon\www\SiPosci\vendor\codeigniter4\framework\system\Commands\Server\rewrite.php(34): require_once('D:\\laragon\\www\\...')
#4 {main}
CRITICAL - 2020-08-01 19:30:00 --> syntax error, unexpected 'if' (T_IF)
#0 D:\laragon\www\SiPosci\vendor\codeigniter4\framework\system\CodeIgniter.php(364): CodeIgniter\CodeIgniter->tryToRouteIt(NULL)
#1 D:\laragon\www\SiPosci\vendor\codeigniter4\framework\system\CodeIgniter.php(312): CodeIgniter\CodeIgniter->handleRequest(NULL, Object(Config\Cache), false)
#2 D:\laragon\www\SiPosci\public\index.php(45): CodeIgniter\CodeIgniter->run()
#3 D:\laragon\www\SiPosci\vendor\codeigniter4\framework\system\Commands\Server\rewrite.php(34): require_once('D:\\laragon\\www\\...')
#4 {main}
CRITICAL - 2020-08-01 20:22:50 --> required+is_unique is not a valid rule.
#0 D:\laragon\www\SiPosci\vendor\codeigniter4\framework\system\Validation\Validation.php(333): CodeIgniter\Validation\Exceptions\ValidationException::forRuleNotFound('required+is_uni...')
#1 D:\laragon\www\SiPosci\vendor\codeigniter4\framework\system\Validation\Validation.php(189): CodeIgniter\Validation\Validation->processRules('username', 'Username', NULL, Array, Array)
#2 D:\laragon\www\SiPosci\vendor\codeigniter4\framework\system\Controller.php(219): CodeIgniter\Validation\Validation->run()
#3 D:\laragon\www\SiPosci\app\Controllers\User.php(91): CodeIgniter\Controller->validate(Array)
#4 D:\laragon\www\SiPosci\vendor\codeigniter4\framework\system\CodeIgniter.php(918): App\Controllers\User->add_user()
#5 D:\laragon\www\SiPosci\vendor\codeigniter4\framework\system\CodeIgniter.php(404): CodeIgniter\CodeIgniter->runController(Object(App\Controllers\User))
#6 D:\laragon\www\SiPosci\vendor\codeigniter4\framework\system\CodeIgniter.php(312): CodeIgniter\CodeIgniter->handleRequest(NULL, Object(Config\Cache), false)
#7 D:\laragon\www\SiPosci\public\index.php(45): CodeIgniter\CodeIgniter->run()
#8 D:\laragon\www\SiPosci\vendor\codeigniter4\framework\system\Commands\Server\rewrite.php(34): require_once('D:\\laragon\\www\\...')
#9 {main}
CRITICAL - 2020-08-01 21:14:20 --> Undefined variable: msg
#0 D:\laragon\www\SiPosci\app\Controllers\User.php(107): CodeIgniter\Debug\Exceptions->errorHandler(8, 'Undefined varia...', 'D:\\laragon\\www\\...', 107, Array)
#1 D:\laragon\www\SiPosci\vendor\codeigniter4\framework\system\CodeIgniter.php(918): App\Controllers\User->add_user()
#2 D:\laragon\www\SiPosci\vendor\codeigniter4\framework\system\CodeIgniter.php(404): CodeIgniter\CodeIgniter->runController(Object(App\Controllers\User))
#3 D:\laragon\www\SiPosci\vendor\codeigniter4\framework\system\CodeIgniter.php(312): CodeIgniter\CodeIgniter->handleRequest(NULL, Object(Config\Cache), false)
#4 D:\laragon\www\SiPosci\public\index.php(45): CodeIgniter\CodeIgniter->run()
#5 D:\laragon\www\SiPosci\vendor\codeigniter4\framework\system\Commands\Server\rewrite.php(34): require_once('D:\\laragon\\www\\...')
#6 {main}
CRITICAL - 2020-08-01 21:18:02 --> Undefined variable: msg
#0 D:\laragon\www\SiPosci\app\Controllers\User.php(107): CodeIgniter\Debug\Exceptions->errorHandler(8, 'Undefined varia...', 'D:\\laragon\\www\\...', 107, Array)
#1 D:\laragon\www\SiPosci\vendor\codeigniter4\framework\system\CodeIgniter.php(918): App\Controllers\User->add_user()
#2 D:\laragon\www\SiPosci\vendor\codeigniter4\framework\system\CodeIgniter.php(404): CodeIgniter\CodeIgniter->runController(Object(App\Controllers\User))
#3 D:\laragon\www\SiPosci\vendor\codeigniter4\framework\system\CodeIgniter.php(312): CodeIgniter\CodeIgniter->handleRequest(NULL, Object(Config\Cache), false)
#4 D:\laragon\www\SiPosci\public\index.php(45): CodeIgniter\CodeIgniter->run()
#5 D:\laragon\www\SiPosci\vendor\codeigniter4\framework\system\Commands\Server\rewrite.php(34): require_once('D:\\laragon\\www\\...')
#6 {main}
CRITICAL - 2020-08-01 22:03:38 --> Function name must be a string
#0 D:\laragon\www\SiPosci\vendor\codeigniter4\framework\system\CodeIgniter.php(918): App\Controllers\User->add_user()
#1 D:\laragon\www\SiPosci\vendor\codeigniter4\framework\system\CodeIgniter.php(404): CodeIgniter\CodeIgniter->runController(Object(App\Controllers\User))
#2 D:\laragon\www\SiPosci\vendor\codeigniter4\framework\system\CodeIgniter.php(312): CodeIgniter\CodeIgniter->handleRequest(NULL, Object(Config\Cache), false)
#3 D:\laragon\www\SiPosci\public\index.php(45): CodeIgniter\CodeIgniter->run()
#4 D:\laragon\www\SiPosci\vendor\codeigniter4\framework\system\Commands\Server\rewrite.php(34): require_once('D:\\laragon\\www\\...')
#5 {main}
CRITICAL - 2020-08-01 22:07:13 --> user is not a validation rules group.
#0 D:\laragon\www\SiPosci\vendor\codeigniter4\framework\system\Validation\Validation.php(619): CodeIgniter\Validation\Exceptions\ValidationException::forGroupNotFound('user')
#1 D:\laragon\www\SiPosci\vendor\codeigniter4\framework\system\Validation\Validation.php(149): CodeIgniter\Validation\Validation->loadRuleGroup('user')
#2 D:\laragon\www\SiPosci\app\Controllers\User.php(11): CodeIgniter\Validation\Validation->run(Array, 'user')
#3 D:\laragon\www\SiPosci\vendor\codeigniter4\framework\system\CodeIgniter.php(918): App\Controllers\User->index()
#4 D:\laragon\www\SiPosci\vendor\codeigniter4\framework\system\CodeIgniter.php(404): CodeIgniter\CodeIgniter->runController(Object(App\Controllers\User))
#5 D:\laragon\www\SiPosci\vendor\codeigniter4\framework\system\CodeIgniter.php(312): CodeIgniter\CodeIgniter->handleRequest(NULL, Object(Config\Cache), false)
#6 D:\laragon\www\SiPosci\public\index.php(45): CodeIgniter\CodeIgniter->run()
#7 D:\laragon\www\SiPosci\vendor\codeigniter4\framework\system\Commands\Server\rewrite.php(34): require_once('D:\\laragon\\www\\...')
#8 {main}
CRITICAL - 2020-08-01 23:54:05 --> Undefined variable: users
#0 D:\laragon\www\SiPosci\app\Views\vajax\userdisplay.php(1): CodeIgniter\Debug\Exceptions->errorHandler(8, 'Undefined varia...', 'D:\\laragon\\www\\...', 1, Array)
#1 D:\laragon\www\SiPosci\vendor\codeigniter4\framework\system\View\View.php(246): include('D:\\laragon\\www\\...')
#2 D:\laragon\www\SiPosci\vendor\codeigniter4\framework\system\Common.php(1119): CodeIgniter\View\View->render('vajax/userdispl...', Array, true)
#3 D:\laragon\www\SiPosci\app\Controllers\User.php(182): view('vajax/userdispl...')
#4 D:\laragon\www\SiPosci\vendor\codeigniter4\framework\system\CodeIgniter.php(918): App\Controllers\User->user_display()
#5 D:\laragon\www\SiPosci\vendor\codeigniter4\framework\system\CodeIgniter.php(404): CodeIgniter\CodeIgniter->runController(Object(App\Controllers\User))
#6 D:\laragon\www\SiPosci\vendor\codeigniter4\framework\system\CodeIgniter.php(312): CodeIgniter\CodeIgniter->handleRequest(NULL, Object(Config\Cache), false)
#7 D:\laragon\www\SiPosci\public\index.php(45): CodeIgniter\CodeIgniter->run()
#8 D:\laragon\www\SiPosci\vendor\codeigniter4\framework\system\Commands\Server\rewrite.php(34): require_once('D:\\laragon\\www\\...')
#9 {main}
