CRITICAL - 2020-11-18 12:15:52 --> Call to undefined function App\Controllers\tgl_full()
#0 D:\laragon\www\test1\vendor\codeigniter4\framework\system\CodeIgniter.php(918): App\Controllers\Absent->exportexcel('11', '2020')
#1 D:\laragon\www\test1\vendor\codeigniter4\framework\system\CodeIgniter.php(404): CodeIgniter\CodeIgniter->runController(Object(App\Controllers\Absent))
#2 D:\laragon\www\test1\vendor\codeigniter4\framework\system\CodeIgniter.php(312): CodeIgniter\CodeIgniter->handleRequest(NULL, Object(Config\Cache), false)
#3 D:\laragon\www\test1\public\index.php(45): CodeIgniter\CodeIgniter->run()
#4 {main}
CRITICAL - 2020-11-18 12:16:14 --> Call to undefined function App\Controllers\tgl_full()
#0 D:\laragon\www\test1\vendor\codeigniter4\framework\system\CodeIgniter.php(918): App\Controllers\Absent->exportexcel('11', '2020')
#1 D:\laragon\www\test1\vendor\codeigniter4\framework\system\CodeIgniter.php(404): CodeIgniter\CodeIgniter->runController(Object(App\Controllers\Absent))
#2 D:\laragon\www\test1\vendor\codeigniter4\framework\system\CodeIgniter.php(312): CodeIgniter\CodeIgniter->handleRequest(NULL, Object(Config\Cache), false)
#3 D:\laragon\www\test1\public\index.php(45): CodeIgniter\CodeIgniter->run()
#4 {main}
CRITICAL - 2020-11-18 13:07:27 --> Undefined variable: status
#0 D:\laragon\www\test1\app\Views\page\boxabsent.php(1): CodeIgniter\Debug\Exceptions->errorHandler(8, 'Undefined varia...', 'D:\\laragon\\www\\...', 1, Array)
#1 D:\laragon\www\test1\vendor\codeigniter4\framework\system\View\View.php(246): include('D:\\laragon\\www\\...')
#2 D:\laragon\www\test1\vendor\codeigniter4\framework\system\Common.php(1026): CodeIgniter\View\View->render('page/boxabsent', Array, true)
#3 D:\laragon\www\test1\app\Controllers\Absent.php(36): view('page/boxabsent', Array)
#4 D:\laragon\www\test1\vendor\codeigniter4\framework\system\CodeIgniter.php(918): App\Controllers\Absent->check()
#5 D:\laragon\www\test1\vendor\codeigniter4\framework\system\CodeIgniter.php(404): CodeIgniter\CodeIgniter->runController(Object(App\Controllers\Absent))
#6 D:\laragon\www\test1\vendor\codeigniter4\framework\system\CodeIgniter.php(312): CodeIgniter\CodeIgniter->handleRequest(NULL, Object(Config\Cache), false)
#7 D:\laragon\www\test1\public\index.php(45): CodeIgniter\CodeIgniter->run()
#8 {main}
CRITICAL - 2020-11-18 13:12:40 --> Too few arguments to function App\Controllers\Absent::check(), 0 passed in D:\laragon\www\test1\vendor\codeigniter4\framework\system\CodeIgniter.php on line 918 and exactly 1 expected
#0 D:\laragon\www\test1\vendor\codeigniter4\framework\system\CodeIgniter.php(918): App\Controllers\Absent->check()
#1 D:\laragon\www\test1\vendor\codeigniter4\framework\system\CodeIgniter.php(404): CodeIgniter\CodeIgniter->runController(Object(App\Controllers\Absent))
#2 D:\laragon\www\test1\vendor\codeigniter4\framework\system\CodeIgniter.php(312): CodeIgniter\CodeIgniter->handleRequest(NULL, Object(Config\Cache), false)
#3 D:\laragon\www\test1\public\index.php(45): CodeIgniter\CodeIgniter->run()
#4 {main}
CRITICAL - 2020-11-18 14:06:46 --> syntax error, unexpected 'if' (T_IF), expecting ':'
#0 D:\laragon\www\test1\vendor\codeigniter4\framework\system\Common.php(1026): CodeIgniter\View\View->render('page/boxabsent', Array, true)
#1 D:\laragon\www\test1\app\Controllers\Absent.php(72): view('page/boxabsent', Array)
#2 D:\laragon\www\test1\vendor\codeigniter4\framework\system\CodeIgniter.php(918): App\Controllers\Absent->check()
#3 D:\laragon\www\test1\vendor\codeigniter4\framework\system\CodeIgniter.php(404): CodeIgniter\CodeIgniter->runController(Object(App\Controllers\Absent))
#4 D:\laragon\www\test1\vendor\codeigniter4\framework\system\CodeIgniter.php(312): CodeIgniter\CodeIgniter->handleRequest(NULL, Object(Config\Cache), false)
#5 D:\laragon\www\test1\public\index.php(45): CodeIgniter\CodeIgniter->run()
#6 {main}
CRITICAL - 2020-11-18 17:35:15 --> Trying to access array offset on value of type null
#0 D:\laragon\www\test1\app\Views\templates\template-dashboard.php(29): CodeIgniter\Debug\Exceptions->errorHandler(8, 'Trying to acces...', 'D:\\laragon\\www\\...', 29, Array)
#1 D:\laragon\www\test1\vendor\codeigniter4\framework\system\View\View.php(246): include('D:\\laragon\\www\\...')
#2 D:\laragon\www\test1\vendor\codeigniter4\framework\system\View\View.php(257): CodeIgniter\View\View->render('templates/templ...', Array, true)
#3 D:\laragon\www\test1\vendor\codeigniter4\framework\system\Common.php(1026): CodeIgniter\View\View->render('page/absent', Array, true)
#4 D:\laragon\www\test1\app\Controllers\Absent.php(85): view('page/absent', Array)
#5 D:\laragon\www\test1\vendor\codeigniter4\framework\system\CodeIgniter.php(918): App\Controllers\Absent->check()
#6 D:\laragon\www\test1\vendor\codeigniter4\framework\system\CodeIgniter.php(404): CodeIgniter\CodeIgniter->runController(Object(App\Controllers\Absent))
#7 D:\laragon\www\test1\vendor\codeigniter4\framework\system\CodeIgniter.php(312): CodeIgniter\CodeIgniter->handleRequest(NULL, Object(Config\Cache), false)
#8 D:\laragon\www\test1\public\index.php(45): CodeIgniter\CodeIgniter->run()
#9 {main}
CRITICAL - 2020-11-18 17:58:06 --> Undefined variable: labelAbsent
#0 D:\laragon\www\test1\app\Controllers\Absent.php(83): CodeIgniter\Debug\Exceptions->errorHandler(8, 'Undefined varia...', 'D:\\laragon\\www\\...', 83, Array)
#1 D:\laragon\www\test1\vendor\codeigniter4\framework\system\CodeIgniter.php(918): App\Controllers\Absent->check()
#2 D:\laragon\www\test1\vendor\codeigniter4\framework\system\CodeIgniter.php(404): CodeIgniter\CodeIgniter->runController(Object(App\Controllers\Absent))
#3 D:\laragon\www\test1\vendor\codeigniter4\framework\system\CodeIgniter.php(312): CodeIgniter\CodeIgniter->handleRequest(NULL, Object(Config\Cache), false)
#4 D:\laragon\www\test1\public\index.php(45): CodeIgniter\CodeIgniter->run()
#5 {main}
CRITICAL - 2020-11-18 17:58:26 --> Undefined variable: labelAbsent
#0 D:\laragon\www\test1\app\Controllers\Absent.php(83): CodeIgniter\Debug\Exceptions->errorHandler(8, 'Undefined varia...', 'D:\\laragon\\www\\...', 83, Array)
#1 D:\laragon\www\test1\vendor\codeigniter4\framework\system\CodeIgniter.php(918): App\Controllers\Absent->check()
#2 D:\laragon\www\test1\vendor\codeigniter4\framework\system\CodeIgniter.php(404): CodeIgniter\CodeIgniter->runController(Object(App\Controllers\Absent))
#3 D:\laragon\www\test1\vendor\codeigniter4\framework\system\CodeIgniter.php(312): CodeIgniter\CodeIgniter->handleRequest(NULL, Object(Config\Cache), false)
#4 D:\laragon\www\test1\public\index.php(45): CodeIgniter\CodeIgniter->run()
#5 {main}
CRITICAL - 2020-11-18 17:58:27 --> Undefined variable: labelAbsent
#0 D:\laragon\www\test1\app\Controllers\Absent.php(83): CodeIgniter\Debug\Exceptions->errorHandler(8, 'Undefined varia...', 'D:\\laragon\\www\\...', 83, Array)
#1 D:\laragon\www\test1\vendor\codeigniter4\framework\system\CodeIgniter.php(918): App\Controllers\Absent->check()
#2 D:\laragon\www\test1\vendor\codeigniter4\framework\system\CodeIgniter.php(404): CodeIgniter\CodeIgniter->runController(Object(App\Controllers\Absent))
#3 D:\laragon\www\test1\vendor\codeigniter4\framework\system\CodeIgniter.php(312): CodeIgniter\CodeIgniter->handleRequest(NULL, Object(Config\Cache), false)
#4 D:\laragon\www\test1\public\index.php(45): CodeIgniter\CodeIgniter->run()
#5 {main}
CRITICAL - 2020-11-18 17:59:15 --> Undefined variable: labelAbsent
#0 D:\laragon\www\test1\app\Controllers\Absent.php(85): CodeIgniter\Debug\Exceptions->errorHandler(8, 'Undefined varia...', 'D:\\laragon\\www\\...', 85, Array)
#1 D:\laragon\www\test1\vendor\codeigniter4\framework\system\CodeIgniter.php(918): App\Controllers\Absent->check()
#2 D:\laragon\www\test1\vendor\codeigniter4\framework\system\CodeIgniter.php(404): CodeIgniter\CodeIgniter->runController(Object(App\Controllers\Absent))
#3 D:\laragon\www\test1\vendor\codeigniter4\framework\system\CodeIgniter.php(312): CodeIgniter\CodeIgniter->handleRequest(NULL, Object(Config\Cache), false)
#4 D:\laragon\www\test1\public\index.php(45): CodeIgniter\CodeIgniter->run()
#5 {main}
CRITICAL - 2020-11-18 18:24:27 --> Undefined variable: jam
#0 D:\laragon\www\test1\app\Views\page\boxabsent.php(42): CodeIgniter\Debug\Exceptions->errorHandler(8, 'Undefined varia...', 'D:\\laragon\\www\\...', 42, Array)
#1 D:\laragon\www\test1\vendor\codeigniter4\framework\system\View\View.php(246): include('D:\\laragon\\www\\...')
#2 D:\laragon\www\test1\vendor\codeigniter4\framework\system\Common.php(1026): CodeIgniter\View\View->render('page/boxabsent', Array, true)
#3 D:\laragon\www\test1\app\Controllers\Absent.php(78): view('page/boxabsent', Array)
#4 D:\laragon\www\test1\vendor\codeigniter4\framework\system\CodeIgniter.php(918): App\Controllers\Absent->check()
#5 D:\laragon\www\test1\vendor\codeigniter4\framework\system\CodeIgniter.php(404): CodeIgniter\CodeIgniter->runController(Object(App\Controllers\Absent))
#6 D:\laragon\www\test1\vendor\codeigniter4\framework\system\CodeIgniter.php(312): CodeIgniter\CodeIgniter->handleRequest(NULL, Object(Config\Cache), false)
#7 D:\laragon\www\test1\public\index.php(45): CodeIgniter\CodeIgniter->run()
#8 {main}
CRITICAL - 2020-11-18 18:25:13 --> Undefined variable: jam
#0 D:\laragon\www\test1\app\Views\page\boxabsent.php(42): CodeIgniter\Debug\Exceptions->errorHandler(8, 'Undefined varia...', 'D:\\laragon\\www\\...', 42, Array)
#1 D:\laragon\www\test1\vendor\codeigniter4\framework\system\View\View.php(246): include('D:\\laragon\\www\\...')
#2 D:\laragon\www\test1\vendor\codeigniter4\framework\system\Common.php(1026): CodeIgniter\View\View->render('page/boxabsent', Array, true)
#3 D:\laragon\www\test1\app\Controllers\Absent.php(78): view('page/boxabsent', Array)
#4 D:\laragon\www\test1\vendor\codeigniter4\framework\system\CodeIgniter.php(918): App\Controllers\Absent->check()
#5 D:\laragon\www\test1\vendor\codeigniter4\framework\system\CodeIgniter.php(404): CodeIgniter\CodeIgniter->runController(Object(App\Controllers\Absent))
#6 D:\laragon\www\test1\vendor\codeigniter4\framework\system\CodeIgniter.php(312): CodeIgniter\CodeIgniter->handleRequest(NULL, Object(Config\Cache), false)
#7 D:\laragon\www\test1\public\index.php(45): CodeIgniter\CodeIgniter->run()
#8 {main}
CRITICAL - 2020-11-18 18:25:15 --> Undefined variable: jam
#0 D:\laragon\www\test1\app\Views\page\boxabsent.php(42): CodeIgniter\Debug\Exceptions->errorHandler(8, 'Undefined varia...', 'D:\\laragon\\www\\...', 42, Array)
#1 D:\laragon\www\test1\vendor\codeigniter4\framework\system\View\View.php(246): include('D:\\laragon\\www\\...')
#2 D:\laragon\www\test1\vendor\codeigniter4\framework\system\Common.php(1026): CodeIgniter\View\View->render('page/boxabsent', Array, true)
#3 D:\laragon\www\test1\app\Controllers\Absent.php(78): view('page/boxabsent', Array)
#4 D:\laragon\www\test1\vendor\codeigniter4\framework\system\CodeIgniter.php(918): App\Controllers\Absent->check()
#5 D:\laragon\www\test1\vendor\codeigniter4\framework\system\CodeIgniter.php(404): CodeIgniter\CodeIgniter->runController(Object(App\Controllers\Absent))
#6 D:\laragon\www\test1\vendor\codeigniter4\framework\system\CodeIgniter.php(312): CodeIgniter\CodeIgniter->handleRequest(NULL, Object(Config\Cache), false)
#7 D:\laragon\www\test1\public\index.php(45): CodeIgniter\CodeIgniter->run()
#8 {main}
CRITICAL - 2020-11-18 18:25:29 --> Undefined variable: jam
#0 D:\laragon\www\test1\app\Views\page\boxabsent.php(42): CodeIgniter\Debug\Exceptions->errorHandler(8, 'Undefined varia...', 'D:\\laragon\\www\\...', 42, Array)
#1 D:\laragon\www\test1\vendor\codeigniter4\framework\system\View\View.php(246): include('D:\\laragon\\www\\...')
#2 D:\laragon\www\test1\vendor\codeigniter4\framework\system\Common.php(1026): CodeIgniter\View\View->render('page/boxabsent', Array, true)
#3 D:\laragon\www\test1\app\Controllers\Absent.php(78): view('page/boxabsent', Array)
#4 D:\laragon\www\test1\vendor\codeigniter4\framework\system\CodeIgniter.php(918): App\Controllers\Absent->check()
#5 D:\laragon\www\test1\vendor\codeigniter4\framework\system\CodeIgniter.php(404): CodeIgniter\CodeIgniter->runController(Object(App\Controllers\Absent))
#6 D:\laragon\www\test1\vendor\codeigniter4\framework\system\CodeIgniter.php(312): CodeIgniter\CodeIgniter->handleRequest(NULL, Object(Config\Cache), false)
#7 D:\laragon\www\test1\public\index.php(45): CodeIgniter\CodeIgniter->run()
#8 {main}
CRITICAL - 2020-11-18 19:08:16 --> syntax error, unexpected ';'
#0 D:\laragon\www\test1\vendor\codeigniter4\framework\system\Router\Router.php(195): CodeIgniter\Router\Router->autoRoute('absent/check')
#1 D:\laragon\www\test1\vendor\codeigniter4\framework\system\CodeIgniter.php(793): CodeIgniter\Router\Router->handle('absent/check')
#2 D:\laragon\www\test1\vendor\codeigniter4\framework\system\CodeIgniter.php(364): CodeIgniter\CodeIgniter->tryToRouteIt(Object(CodeIgniter\Router\RouteCollection))
#3 D:\laragon\www\test1\vendor\codeigniter4\framework\system\CodeIgniter.php(312): CodeIgniter\CodeIgniter->handleRequest(NULL, Object(Config\Cache), false)
#4 D:\laragon\www\test1\public\index.php(45): CodeIgniter\CodeIgniter->run()
#5 {main}
CRITICAL - 2020-11-18 19:13:52 --> Undefined offset: 1
#0 D:\laragon\www\test1\app\Helpers\absent_helper.php(6): CodeIgniter\Debug\Exceptions->errorHandler(8, 'Undefined offse...', 'D:\\laragon\\www\\...', 6, Array)
#1 D:\laragon\www\test1\app\Controllers\Absent.php(82): jamkeint('')
#2 D:\laragon\www\test1\vendor\codeigniter4\framework\system\CodeIgniter.php(918): App\Controllers\Absent->check()
#3 D:\laragon\www\test1\vendor\codeigniter4\framework\system\CodeIgniter.php(404): CodeIgniter\CodeIgniter->runController(Object(App\Controllers\Absent))
#4 D:\laragon\www\test1\vendor\codeigniter4\framework\system\CodeIgniter.php(312): CodeIgniter\CodeIgniter->handleRequest(NULL, Object(Config\Cache), false)
#5 D:\laragon\www\test1\public\index.php(45): CodeIgniter\CodeIgniter->run()
#6 {main}
