CRITICAL - 2020-11-28 08:39:09 --> Undefined variable: user
#0 D:\laragon\www\test1\app\Views\user\adduser.php(47): CodeIgniter\Debug\Exceptions->errorHandler(8, 'Undefined varia...', 'D:\\laragon\\www\\...', 47, Array)
#1 D:\laragon\www\test1\vendor\codeigniter4\framework\system\View\View.php(246): include('D:\\laragon\\www\\...')
#2 D:\laragon\www\test1\vendor\codeigniter4\framework\system\Common.php(1026): CodeIgniter\View\View->render('user/adduser', Array, true)
#3 D:\laragon\www\test1\app\Controllers\User.php(179): view('user/adduser', Array)
#4 D:\laragon\www\test1\vendor\codeigniter4\framework\system\CodeIgniter.php(918): App\Controllers\User->adduser()
#5 D:\laragon\www\test1\vendor\codeigniter4\framework\system\CodeIgniter.php(404): CodeIgniter\CodeIgniter->runController(Object(App\Controllers\User))
#6 D:\laragon\www\test1\vendor\codeigniter4\framework\system\CodeIgniter.php(312): CodeIgniter\CodeIgniter->handleRequest(NULL, Object(Config\Cache), false)
#7 D:\laragon\www\test1\public\index.php(45): CodeIgniter\CodeIgniter->run()
#8 {main}
CRITICAL - 2020-11-28 08:51:32 --> Call to undefined method Error::initController()
#0 D:\laragon\www\test1\vendor\codeigniter4\framework\system\CodeIgniter.php(953): CodeIgniter\CodeIgniter->createController()
#1 D:\laragon\www\test1\vendor\codeigniter4\framework\system\CodeIgniter.php(328): CodeIgniter\CodeIgniter->display404errors(Object(CodeIgniter\Exceptions\PageNotFoundException))
#2 D:\laragon\www\test1\public\index.php(45): CodeIgniter\CodeIgniter->run()
#3 {main}
CRITICAL - 2020-11-28 08:51:40 --> Call to undefined method Error::initController()
#0 D:\laragon\www\test1\vendor\codeigniter4\framework\system\CodeIgniter.php(953): CodeIgniter\CodeIgniter->createController()
#1 D:\laragon\www\test1\vendor\codeigniter4\framework\system\CodeIgniter.php(328): CodeIgniter\CodeIgniter->display404errors(Object(CodeIgniter\Exceptions\PageNotFoundException))
#2 D:\laragon\www\test1\public\index.php(45): CodeIgniter\CodeIgniter->run()
#3 {main}
CRITICAL - 2020-11-28 08:51:41 --> Call to undefined method Error::initController()
#0 D:\laragon\www\test1\vendor\codeigniter4\framework\system\CodeIgniter.php(953): CodeIgniter\CodeIgniter->createController()
#1 D:\laragon\www\test1\vendor\codeigniter4\framework\system\CodeIgniter.php(328): CodeIgniter\CodeIgniter->display404errors(Object(CodeIgniter\Exceptions\PageNotFoundException))
#2 D:\laragon\www\test1\public\index.php(45): CodeIgniter\CodeIgniter->run()
#3 {main}
CRITICAL - 2020-11-28 08:52:22 --> Call to undefined method Error::initController()
#0 D:\laragon\www\test1\vendor\codeigniter4\framework\system\CodeIgniter.php(953): CodeIgniter\CodeIgniter->createController()
#1 D:\laragon\www\test1\vendor\codeigniter4\framework\system\CodeIgniter.php(328): CodeIgniter\CodeIgniter->display404errors(Object(CodeIgniter\Exceptions\PageNotFoundException))
#2 D:\laragon\www\test1\public\index.php(45): CodeIgniter\CodeIgniter->run()
#3 {main}
CRITICAL - 2020-11-28 08:52:23 --> Call to undefined method Error::initController()
#0 D:\laragon\www\test1\vendor\codeigniter4\framework\system\CodeIgniter.php(953): CodeIgniter\CodeIgniter->createController()
#1 D:\laragon\www\test1\vendor\codeigniter4\framework\system\CodeIgniter.php(328): CodeIgniter\CodeIgniter->display404errors(Object(CodeIgniter\Exceptions\PageNotFoundException))
#2 D:\laragon\www\test1\public\index.php(45): CodeIgniter\CodeIgniter->run()
#3 {main}
CRITICAL - 2020-11-28 08:54:05 --> Call to undefined method Error::initController()
#0 D:\laragon\www\test1\vendor\codeigniter4\framework\system\CodeIgniter.php(953): CodeIgniter\CodeIgniter->createController()
#1 D:\laragon\www\test1\vendor\codeigniter4\framework\system\CodeIgniter.php(328): CodeIgniter\CodeIgniter->display404errors(Object(CodeIgniter\Exceptions\PageNotFoundException))
#2 D:\laragon\www\test1\public\index.php(45): CodeIgniter\CodeIgniter->run()
#3 {main}
CRITICAL - 2020-11-28 08:55:56 --> Invalid file: errors.php
#0 D:\laragon\www\test1\vendor\codeigniter4\framework\system\View\View.php(228): CodeIgniter\Exceptions\FrameworkException::forInvalidFile('errors.php')
#1 D:\laragon\www\test1\vendor\codeigniter4\framework\system\Common.php(1026): CodeIgniter\View\View->render('errors', Array, true)
#2 D:\laragon\www\test1\app\Config\Routes.php(24): view('errors')
#3 D:\laragon\www\test1\vendor\codeigniter4\framework\system\CodeIgniter.php(941): CodeIgniter\CodeIgniter->Config\{closure}('Controller meth...')
#4 D:\laragon\www\test1\vendor\codeigniter4\framework\system\CodeIgniter.php(328): CodeIgniter\CodeIgniter->display404errors(Object(CodeIgniter\Exceptions\PageNotFoundException))
#5 D:\laragon\www\test1\public\index.php(45): CodeIgniter\CodeIgniter->run()
#6 {main}
CRITICAL - 2020-11-28 09:03:42 --> Trying to access array offset on value of type null
#0 D:\laragon\www\test1\app\Views\page\manageabsent.php(19): CodeIgniter\Debug\Exceptions->errorHandler(8, 'Trying to acces...', 'D:\\laragon\\www\\...', 19, Array)
#1 D:\laragon\www\test1\vendor\codeigniter4\framework\system\View\View.php(246): include('D:\\laragon\\www\\...')
#2 D:\laragon\www\test1\vendor\codeigniter4\framework\system\Common.php(1026): CodeIgniter\View\View->render('page/manageabse...', Array, true)
#3 D:\laragon\www\test1\app\Controllers\Absent.php(98): view('page/manageabse...', Array)
#4 D:\laragon\www\test1\vendor\codeigniter4\framework\system\CodeIgniter.php(918): App\Controllers\Absent->manageabsent()
#5 D:\laragon\www\test1\vendor\codeigniter4\framework\system\CodeIgniter.php(404): CodeIgniter\CodeIgniter->runController(Object(App\Controllers\Absent))
#6 D:\laragon\www\test1\vendor\codeigniter4\framework\system\CodeIgniter.php(312): CodeIgniter\CodeIgniter->handleRequest(NULL, Object(Config\Cache), false)
#7 D:\laragon\www\test1\public\index.php(45): CodeIgniter\CodeIgniter->run()
#8 {main}
CRITICAL - 2020-11-28 09:04:43 --> Trying to access array offset on value of type null
#0 D:\laragon\www\test1\app\Views\page\manageabsent.php(19): CodeIgniter\Debug\Exceptions->errorHandler(8, 'Trying to acces...', 'D:\\laragon\\www\\...', 19, Array)
#1 D:\laragon\www\test1\vendor\codeigniter4\framework\system\View\View.php(246): include('D:\\laragon\\www\\...')
#2 D:\laragon\www\test1\vendor\codeigniter4\framework\system\Common.php(1026): CodeIgniter\View\View->render('page/manageabse...', Array, true)
#3 D:\laragon\www\test1\app\Controllers\Absent.php(98): view('page/manageabse...', Array)
#4 D:\laragon\www\test1\vendor\codeigniter4\framework\system\CodeIgniter.php(918): App\Controllers\Absent->manageabsent()
#5 D:\laragon\www\test1\vendor\codeigniter4\framework\system\CodeIgniter.php(404): CodeIgniter\CodeIgniter->runController(Object(App\Controllers\Absent))
#6 D:\laragon\www\test1\vendor\codeigniter4\framework\system\CodeIgniter.php(312): CodeIgniter\CodeIgniter->handleRequest(NULL, Object(Config\Cache), false)
#7 D:\laragon\www\test1\public\index.php(45): CodeIgniter\CodeIgniter->run()
#8 {main}
CRITICAL - 2020-11-28 09:05:58 --> Trying to access array offset on value of type null
#0 D:\laragon\www\test1\app\Views\table\manageabsent.php(4): CodeIgniter\Debug\Exceptions->errorHandler(8, 'Trying to acces...', 'D:\\laragon\\www\\...', 4, Array)
#1 D:\laragon\www\test1\vendor\codeigniter4\framework\system\View\View.php(246): include('D:\\laragon\\www\\...')
#2 D:\laragon\www\test1\vendor\codeigniter4\framework\system\Common.php(1026): CodeIgniter\View\View->render('table/manageabs...', Array, true)
#3 D:\laragon\www\test1\app\Controllers\Absent.php(67): view('table/manageabs...', Array)
#4 D:\laragon\www\test1\vendor\codeigniter4\framework\system\CodeIgniter.php(918): App\Controllers\Absent->manageabsent('07', '0', '0', '0', '2362019e-d14c-4...')
#5 D:\laragon\www\test1\vendor\codeigniter4\framework\system\CodeIgniter.php(404): CodeIgniter\CodeIgniter->runController(Object(App\Controllers\Absent))
#6 D:\laragon\www\test1\vendor\codeigniter4\framework\system\CodeIgniter.php(312): CodeIgniter\CodeIgniter->handleRequest(NULL, Object(Config\Cache), false)
#7 D:\laragon\www\test1\public\index.php(45): CodeIgniter\CodeIgniter->run()
#8 {main}
CRITICAL - 2020-11-28 09:09:19 --> Trying to access array offset on value of type null
#0 D:\laragon\www\test1\app\Views\table\manageabsent.php(4): CodeIgniter\Debug\Exceptions->errorHandler(8, 'Trying to acces...', 'D:\\laragon\\www\\...', 4, Array)
#1 D:\laragon\www\test1\vendor\codeigniter4\framework\system\View\View.php(246): include('D:\\laragon\\www\\...')
#2 D:\laragon\www\test1\vendor\codeigniter4\framework\system\Common.php(1026): CodeIgniter\View\View->render('table/manageabs...', Array, true)
#3 D:\laragon\www\test1\app\Controllers\Absent.php(67): view('table/manageabs...', Array)
#4 D:\laragon\www\test1\vendor\codeigniter4\framework\system\CodeIgniter.php(918): App\Controllers\Absent->manageabsent('07', '0', '0', '0', '2362019e-d14c-4...')
#5 D:\laragon\www\test1\vendor\codeigniter4\framework\system\CodeIgniter.php(404): CodeIgniter\CodeIgniter->runController(Object(App\Controllers\Absent))
#6 D:\laragon\www\test1\vendor\codeigniter4\framework\system\CodeIgniter.php(312): CodeIgniter\CodeIgniter->handleRequest(NULL, Object(Config\Cache), false)
#7 D:\laragon\www\test1\public\index.php(45): CodeIgniter\CodeIgniter->run()
#8 {main}
CRITICAL - 2020-11-28 09:09:34 --> Trying to access array offset on value of type null
#0 D:\laragon\www\test1\app\Views\table\countabsentlabel.php(10): CodeIgniter\Debug\Exceptions->errorHandler(8, 'Trying to acces...', 'D:\\laragon\\www\\...', 10, Array)
#1 D:\laragon\www\test1\vendor\codeigniter4\framework\system\View\View.php(246): include('D:\\laragon\\www\\...')
#2 D:\laragon\www\test1\vendor\codeigniter4\framework\system\Common.php(1026): CodeIgniter\View\View->render('table/countabse...', Array, true)
#3 D:\laragon\www\test1\app\Controllers\Absent.php(81): view('table/countabse...', Array)
#4 D:\laragon\www\test1\vendor\codeigniter4\framework\system\CodeIgniter.php(918): App\Controllers\Absent->manageabsent('07', '0', '0', '0', '2362019e-d14c-4...')
#5 D:\laragon\www\test1\vendor\codeigniter4\framework\system\CodeIgniter.php(404): CodeIgniter\CodeIgniter->runController(Object(App\Controllers\Absent))
#6 D:\laragon\www\test1\vendor\codeigniter4\framework\system\CodeIgniter.php(312): CodeIgniter\CodeIgniter->handleRequest(NULL, Object(Config\Cache), false)
#7 D:\laragon\www\test1\public\index.php(45): CodeIgniter\CodeIgniter->run()
#8 {main}
