CRITICAL - 2020-08-06 20:57:14 --> Unknown column 'tbl_category' in 'where clause'
#0 D:\laragon\www\SiPosci\vendor\codeigniter4\framework\system\Database\MySQLi\Connection.php(331): mysqli->query('SELECT 1\nFROM `...')
#1 D:\laragon\www\SiPosci\vendor\codeigniter4\framework\system\Database\BaseConnection.php(741): CodeIgniter\Database\MySQLi\Connection->execute('SELECT 1\nFROM `...')
#2 D:\laragon\www\SiPosci\vendor\codeigniter4\framework\system\Database\BaseConnection.php(669): CodeIgniter\Database\BaseConnection->simpleQuery('SELECT 1\nFROM `...')
#3 D:\laragon\www\SiPosci\vendor\codeigniter4\framework\system\Database\BaseBuilder.php(1860): CodeIgniter\Database\BaseConnection->query('SELECT 1\nFROM `...', Array, false)
#4 D:\laragon\www\SiPosci\vendor\codeigniter4\framework\system\Validation\Rules.php(240): CodeIgniter\Database\BaseBuilder->get()
#5 D:\laragon\www\SiPosci\vendor\codeigniter4\framework\system\Validation\Validation.php(325): CodeIgniter\Validation\Rules->is_unique('asdasdas', 'tbl_category', Array, NULL)
#6 D:\laragon\www\SiPosci\vendor\codeigniter4\framework\system\Validation\Validation.php(189): CodeIgniter\Validation\Validation->processRules('name1', 'Nama Kategori', 'asdasdas', Array, Array)
#7 D:\laragon\www\SiPosci\vendor\codeigniter4\framework\system\Controller.php(219): CodeIgniter\Validation\Validation->run()
#8 D:\laragon\www\SiPosci\app\Controllers\Category.php(68): CodeIgniter\Controller->validate(Array)
#9 D:\laragon\www\SiPosci\vendor\codeigniter4\framework\system\CodeIgniter.php(918): App\Controllers\Category->add_category()
#10 D:\laragon\www\SiPosci\vendor\codeigniter4\framework\system\CodeIgniter.php(404): CodeIgniter\CodeIgniter->runController(Object(App\Controllers\Category))
#11 D:\laragon\www\SiPosci\vendor\codeigniter4\framework\system\CodeIgniter.php(312): CodeIgniter\CodeIgniter->handleRequest(NULL, Object(Config\Cache), false)
#12 D:\laragon\www\SiPosci\public\index.php(45): CodeIgniter\CodeIgniter->run()
#13 D:\laragon\www\SiPosci\vendor\codeigniter4\framework\system\Commands\Server\rewrite.php(34): require_once('D:\\laragon\\www\\...')
#14 {main}
CRITICAL - 2020-08-06 20:57:36 --> Unknown column 'tbl_category' in 'where clause'
#0 D:\laragon\www\SiPosci\vendor\codeigniter4\framework\system\Database\MySQLi\Connection.php(331): mysqli->query('SELECT 1\nFROM `...')
#1 D:\laragon\www\SiPosci\vendor\codeigniter4\framework\system\Database\BaseConnection.php(741): CodeIgniter\Database\MySQLi\Connection->execute('SELECT 1\nFROM `...')
#2 D:\laragon\www\SiPosci\vendor\codeigniter4\framework\system\Database\BaseConnection.php(669): CodeIgniter\Database\BaseConnection->simpleQuery('SELECT 1\nFROM `...')
#3 D:\laragon\www\SiPosci\vendor\codeigniter4\framework\system\Database\BaseBuilder.php(1860): CodeIgniter\Database\BaseConnection->query('SELECT 1\nFROM `...', Array, false)
#4 D:\laragon\www\SiPosci\vendor\codeigniter4\framework\system\Validation\Rules.php(240): CodeIgniter\Database\BaseBuilder->get()
#5 D:\laragon\www\SiPosci\vendor\codeigniter4\framework\system\Validation\Validation.php(325): CodeIgniter\Validation\Rules->is_unique('asdasdas', 'tbl_category', Array, NULL)
#6 D:\laragon\www\SiPosci\vendor\codeigniter4\framework\system\Validation\Validation.php(189): CodeIgniter\Validation\Validation->processRules('name1', 'Nama Kategori', 'asdasdas', Array, Array)
#7 D:\laragon\www\SiPosci\vendor\codeigniter4\framework\system\Controller.php(219): CodeIgniter\Validation\Validation->run()
#8 D:\laragon\www\SiPosci\app\Controllers\Category.php(68): CodeIgniter\Controller->validate(Array)
#9 D:\laragon\www\SiPosci\vendor\codeigniter4\framework\system\CodeIgniter.php(918): App\Controllers\Category->add_category()
#10 D:\laragon\www\SiPosci\vendor\codeigniter4\framework\system\CodeIgniter.php(404): CodeIgniter\CodeIgniter->runController(Object(App\Controllers\Category))
#11 D:\laragon\www\SiPosci\vendor\codeigniter4\framework\system\CodeIgniter.php(312): CodeIgniter\CodeIgniter->handleRequest(NULL, Object(Config\Cache), false)
#12 D:\laragon\www\SiPosci\public\index.php(45): CodeIgniter\CodeIgniter->run()
#13 D:\laragon\www\SiPosci\vendor\codeigniter4\framework\system\Commands\Server\rewrite.php(34): require_once('D:\\laragon\\www\\...')
#14 {main}
CRITICAL - 2020-08-06 20:58:09 --> Unknown column 'tbl_category' in 'where clause'
#0 D:\laragon\www\SiPosci\vendor\codeigniter4\framework\system\Database\MySQLi\Connection.php(331): mysqli->query('SELECT 1\nFROM `...')
#1 D:\laragon\www\SiPosci\vendor\codeigniter4\framework\system\Database\BaseConnection.php(741): CodeIgniter\Database\MySQLi\Connection->execute('SELECT 1\nFROM `...')
#2 D:\laragon\www\SiPosci\vendor\codeigniter4\framework\system\Database\BaseConnection.php(669): CodeIgniter\Database\BaseConnection->simpleQuery('SELECT 1\nFROM `...')
#3 D:\laragon\www\SiPosci\vendor\codeigniter4\framework\system\Database\BaseBuilder.php(1860): CodeIgniter\Database\BaseConnection->query('SELECT 1\nFROM `...', Array, false)
#4 D:\laragon\www\SiPosci\vendor\codeigniter4\framework\system\Validation\Rules.php(240): CodeIgniter\Database\BaseBuilder->get()
#5 D:\laragon\www\SiPosci\vendor\codeigniter4\framework\system\Validation\Validation.php(325): CodeIgniter\Validation\Rules->is_unique('makanan', 'tbl_category', Array, NULL)
#6 D:\laragon\www\SiPosci\vendor\codeigniter4\framework\system\Validation\Validation.php(189): CodeIgniter\Validation\Validation->processRules('name1', 'Nama Kategori', 'makanan', Array, Array)
#7 D:\laragon\www\SiPosci\vendor\codeigniter4\framework\system\Controller.php(219): CodeIgniter\Validation\Validation->run()
#8 D:\laragon\www\SiPosci\app\Controllers\Category.php(68): CodeIgniter\Controller->validate(Array)
#9 D:\laragon\www\SiPosci\vendor\codeigniter4\framework\system\CodeIgniter.php(918): App\Controllers\Category->add_category()
#10 D:\laragon\www\SiPosci\vendor\codeigniter4\framework\system\CodeIgniter.php(404): CodeIgniter\CodeIgniter->runController(Object(App\Controllers\Category))
#11 D:\laragon\www\SiPosci\vendor\codeigniter4\framework\system\CodeIgniter.php(312): CodeIgniter\CodeIgniter->handleRequest(NULL, Object(Config\Cache), false)
#12 D:\laragon\www\SiPosci\public\index.php(45): CodeIgniter\CodeIgniter->run()
#13 D:\laragon\www\SiPosci\vendor\codeigniter4\framework\system\Commands\Server\rewrite.php(34): require_once('D:\\laragon\\www\\...')
#14 {main}
CRITICAL - 2020-08-06 20:59:23 --> Unknown column 'tbl_category' in 'where clause'
#0 D:\laragon\www\SiPosci\vendor\codeigniter4\framework\system\Database\MySQLi\Connection.php(331): mysqli->query('SELECT 1\nFROM `...')
#1 D:\laragon\www\SiPosci\vendor\codeigniter4\framework\system\Database\BaseConnection.php(741): CodeIgniter\Database\MySQLi\Connection->execute('SELECT 1\nFROM `...')
#2 D:\laragon\www\SiPosci\vendor\codeigniter4\framework\system\Database\BaseConnection.php(669): CodeIgniter\Database\BaseConnection->simpleQuery('SELECT 1\nFROM `...')
#3 D:\laragon\www\SiPosci\vendor\codeigniter4\framework\system\Database\BaseBuilder.php(1860): CodeIgniter\Database\BaseConnection->query('SELECT 1\nFROM `...', Array, false)
#4 D:\laragon\www\SiPosci\vendor\codeigniter4\framework\system\Validation\Rules.php(240): CodeIgniter\Database\BaseBuilder->get()
#5 D:\laragon\www\SiPosci\vendor\codeigniter4\framework\system\Validation\Validation.php(325): CodeIgniter\Validation\Rules->is_unique('makanan', 'tbl_category', Array, NULL)
#6 D:\laragon\www\SiPosci\vendor\codeigniter4\framework\system\Validation\Validation.php(189): CodeIgniter\Validation\Validation->processRules('name1', 'Nama Kategori', 'makanan', Array, Array)
#7 D:\laragon\www\SiPosci\vendor\codeigniter4\framework\system\Controller.php(219): CodeIgniter\Validation\Validation->run()
#8 D:\laragon\www\SiPosci\app\Controllers\Category.php(68): CodeIgniter\Controller->validate(Array)
#9 D:\laragon\www\SiPosci\vendor\codeigniter4\framework\system\CodeIgniter.php(918): App\Controllers\Category->add_category()
#10 D:\laragon\www\SiPosci\vendor\codeigniter4\framework\system\CodeIgniter.php(404): CodeIgniter\CodeIgniter->runController(Object(App\Controllers\Category))
#11 D:\laragon\www\SiPosci\vendor\codeigniter4\framework\system\CodeIgniter.php(312): CodeIgniter\CodeIgniter->handleRequest(NULL, Object(Config\Cache), false)
#12 D:\laragon\www\SiPosci\public\index.php(45): CodeIgniter\CodeIgniter->run()
#13 D:\laragon\www\SiPosci\vendor\codeigniter4\framework\system\Commands\Server\rewrite.php(34): require_once('D:\\laragon\\www\\...')
#14 {main}
CRITICAL - 2020-08-06 21:38:56 --> Column 'name' cannot be null
#0 D:\laragon\www\SiPosci\vendor\codeigniter4\framework\system\Database\MySQLi\Connection.php(331): mysqli->query('INSERT INTO `tb...')
#1 D:\laragon\www\SiPosci\vendor\codeigniter4\framework\system\Database\BaseConnection.php(741): CodeIgniter\Database\MySQLi\Connection->execute('INSERT INTO `tb...')
#2 D:\laragon\www\SiPosci\vendor\codeigniter4\framework\system\Database\BaseConnection.php(669): CodeIgniter\Database\BaseConnection->simpleQuery('INSERT INTO `tb...')
#3 D:\laragon\www\SiPosci\vendor\codeigniter4\framework\system\Database\BaseBuilder.php(2249): CodeIgniter\Database\BaseConnection->query('INSERT INTO `tb...', Array, false)
#4 D:\laragon\www\SiPosci\vendor\codeigniter4\framework\system\Model.php(755): CodeIgniter\Database\BaseBuilder->insert()
#5 D:\laragon\www\SiPosci\app\Controllers\Category.php(89): CodeIgniter\Model->insert(Array)
#6 D:\laragon\www\SiPosci\vendor\codeigniter4\framework\system\CodeIgniter.php(918): App\Controllers\Category->add_category()
#7 D:\laragon\www\SiPosci\vendor\codeigniter4\framework\system\CodeIgniter.php(404): CodeIgniter\CodeIgniter->runController(Object(App\Controllers\Category))
#8 D:\laragon\www\SiPosci\vendor\codeigniter4\framework\system\CodeIgniter.php(312): CodeIgniter\CodeIgniter->handleRequest(NULL, Object(Config\Cache), false)
#9 D:\laragon\www\SiPosci\public\index.php(45): CodeIgniter\CodeIgniter->run()
#10 D:\laragon\www\SiPosci\vendor\codeigniter4\framework\system\Commands\Server\rewrite.php(34): require_once('D:\\laragon\\www\\...')
#11 {main}
CRITICAL - 2020-08-06 21:43:58 --> Invalid argument supplied for foreach()
#0 D:\laragon\www\SiPosci\app\Controllers\Category.php(86): CodeIgniter\Debug\Exceptions->errorHandler(2, 'Invalid argumen...', 'D:\\laragon\\www\\...', 86, Array)
#1 D:\laragon\www\SiPosci\vendor\codeigniter4\framework\system\CodeIgniter.php(918): App\Controllers\Category->add_category()
#2 D:\laragon\www\SiPosci\vendor\codeigniter4\framework\system\CodeIgniter.php(404): CodeIgniter\CodeIgniter->runController(Object(App\Controllers\Category))
#3 D:\laragon\www\SiPosci\vendor\codeigniter4\framework\system\CodeIgniter.php(312): CodeIgniter\CodeIgniter->handleRequest(NULL, Object(Config\Cache), false)
#4 D:\laragon\www\SiPosci\public\index.php(45): CodeIgniter\CodeIgniter->run()
#5 D:\laragon\www\SiPosci\vendor\codeigniter4\framework\system\Commands\Server\rewrite.php(34): require_once('D:\\laragon\\www\\...')
#6 {main}
CRITICAL - 2020-08-06 21:44:14 --> Invalid argument supplied for foreach()
#0 D:\laragon\www\SiPosci\app\Controllers\Category.php(86): CodeIgniter\Debug\Exceptions->errorHandler(2, 'Invalid argumen...', 'D:\\laragon\\www\\...', 86, Array)
#1 D:\laragon\www\SiPosci\vendor\codeigniter4\framework\system\CodeIgniter.php(918): App\Controllers\Category->add_category()
#2 D:\laragon\www\SiPosci\vendor\codeigniter4\framework\system\CodeIgniter.php(404): CodeIgniter\CodeIgniter->runController(Object(App\Controllers\Category))
#3 D:\laragon\www\SiPosci\vendor\codeigniter4\framework\system\CodeIgniter.php(312): CodeIgniter\CodeIgniter->handleRequest(NULL, Object(Config\Cache), false)
#4 D:\laragon\www\SiPosci\public\index.php(45): CodeIgniter\CodeIgniter->run()
#5 D:\laragon\www\SiPosci\vendor\codeigniter4\framework\system\Commands\Server\rewrite.php(34): require_once('D:\\laragon\\www\\...')
#6 {main}
CRITICAL - 2020-08-06 21:47:11 --> Duplicate entry '' for key 'PRIMARY'
#0 D:\laragon\www\SiPosci\vendor\codeigniter4\framework\system\Database\MySQLi\Connection.php(331): mysqli->query('INSERT INTO `tb...')
#1 D:\laragon\www\SiPosci\vendor\codeigniter4\framework\system\Database\BaseConnection.php(741): CodeIgniter\Database\MySQLi\Connection->execute('INSERT INTO `tb...')
#2 D:\laragon\www\SiPosci\vendor\codeigniter4\framework\system\Database\BaseConnection.php(669): CodeIgniter\Database\BaseConnection->simpleQuery('INSERT INTO `tb...')
#3 D:\laragon\www\SiPosci\vendor\codeigniter4\framework\system\Database\BaseBuilder.php(2249): CodeIgniter\Database\BaseConnection->query('INSERT INTO `tb...', Array, false)
#4 D:\laragon\www\SiPosci\vendor\codeigniter4\framework\system\Model.php(755): CodeIgniter\Database\BaseBuilder->insert()
#5 D:\laragon\www\SiPosci\app\Controllers\Category.php(90): CodeIgniter\Model->insert(Array)
#6 D:\laragon\www\SiPosci\vendor\codeigniter4\framework\system\CodeIgniter.php(918): App\Controllers\Category->add_category()
#7 D:\laragon\www\SiPosci\vendor\codeigniter4\framework\system\CodeIgniter.php(404): CodeIgniter\CodeIgniter->runController(Object(App\Controllers\Category))
#8 D:\laragon\www\SiPosci\vendor\codeigniter4\framework\system\CodeIgniter.php(312): CodeIgniter\CodeIgniter->handleRequest(NULL, Object(Config\Cache), false)
#9 D:\laragon\www\SiPosci\public\index.php(45): CodeIgniter\CodeIgniter->run()
#10 D:\laragon\www\SiPosci\vendor\codeigniter4\framework\system\Commands\Server\rewrite.php(34): require_once('D:\\laragon\\www\\...')
#11 {main}
CRITICAL - 2020-08-06 22:01:17 --> Call to a member function getPost() on null
#0 D:\laragon\www\SiPosci\app\Models\CategoryModel.php(66): App\Models\CategoryModel->_get_datatables_query()
#1 D:\laragon\www\SiPosci\app\Controllers\Category.php(153): App\Models\CategoryModel->get_datatables()
#2 D:\laragon\www\SiPosci\vendor\codeigniter4\framework\system\CodeIgniter.php(918): App\Controllers\Category->data_category()
#3 D:\laragon\www\SiPosci\vendor\codeigniter4\framework\system\CodeIgniter.php(404): CodeIgniter\CodeIgniter->runController(Object(App\Controllers\Category))
#4 D:\laragon\www\SiPosci\vendor\codeigniter4\framework\system\CodeIgniter.php(312): CodeIgniter\CodeIgniter->handleRequest(NULL, Object(Config\Cache), false)
#5 D:\laragon\www\SiPosci\public\index.php(45): CodeIgniter\CodeIgniter->run()
#6 D:\laragon\www\SiPosci\vendor\codeigniter4\framework\system\Commands\Server\rewrite.php(34): require_once('D:\\laragon\\www\\...')
#7 {main}
CRITICAL - 2020-08-06 22:01:33 --> Call to a member function getPost() on null
#0 D:\laragon\www\SiPosci\app\Models\CategoryModel.php(66): App\Models\CategoryModel->_get_datatables_query()
#1 D:\laragon\www\SiPosci\app\Controllers\Category.php(153): App\Models\CategoryModel->get_datatables()
#2 D:\laragon\www\SiPosci\vendor\codeigniter4\framework\system\CodeIgniter.php(918): App\Controllers\Category->data_category()
#3 D:\laragon\www\SiPosci\vendor\codeigniter4\framework\system\CodeIgniter.php(404): CodeIgniter\CodeIgniter->runController(Object(App\Controllers\Category))
#4 D:\laragon\www\SiPosci\vendor\codeigniter4\framework\system\CodeIgniter.php(312): CodeIgniter\CodeIgniter->handleRequest(NULL, Object(Config\Cache), false)
#5 D:\laragon\www\SiPosci\public\index.php(45): CodeIgniter\CodeIgniter->run()
#6 D:\laragon\www\SiPosci\vendor\codeigniter4\framework\system\Commands\Server\rewrite.php(34): require_once('D:\\laragon\\www\\...')
#7 {main}
CRITICAL - 2020-08-06 22:01:45 --> Call to a member function getPost() on null
#0 D:\laragon\www\SiPosci\app\Models\CategoryModel.php(66): App\Models\CategoryModel->_get_datatables_query()
#1 D:\laragon\www\SiPosci\app\Controllers\Category.php(153): App\Models\CategoryModel->get_datatables()
#2 D:\laragon\www\SiPosci\vendor\codeigniter4\framework\system\CodeIgniter.php(918): App\Controllers\Category->data_category()
#3 D:\laragon\www\SiPosci\vendor\codeigniter4\framework\system\CodeIgniter.php(404): CodeIgniter\CodeIgniter->runController(Object(App\Controllers\Category))
#4 D:\laragon\www\SiPosci\vendor\codeigniter4\framework\system\CodeIgniter.php(312): CodeIgniter\CodeIgniter->handleRequest(NULL, Object(Config\Cache), false)
#5 D:\laragon\www\SiPosci\public\index.php(45): CodeIgniter\CodeIgniter->run()
#6 D:\laragon\www\SiPosci\vendor\codeigniter4\framework\system\Commands\Server\rewrite.php(34): require_once('D:\\laragon\\www\\...')
#7 {main}
CRITICAL - 2020-08-06 22:03:30 --> Call to a member function getPost() on null
#0 D:\laragon\www\SiPosci\app\Models\CategoryModel.php(66): App\Models\CategoryModel->_get_datatables_query()
#1 D:\laragon\www\SiPosci\app\Controllers\Category.php(153): App\Models\CategoryModel->get_datatables()
#2 D:\laragon\www\SiPosci\vendor\codeigniter4\framework\system\CodeIgniter.php(918): App\Controllers\Category->data_category()
#3 D:\laragon\www\SiPosci\vendor\codeigniter4\framework\system\CodeIgniter.php(404): CodeIgniter\CodeIgniter->runController(Object(App\Controllers\Category))
#4 D:\laragon\www\SiPosci\vendor\codeigniter4\framework\system\CodeIgniter.php(312): CodeIgniter\CodeIgniter->handleRequest(NULL, Object(Config\Cache), false)
#5 D:\laragon\www\SiPosci\public\index.php(45): CodeIgniter\CodeIgniter->run()
#6 D:\laragon\www\SiPosci\vendor\codeigniter4\framework\system\Commands\Server\rewrite.php(34): require_once('D:\\laragon\\www\\...')
#7 {main}
CRITICAL - 2020-08-06 22:03:58 --> Call to a member function getPost() on null
#0 D:\laragon\www\SiPosci\app\Models\CategoryModel.php(66): App\Models\CategoryModel->_get_datatables_query()
#1 D:\laragon\www\SiPosci\app\Controllers\Category.php(153): App\Models\CategoryModel->get_datatables()
#2 D:\laragon\www\SiPosci\vendor\codeigniter4\framework\system\CodeIgniter.php(918): App\Controllers\Category->data_category()
#3 D:\laragon\www\SiPosci\vendor\codeigniter4\framework\system\CodeIgniter.php(404): CodeIgniter\CodeIgniter->runController(Object(App\Controllers\Category))
#4 D:\laragon\www\SiPosci\vendor\codeigniter4\framework\system\CodeIgniter.php(312): CodeIgniter\CodeIgniter->handleRequest(NULL, Object(Config\Cache), false)
#5 D:\laragon\www\SiPosci\public\index.php(45): CodeIgniter\CodeIgniter->run()
#6 D:\laragon\www\SiPosci\vendor\codeigniter4\framework\system\Commands\Server\rewrite.php(34): require_once('D:\\laragon\\www\\...')
#7 {main}
CRITICAL - 2020-08-06 22:04:53 --> syntax error, unexpected end of file, expecting function (T_FUNCTION) or const (T_CONST)
#0 D:\laragon\www\SiPosci\vendor\codeigniter4\framework\system\Autoloader\Autoloader.php(296): CodeIgniter\Autoloader\Autoloader->requireFile('D:\\laragon\\www\\...')
#1 D:\laragon\www\SiPosci\vendor\codeigniter4\framework\system\Autoloader\Autoloader.php(258): CodeIgniter\Autoloader\Autoloader->loadInNamespace('App\\Controllers...')
#2 [internal function]: CodeIgniter\Autoloader\Autoloader->loadClass('App\\Controllers...')
#3 [internal function]: spl_autoload_call('App\\Controllers...')
#4 D:\laragon\www\SiPosci\vendor\codeigniter4\framework\system\CodeIgniter.php(869): class_exists('\\App\\Controller...', true)
#5 D:\laragon\www\SiPosci\vendor\codeigniter4\framework\system\CodeIgniter.php(394): CodeIgniter\CodeIgniter->startController()
#6 D:\laragon\www\SiPosci\vendor\codeigniter4\framework\system\CodeIgniter.php(312): CodeIgniter\CodeIgniter->handleRequest(NULL, Object(Config\Cache), false)
#7 D:\laragon\www\SiPosci\public\index.php(45): CodeIgniter\CodeIgniter->run()
#8 D:\laragon\www\SiPosci\vendor\codeigniter4\framework\system\Commands\Server\rewrite.php(34): require_once('D:\\laragon\\www\\...')
#9 {main}
CRITICAL - 2020-08-06 22:25:25 --> Too few arguments to function App\Controllers\Role::single_role(), 0 passed in D:\laragon\www\SiPosci\vendor\codeigniter4\framework\system\CodeIgniter.php on line 918 and exactly 1 expected
#0 D:\laragon\www\SiPosci\vendor\codeigniter4\framework\system\CodeIgniter.php(918): App\Controllers\Role->single_role()
#1 D:\laragon\www\SiPosci\vendor\codeigniter4\framework\system\CodeIgniter.php(404): CodeIgniter\CodeIgniter->runController(Object(App\Controllers\Role))
#2 D:\laragon\www\SiPosci\vendor\codeigniter4\framework\system\CodeIgniter.php(312): CodeIgniter\CodeIgniter->handleRequest(NULL, Object(Config\Cache), false)
#3 D:\laragon\www\SiPosci\public\index.php(45): CodeIgniter\CodeIgniter->run()
#4 D:\laragon\www\SiPosci\vendor\codeigniter4\framework\system\Commands\Server\rewrite.php(34): require_once('D:\\laragon\\www\\...')
#5 {main}
CRITICAL - 2020-08-06 22:25:27 --> Too few arguments to function App\Controllers\Role::single_role(), 0 passed in D:\laragon\www\SiPosci\vendor\codeigniter4\framework\system\CodeIgniter.php on line 918 and exactly 1 expected
#0 D:\laragon\www\SiPosci\vendor\codeigniter4\framework\system\CodeIgniter.php(918): App\Controllers\Role->single_role()
#1 D:\laragon\www\SiPosci\vendor\codeigniter4\framework\system\CodeIgniter.php(404): CodeIgniter\CodeIgniter->runController(Object(App\Controllers\Role))
#2 D:\laragon\www\SiPosci\vendor\codeigniter4\framework\system\CodeIgniter.php(312): CodeIgniter\CodeIgniter->handleRequest(NULL, Object(Config\Cache), false)
#3 D:\laragon\www\SiPosci\public\index.php(45): CodeIgniter\CodeIgniter->run()
#4 D:\laragon\www\SiPosci\vendor\codeigniter4\framework\system\Commands\Server\rewrite.php(34): require_once('D:\\laragon\\www\\...')
#5 {main}
CRITICAL - 2020-08-06 22:25:47 --> Too few arguments to function App\Controllers\Role::single_role(), 0 passed in D:\laragon\www\SiPosci\vendor\codeigniter4\framework\system\CodeIgniter.php on line 918 and exactly 1 expected
#0 D:\laragon\www\SiPosci\vendor\codeigniter4\framework\system\CodeIgniter.php(918): App\Controllers\Role->single_role()
#1 D:\laragon\www\SiPosci\vendor\codeigniter4\framework\system\CodeIgniter.php(404): CodeIgniter\CodeIgniter->runController(Object(App\Controllers\Role))
#2 D:\laragon\www\SiPosci\vendor\codeigniter4\framework\system\CodeIgniter.php(312): CodeIgniter\CodeIgniter->handleRequest(NULL, Object(Config\Cache), false)
#3 D:\laragon\www\SiPosci\public\index.php(45): CodeIgniter\CodeIgniter->run()
#4 D:\laragon\www\SiPosci\vendor\codeigniter4\framework\system\Commands\Server\rewrite.php(34): require_once('D:\\laragon\\www\\...')
#5 {main}
CRITICAL - 2020-08-06 22:26:05 --> Too few arguments to function App\Controllers\Role::single_role(), 0 passed in D:\laragon\www\SiPosci\vendor\codeigniter4\framework\system\CodeIgniter.php on line 918 and exactly 1 expected
#0 D:\laragon\www\SiPosci\vendor\codeigniter4\framework\system\CodeIgniter.php(918): App\Controllers\Role->single_role()
#1 D:\laragon\www\SiPosci\vendor\codeigniter4\framework\system\CodeIgniter.php(404): CodeIgniter\CodeIgniter->runController(Object(App\Controllers\Role))
#2 D:\laragon\www\SiPosci\vendor\codeigniter4\framework\system\CodeIgniter.php(312): CodeIgniter\CodeIgniter->handleRequest(NULL, Object(Config\Cache), false)
#3 D:\laragon\www\SiPosci\public\index.php(45): CodeIgniter\CodeIgniter->run()
#4 D:\laragon\www\SiPosci\vendor\codeigniter4\framework\system\Commands\Server\rewrite.php(34): require_once('D:\\laragon\\www\\...')
#5 {main}
CRITICAL - 2020-08-06 22:27:23 --> Too few arguments to function App\Controllers\Role::single_role(), 0 passed in D:\laragon\www\SiPosci\vendor\codeigniter4\framework\system\CodeIgniter.php on line 918 and exactly 1 expected
#0 D:\laragon\www\SiPosci\vendor\codeigniter4\framework\system\CodeIgniter.php(918): App\Controllers\Role->single_role()
#1 D:\laragon\www\SiPosci\vendor\codeigniter4\framework\system\CodeIgniter.php(404): CodeIgniter\CodeIgniter->runController(Object(App\Controllers\Role))
#2 D:\laragon\www\SiPosci\vendor\codeigniter4\framework\system\CodeIgniter.php(312): CodeIgniter\CodeIgniter->handleRequest(NULL, Object(Config\Cache), false)
#3 D:\laragon\www\SiPosci\public\index.php(45): CodeIgniter\CodeIgniter->run()
#4 D:\laragon\www\SiPosci\vendor\codeigniter4\framework\system\Commands\Server\rewrite.php(34): require_once('D:\\laragon\\www\\...')
#5 {main}
CRITICAL - 2020-08-06 22:27:57 --> Too few arguments to function App\Controllers\Role::single_role(), 0 passed in D:\laragon\www\SiPosci\vendor\codeigniter4\framework\system\CodeIgniter.php on line 918 and exactly 1 expected
#0 D:\laragon\www\SiPosci\vendor\codeigniter4\framework\system\CodeIgniter.php(918): App\Controllers\Role->single_role()
#1 D:\laragon\www\SiPosci\vendor\codeigniter4\framework\system\CodeIgniter.php(404): CodeIgniter\CodeIgniter->runController(Object(App\Controllers\Role))
#2 D:\laragon\www\SiPosci\vendor\codeigniter4\framework\system\CodeIgniter.php(312): CodeIgniter\CodeIgniter->handleRequest(NULL, Object(Config\Cache), false)
#3 D:\laragon\www\SiPosci\public\index.php(45): CodeIgniter\CodeIgniter->run()
#4 D:\laragon\www\SiPosci\vendor\codeigniter4\framework\system\Commands\Server\rewrite.php(34): require_once('D:\\laragon\\www\\...')
#5 {main}
CRITICAL - 2020-08-06 22:28:03 --> Too few arguments to function App\Controllers\Role::single_role(), 0 passed in D:\laragon\www\SiPosci\vendor\codeigniter4\framework\system\CodeIgniter.php on line 918 and exactly 1 expected
#0 D:\laragon\www\SiPosci\vendor\codeigniter4\framework\system\CodeIgniter.php(918): App\Controllers\Role->single_role()
#1 D:\laragon\www\SiPosci\vendor\codeigniter4\framework\system\CodeIgniter.php(404): CodeIgniter\CodeIgniter->runController(Object(App\Controllers\Role))
#2 D:\laragon\www\SiPosci\vendor\codeigniter4\framework\system\CodeIgniter.php(312): CodeIgniter\CodeIgniter->handleRequest(NULL, Object(Config\Cache), false)
#3 D:\laragon\www\SiPosci\public\index.php(45): CodeIgniter\CodeIgniter->run()
#4 D:\laragon\www\SiPosci\vendor\codeigniter4\framework\system\Commands\Server\rewrite.php(34): require_once('D:\\laragon\\www\\...')
#5 {main}
CRITICAL - 2020-08-06 22:28:28 --> Too few arguments to function App\Controllers\Role::single_role(), 0 passed in D:\laragon\www\SiPosci\vendor\codeigniter4\framework\system\CodeIgniter.php on line 918 and exactly 1 expected
#0 D:\laragon\www\SiPosci\vendor\codeigniter4\framework\system\CodeIgniter.php(918): App\Controllers\Role->single_role()
#1 D:\laragon\www\SiPosci\vendor\codeigniter4\framework\system\CodeIgniter.php(404): CodeIgniter\CodeIgniter->runController(Object(App\Controllers\Role))
#2 D:\laragon\www\SiPosci\vendor\codeigniter4\framework\system\CodeIgniter.php(312): CodeIgniter\CodeIgniter->handleRequest(NULL, Object(Config\Cache), false)
#3 D:\laragon\www\SiPosci\public\index.php(45): CodeIgniter\CodeIgniter->run()
#4 D:\laragon\www\SiPosci\vendor\codeigniter4\framework\system\Commands\Server\rewrite.php(34): require_once('D:\\laragon\\www\\...')
#5 {main}
CRITICAL - 2020-08-06 22:30:31 --> Too few arguments to function App\Controllers\Role::single_role(), 0 passed in D:\laragon\www\SiPosci\vendor\codeigniter4\framework\system\CodeIgniter.php on line 918 and exactly 1 expected
#0 D:\laragon\www\SiPosci\vendor\codeigniter4\framework\system\CodeIgniter.php(918): App\Controllers\Role->single_role()
#1 D:\laragon\www\SiPosci\vendor\codeigniter4\framework\system\CodeIgniter.php(404): CodeIgniter\CodeIgniter->runController(Object(App\Controllers\Role))
#2 D:\laragon\www\SiPosci\vendor\codeigniter4\framework\system\CodeIgniter.php(312): CodeIgniter\CodeIgniter->handleRequest(NULL, Object(Config\Cache), false)
#3 D:\laragon\www\SiPosci\public\index.php(45): CodeIgniter\CodeIgniter->run()
#4 D:\laragon\www\SiPosci\vendor\codeigniter4\framework\system\Commands\Server\rewrite.php(34): require_once('D:\\laragon\\www\\...')
#5 {main}
CRITICAL - 2020-08-06 22:30:49 --> Too few arguments to function App\Controllers\Role::single_role(), 0 passed in D:\laragon\www\SiPosci\vendor\codeigniter4\framework\system\CodeIgniter.php on line 918 and exactly 1 expected
#0 D:\laragon\www\SiPosci\vendor\codeigniter4\framework\system\CodeIgniter.php(918): App\Controllers\Role->single_role()
#1 D:\laragon\www\SiPosci\vendor\codeigniter4\framework\system\CodeIgniter.php(404): CodeIgniter\CodeIgniter->runController(Object(App\Controllers\Role))
#2 D:\laragon\www\SiPosci\vendor\codeigniter4\framework\system\CodeIgniter.php(312): CodeIgniter\CodeIgniter->handleRequest(NULL, Object(Config\Cache), false)
#3 D:\laragon\www\SiPosci\public\index.php(45): CodeIgniter\CodeIgniter->run()
#4 D:\laragon\www\SiPosci\vendor\codeigniter4\framework\system\Commands\Server\rewrite.php(34): require_once('D:\\laragon\\www\\...')
#5 {main}
CRITICAL - 2020-08-06 22:40:59 --> Call to undefined method App\Controllers\Category::CategoryModel()
#0 D:\laragon\www\SiPosci\vendor\codeigniter4\framework\system\CodeIgniter.php(918): App\Controllers\Category->remove_category()
#1 D:\laragon\www\SiPosci\vendor\codeigniter4\framework\system\CodeIgniter.php(404): CodeIgniter\CodeIgniter->runController(Object(App\Controllers\Category))
#2 D:\laragon\www\SiPosci\vendor\codeigniter4\framework\system\CodeIgniter.php(312): CodeIgniter\CodeIgniter->handleRequest(NULL, Object(Config\Cache), false)
#3 D:\laragon\www\SiPosci\public\index.php(45): CodeIgniter\CodeIgniter->run()
#4 D:\laragon\www\SiPosci\vendor\codeigniter4\framework\system\Commands\Server\rewrite.php(34): require_once('D:\\laragon\\www\\...')
#5 {main}
