CRITICAL - 2020-11-08 06:06:56 --> syntax error, unexpected '<'
#0 D:\Project\Web\Trading\AbsentApp\vendor\codeigniter4\framework\system\View\View.php(257): CodeIgniter\View\View->render('templates/templ...', Array, true)
#1 D:\Project\Web\Trading\AbsentApp\vendor\codeigniter4\framework\system\Common.php(1119): CodeIgniter\View\View->render('masterdata/prod...', Array, true)
#2 D:\Project\Web\Trading\AbsentApp\app\Controllers\Product.php(16): view('masterdata/prod...', Array)
#3 D:\Project\Web\Trading\AbsentApp\vendor\codeigniter4\framework\system\CodeIgniter.php(918): App\Controllers\product->index()
#4 D:\Project\Web\Trading\AbsentApp\vendor\codeigniter4\framework\system\CodeIgniter.php(404): CodeIgniter\CodeIgniter->runController(Object(App\Controllers\product))
#5 D:\Project\Web\Trading\AbsentApp\vendor\codeigniter4\framework\system\CodeIgniter.php(312): CodeIgniter\CodeIgniter->handleRequest(NULL, Object(Config\Cache), false)
#6 D:\Project\Web\Trading\AbsentApp\public\index.php(45): CodeIgniter\CodeIgniter->run()
#7 D:\Project\Web\Trading\AbsentApp\vendor\codeigniter4\framework\system\Commands\Server\rewrite.php(34): require_once('D:\\Project\\Web\\...')
#8 {main}
CRITICAL - 2020-11-08 06:07:40 --> syntax error, unexpected 'endforeach' (T_ENDFOREACH)
#0 D:\Project\Web\Trading\AbsentApp\vendor\codeigniter4\framework\system\View\View.php(257): CodeIgniter\View\View->render('templates/templ...', Array, true)
#1 D:\Project\Web\Trading\AbsentApp\vendor\codeigniter4\framework\system\Common.php(1119): CodeIgniter\View\View->render('masterdata/prod...', Array, true)
#2 D:\Project\Web\Trading\AbsentApp\app\Controllers\Product.php(16): view('masterdata/prod...', Array)
#3 D:\Project\Web\Trading\AbsentApp\vendor\codeigniter4\framework\system\CodeIgniter.php(918): App\Controllers\product->index()
#4 D:\Project\Web\Trading\AbsentApp\vendor\codeigniter4\framework\system\CodeIgniter.php(404): CodeIgniter\CodeIgniter->runController(Object(App\Controllers\product))
#5 D:\Project\Web\Trading\AbsentApp\vendor\codeigniter4\framework\system\CodeIgniter.php(312): CodeIgniter\CodeIgniter->handleRequest(NULL, Object(Config\Cache), false)
#6 D:\Project\Web\Trading\AbsentApp\public\index.php(45): CodeIgniter\CodeIgniter->run()
#7 D:\Project\Web\Trading\AbsentApp\vendor\codeigniter4\framework\system\Commands\Server\rewrite.php(34): require_once('D:\\Project\\Web\\...')
#8 {main}
CRITICAL - 2020-11-08 06:32:16 --> A non-numeric value encountered
#0 D:\Project\Web\Trading\AbsentApp\app\Views\templates\template-dashboard.php(61): CodeIgniter\Debug\Exceptions->errorHandler(2, 'A non-numeric v...', 'D:\\Project\\Web\\...', 61, Array)
#1 D:\Project\Web\Trading\AbsentApp\vendor\codeigniter4\framework\system\View\View.php(246): include('D:\\Project\\Web\\...')
#2 D:\Project\Web\Trading\AbsentApp\vendor\codeigniter4\framework\system\View\View.php(257): CodeIgniter\View\View->render('templates/templ...', Array, true)
#3 D:\Project\Web\Trading\AbsentApp\vendor\codeigniter4\framework\system\Common.php(1119): CodeIgniter\View\View->render('page/absent', Array, true)
#4 D:\Project\Web\Trading\AbsentApp\app\Controllers\Absent.php(12): view('page/absent', Array)
#5 D:\Project\Web\Trading\AbsentApp\vendor\codeigniter4\framework\system\CodeIgniter.php(918): App\Controllers\Absent->index()
#6 D:\Project\Web\Trading\AbsentApp\vendor\codeigniter4\framework\system\CodeIgniter.php(404): CodeIgniter\CodeIgniter->runController(Object(App\Controllers\Absent))
#7 D:\Project\Web\Trading\AbsentApp\vendor\codeigniter4\framework\system\CodeIgniter.php(312): CodeIgniter\CodeIgniter->handleRequest(NULL, Object(Config\Cache), false)
#8 D:\Project\Web\Trading\AbsentApp\public\index.php(45): CodeIgniter\CodeIgniter->run()
#9 D:\Project\Web\Trading\AbsentApp\vendor\codeigniter4\framework\system\Commands\Server\rewrite.php(34): require_once('D:\\Project\\Web\\...')
#10 {main}
CRITICAL - 2020-11-08 06:41:57 --> Trying to access array offset on value of type null
#0 D:\Project\Web\Trading\AbsentApp\app\Views\templates\template-dashboard.php(25): CodeIgniter\Debug\Exceptions->errorHandler(8, 'Trying to acces...', 'D:\\Project\\Web\\...', 25, Array)
#1 D:\Project\Web\Trading\AbsentApp\vendor\codeigniter4\framework\system\View\View.php(246): include('D:\\Project\\Web\\...')
#2 D:\Project\Web\Trading\AbsentApp\vendor\codeigniter4\framework\system\View\View.php(257): CodeIgniter\View\View->render('templates/templ...', Array, true)
#3 D:\Project\Web\Trading\AbsentApp\vendor\codeigniter4\framework\system\Common.php(1119): CodeIgniter\View\View->render('page/absent', Array, true)
#4 D:\Project\Web\Trading\AbsentApp\app\Controllers\Absent.php(12): view('page/absent', Array)
#5 D:\Project\Web\Trading\AbsentApp\vendor\codeigniter4\framework\system\CodeIgniter.php(918): App\Controllers\Absent->index()
#6 D:\Project\Web\Trading\AbsentApp\vendor\codeigniter4\framework\system\CodeIgniter.php(404): CodeIgniter\CodeIgniter->runController(Object(App\Controllers\Absent))
#7 D:\Project\Web\Trading\AbsentApp\vendor\codeigniter4\framework\system\CodeIgniter.php(312): CodeIgniter\CodeIgniter->handleRequest(NULL, Object(Config\Cache), false)
#8 D:\Project\Web\Trading\AbsentApp\public\index.php(45): CodeIgniter\CodeIgniter->run()
#9 D:\Project\Web\Trading\AbsentApp\vendor\codeigniter4\framework\system\Commands\Server\rewrite.php(34): require_once('D:\\Project\\Web\\...')
#10 {main}
CRITICAL - 2020-11-08 08:45:44 --> Trying to access array offset on value of type null
#0 D:\Project\Web\Trading\AbsentApp\app\Views\templates\template-dashboard.php(25): CodeIgniter\Debug\Exceptions->errorHandler(8, 'Trying to acces...', 'D:\\Project\\Web\\...', 25, Array)
#1 D:\Project\Web\Trading\AbsentApp\vendor\codeigniter4\framework\system\View\View.php(246): include('D:\\Project\\Web\\...')
#2 D:\Project\Web\Trading\AbsentApp\vendor\codeigniter4\framework\system\View\View.php(257): CodeIgniter\View\View->render('templates/templ...', Array, true)
#3 D:\Project\Web\Trading\AbsentApp\vendor\codeigniter4\framework\system\Common.php(1119): CodeIgniter\View\View->render('page/absent', Array, true)
#4 D:\Project\Web\Trading\AbsentApp\app\Controllers\Absent.php(12): view('page/absent', Array)
#5 D:\Project\Web\Trading\AbsentApp\vendor\codeigniter4\framework\system\CodeIgniter.php(918): App\Controllers\Absent->index()
#6 D:\Project\Web\Trading\AbsentApp\vendor\codeigniter4\framework\system\CodeIgniter.php(404): CodeIgniter\CodeIgniter->runController(Object(App\Controllers\Absent))
#7 D:\Project\Web\Trading\AbsentApp\vendor\codeigniter4\framework\system\CodeIgniter.php(312): CodeIgniter\CodeIgniter->handleRequest(NULL, Object(Config\Cache), false)
#8 D:\Project\Web\Trading\AbsentApp\public\index.php(45): CodeIgniter\CodeIgniter->run()
#9 D:\Project\Web\Trading\AbsentApp\vendor\codeigniter4\framework\system\Commands\Server\rewrite.php(34): require_once('D:\\Project\\Web\\...')
#10 {main}
CRITICAL - 2020-11-08 08:47:49 --> Trying to access array offset on value of type null
#0 D:\Project\Web\Trading\AbsentApp\app\Views\templates\template-dashboard.php(25): CodeIgniter\Debug\Exceptions->errorHandler(8, 'Trying to acces...', 'D:\\Project\\Web\\...', 25, Array)
#1 D:\Project\Web\Trading\AbsentApp\vendor\codeigniter4\framework\system\View\View.php(246): include('D:\\Project\\Web\\...')
#2 D:\Project\Web\Trading\AbsentApp\vendor\codeigniter4\framework\system\View\View.php(257): CodeIgniter\View\View->render('templates/templ...', Array, true)
#3 D:\Project\Web\Trading\AbsentApp\vendor\codeigniter4\framework\system\Common.php(1119): CodeIgniter\View\View->render('page/absent', Array, true)
#4 D:\Project\Web\Trading\AbsentApp\app\Controllers\Absent.php(12): view('page/absent', Array)
#5 D:\Project\Web\Trading\AbsentApp\vendor\codeigniter4\framework\system\CodeIgniter.php(918): App\Controllers\Absent->index()
#6 D:\Project\Web\Trading\AbsentApp\vendor\codeigniter4\framework\system\CodeIgniter.php(404): CodeIgniter\CodeIgniter->runController(Object(App\Controllers\Absent))
#7 D:\Project\Web\Trading\AbsentApp\vendor\codeigniter4\framework\system\CodeIgniter.php(312): CodeIgniter\CodeIgniter->handleRequest(NULL, Object(Config\Cache), false)
#8 D:\Project\Web\Trading\AbsentApp\public\index.php(45): CodeIgniter\CodeIgniter->run()
#9 D:\Project\Web\Trading\AbsentApp\vendor\codeigniter4\framework\system\Commands\Server\rewrite.php(34): require_once('D:\\Project\\Web\\...')
#10 {main}
CRITICAL - 2020-11-08 08:55:01 --> Undefined variable: data
#0 D:\Project\Web\Trading\AbsentApp\app\Controllers\Absent.php(16): CodeIgniter\Debug\Exceptions->errorHandler(8, 'Undefined varia...', 'D:\\Project\\Web\\...', 16, Array)
#1 D:\Project\Web\Trading\AbsentApp\vendor\codeigniter4\framework\system\CodeIgniter.php(918): App\Controllers\Absent->listabsent()
#2 D:\Project\Web\Trading\AbsentApp\vendor\codeigniter4\framework\system\CodeIgniter.php(404): CodeIgniter\CodeIgniter->runController(Object(App\Controllers\Absent))
#3 D:\Project\Web\Trading\AbsentApp\vendor\codeigniter4\framework\system\CodeIgniter.php(312): CodeIgniter\CodeIgniter->handleRequest(NULL, Object(Config\Cache), false)
#4 D:\Project\Web\Trading\AbsentApp\public\index.php(45): CodeIgniter\CodeIgniter->run()
#5 D:\Project\Web\Trading\AbsentApp\vendor\codeigniter4\framework\system\Commands\Server\rewrite.php(34): require_once('D:\\Project\\Web\\...')
#6 {main}
CRITICAL - 2020-11-08 08:59:17 --> Trying to access array offset on value of type null
#0 D:\Project\Web\Trading\AbsentApp\app\Views\templates\template-dashboard.php(25): CodeIgniter\Debug\Exceptions->errorHandler(8, 'Trying to acces...', 'D:\\Project\\Web\\...', 25, Array)
#1 D:\Project\Web\Trading\AbsentApp\vendor\codeigniter4\framework\system\View\View.php(246): include('D:\\Project\\Web\\...')
#2 D:\Project\Web\Trading\AbsentApp\vendor\codeigniter4\framework\system\View\View.php(257): CodeIgniter\View\View->render('templates/templ...', Array, true)
#3 D:\Project\Web\Trading\AbsentApp\vendor\codeigniter4\framework\system\Common.php(1119): CodeIgniter\View\View->render('page/absent', Array, true)
#4 D:\Project\Web\Trading\AbsentApp\app\Controllers\Absent.php(12): view('page/absent', Array)
#5 D:\Project\Web\Trading\AbsentApp\vendor\codeigniter4\framework\system\CodeIgniter.php(918): App\Controllers\Absent->index()
#6 D:\Project\Web\Trading\AbsentApp\vendor\codeigniter4\framework\system\CodeIgniter.php(404): CodeIgniter\CodeIgniter->runController(Object(App\Controllers\Absent))
#7 D:\Project\Web\Trading\AbsentApp\vendor\codeigniter4\framework\system\CodeIgniter.php(312): CodeIgniter\CodeIgniter->handleRequest(NULL, Object(Config\Cache), false)
#8 D:\Project\Web\Trading\AbsentApp\public\index.php(45): CodeIgniter\CodeIgniter->run()
#9 D:\Project\Web\Trading\AbsentApp\vendor\codeigniter4\framework\system\Commands\Server\rewrite.php(34): require_once('D:\\Project\\Web\\...')
#10 {main}
CRITICAL - 2020-11-08 08:59:19 --> Trying to access array offset on value of type null
#0 D:\Project\Web\Trading\AbsentApp\app\Views\templates\template-dashboard.php(25): CodeIgniter\Debug\Exceptions->errorHandler(8, 'Trying to acces...', 'D:\\Project\\Web\\...', 25, Array)
#1 D:\Project\Web\Trading\AbsentApp\vendor\codeigniter4\framework\system\View\View.php(246): include('D:\\Project\\Web\\...')
#2 D:\Project\Web\Trading\AbsentApp\vendor\codeigniter4\framework\system\View\View.php(257): CodeIgniter\View\View->render('templates/templ...', Array, true)
#3 D:\Project\Web\Trading\AbsentApp\vendor\codeigniter4\framework\system\Common.php(1119): CodeIgniter\View\View->render('page/absent', Array, true)
#4 D:\Project\Web\Trading\AbsentApp\app\Controllers\Absent.php(12): view('page/absent', Array)
#5 D:\Project\Web\Trading\AbsentApp\vendor\codeigniter4\framework\system\CodeIgniter.php(918): App\Controllers\Absent->index()
#6 D:\Project\Web\Trading\AbsentApp\vendor\codeigniter4\framework\system\CodeIgniter.php(404): CodeIgniter\CodeIgniter->runController(Object(App\Controllers\Absent))
#7 D:\Project\Web\Trading\AbsentApp\vendor\codeigniter4\framework\system\CodeIgniter.php(312): CodeIgniter\CodeIgniter->handleRequest(NULL, Object(Config\Cache), false)
#8 D:\Project\Web\Trading\AbsentApp\public\index.php(45): CodeIgniter\CodeIgniter->run()
#9 D:\Project\Web\Trading\AbsentApp\vendor\codeigniter4\framework\system\Commands\Server\rewrite.php(34): require_once('D:\\Project\\Web\\...')
#10 {main}
CRITICAL - 2020-11-08 09:25:22 --> Undefined offset: 0
#0 D:\Project\Web\Trading\AbsentApp\app\Views\templates\template-dashboard.php(100): CodeIgniter\Debug\Exceptions->errorHandler(8, 'Undefined offse...', 'D:\\Project\\Web\\...', 100, Array)
#1 D:\Project\Web\Trading\AbsentApp\vendor\codeigniter4\framework\system\View\View.php(246): include('D:\\Project\\Web\\...')
#2 D:\Project\Web\Trading\AbsentApp\vendor\codeigniter4\framework\system\View\View.php(257): CodeIgniter\View\View->render('templates/templ...', Array, true)
#3 D:\Project\Web\Trading\AbsentApp\vendor\codeigniter4\framework\system\Common.php(1119): CodeIgniter\View\View->render('page/adduser', Array, true)
#4 D:\Project\Web\Trading\AbsentApp\app\Controllers\User.php(24): view('page/adduser', Array)
#5 D:\Project\Web\Trading\AbsentApp\vendor\codeigniter4\framework\system\CodeIgniter.php(918): App\Controllers\User->adduser()
#6 D:\Project\Web\Trading\AbsentApp\vendor\codeigniter4\framework\system\CodeIgniter.php(404): CodeIgniter\CodeIgniter->runController(Object(App\Controllers\User))
#7 D:\Project\Web\Trading\AbsentApp\vendor\codeigniter4\framework\system\CodeIgniter.php(312): CodeIgniter\CodeIgniter->handleRequest(NULL, Object(Config\Cache), false)
#8 D:\Project\Web\Trading\AbsentApp\public\index.php(45): CodeIgniter\CodeIgniter->run()
#9 D:\Project\Web\Trading\AbsentApp\vendor\codeigniter4\framework\system\Commands\Server\rewrite.php(34): require_once('D:\\Project\\Web\\...')
#10 {main}
CRITICAL - 2020-11-08 09:26:38 --> Undefined offset: 0
#0 D:\Project\Web\Trading\AbsentApp\app\Views\templates\template-dashboard.php(100): CodeIgniter\Debug\Exceptions->errorHandler(8, 'Undefined offse...', 'D:\\Project\\Web\\...', 100, Array)
#1 D:\Project\Web\Trading\AbsentApp\vendor\codeigniter4\framework\system\View\View.php(246): include('D:\\Project\\Web\\...')
#2 D:\Project\Web\Trading\AbsentApp\vendor\codeigniter4\framework\system\View\View.php(257): CodeIgniter\View\View->render('templates/templ...', Array, true)
#3 D:\Project\Web\Trading\AbsentApp\vendor\codeigniter4\framework\system\Common.php(1119): CodeIgniter\View\View->render('page/adduser', Array, true)
#4 D:\Project\Web\Trading\AbsentApp\app\Controllers\User.php(24): view('page/adduser', Array)
#5 D:\Project\Web\Trading\AbsentApp\vendor\codeigniter4\framework\system\CodeIgniter.php(918): App\Controllers\User->adduser()
#6 D:\Project\Web\Trading\AbsentApp\vendor\codeigniter4\framework\system\CodeIgniter.php(404): CodeIgniter\CodeIgniter->runController(Object(App\Controllers\User))
#7 D:\Project\Web\Trading\AbsentApp\vendor\codeigniter4\framework\system\CodeIgniter.php(312): CodeIgniter\CodeIgniter->handleRequest(NULL, Object(Config\Cache), false)
#8 D:\Project\Web\Trading\AbsentApp\public\index.php(45): CodeIgniter\CodeIgniter->run()
#9 D:\Project\Web\Trading\AbsentApp\vendor\codeigniter4\framework\system\Commands\Server\rewrite.php(34): require_once('D:\\Project\\Web\\...')
#10 {main}
CRITICAL - 2020-11-08 09:27:51 --> Undefined variable: dUser
#0 D:\Project\Web\Trading\AbsentApp\app\Views\templates\template-dashboard.php(102): CodeIgniter\Debug\Exceptions->errorHandler(8, 'Undefined varia...', 'D:\\Project\\Web\\...', 102, Array)
#1 D:\Project\Web\Trading\AbsentApp\vendor\codeigniter4\framework\system\View\View.php(246): include('D:\\Project\\Web\\...')
#2 D:\Project\Web\Trading\AbsentApp\vendor\codeigniter4\framework\system\View\View.php(257): CodeIgniter\View\View->render('templates/templ...', Array, true)
#3 D:\Project\Web\Trading\AbsentApp\vendor\codeigniter4\framework\system\Common.php(1119): CodeIgniter\View\View->render('page/adduser', Array, true)
#4 D:\Project\Web\Trading\AbsentApp\app\Controllers\User.php(24): view('page/adduser', Array)
#5 D:\Project\Web\Trading\AbsentApp\vendor\codeigniter4\framework\system\CodeIgniter.php(918): App\Controllers\User->adduser()
#6 D:\Project\Web\Trading\AbsentApp\vendor\codeigniter4\framework\system\CodeIgniter.php(404): CodeIgniter\CodeIgniter->runController(Object(App\Controllers\User))
#7 D:\Project\Web\Trading\AbsentApp\vendor\codeigniter4\framework\system\CodeIgniter.php(312): CodeIgniter\CodeIgniter->handleRequest(NULL, Object(Config\Cache), false)
#8 D:\Project\Web\Trading\AbsentApp\public\index.php(45): CodeIgniter\CodeIgniter->run()
#9 D:\Project\Web\Trading\AbsentApp\vendor\codeigniter4\framework\system\Commands\Server\rewrite.php(34): require_once('D:\\Project\\Web\\...')
#10 {main}
CRITICAL - 2020-11-08 23:32:42 --> Class 'App\Filters\All' not found
#0 D:\laragon\www\test1\vendor\codeigniter4\framework\system\CodeIgniter.php(382): CodeIgniter\Filters\Filters->run('user/adduser', 'before')
#1 D:\laragon\www\test1\vendor\codeigniter4\framework\system\CodeIgniter.php(312): CodeIgniter\CodeIgniter->handleRequest(NULL, Object(Config\Cache), false)
#2 D:\laragon\www\test1\public\index.php(45): CodeIgniter\CodeIgniter->run()
#3 {main}
